-------------------------------------------------------------------------------
Test set: TestSuite
-------------------------------------------------------------------------------
Tests run: 4, Failures: 4, Errors: 0, Skipped: 0, Time elapsed: 22.773 s <<< FAILURE! - in TestSuite
runScenario(com.ea.SpringBasic.runner.TestRunner)  Time elapsed: 15.299 s  <<< FAILURE!
io.cucumber.core.exception.CucumberException: 
Could not invoke hook defined at 'com.ea.SpringBasic.steps.Hooks.InitializeTest(io.cucumber.java.Scenario)'.
It appears there was a problem with the hook definition.
Caused by: io.cucumber.core.backend.CucumberBackendException: 
Error creating bean with name 'com.ea.SpringBasic.steps.Hooks': Unsatisfied dependency expressed through field 'webDriver'; nested exception is org.springframework.beans.factory.BeanCreationException: Error creating bean with name 'getChromeDriver' defined in class path resource [com/ea/SpringBasic/libraries/WebDriverLibrary.class]: Bean instantiation via factory method failed; nested exception is org.springframework.beans.BeanInstantiationException: Failed to instantiate [org.openqa.selenium.WebDriver]: Factory method 'getChromeDriver' threw exception; nested exception is org.openqa.selenium.SessionNotCreatedException: session not created: This version of ChromeDriver only supports Chrome version 114
Current browser version is 150.0.7871.125 with binary path C:\Program Files\Google\Chrome\Application\chrome.exe
Build info: version: '3.141.59', revision: 'e82be7d358', time: '2018-11-14T08:17:03'
System info: host: 'ANKITA_LENOVO', ip: '192.168.1.12', os.name: 'Windows 11', os.arch: 'amd64', os.version: '10.0', java.version: '21.0.11'
Driver info: driver.version: ChromeDriver
remote stacktrace: Backtrace:
	GetHandleVerifier [0x00B2A813+48355]
	(No symbol) [0x00ABC4B1]
	(No symbol) [0x009C5358]
	(No symbol) [0x009E61AC]
	(No symbol) [0x009E1EF3]
	(No symbol) [0x009E0579]
	(No symbol) [0x00A10C55]
	(No symbol) [0x00A1093C]
	(No symbol) [0x00A0A536]
	(No symbol) [0x009E82DC]
	(No symbol) [0x009E93DD]
	GetHandleVerifier [0x00D8AABD+2539405]
	GetHandleVerifier [0x00DCA78F+2800735]
	GetHandleVerifier [0x00DC456C+2775612]
	GetHandleVerifier [0x00BB51E0+616112]
	(No symbol) [0x00AC5F8C]
	(No symbol) [0x00AC2328]
	(No symbol) [0x00AC240B]
	(No symbol) [0x00AB4FF7]
	BaseThreadInitThunk [0x76BA5D49+25]
	RtlInitializeExceptionChain [0x77A4E00B+107]
	RtlGetAppContainerNamedObjectPath [0x77A4DF91+561]

Caused by: org.springframework.beans.factory.UnsatisfiedDependencyException: 
Error creating bean with name 'com.ea.SpringBasic.steps.Hooks': Unsatisfied dependency expressed through field 'webDriver'; nested exception is org.springframework.beans.factory.BeanCreationException: Error creating bean with name 'getChromeDriver' defined in class path resource [com/ea/SpringBasic/libraries/WebDriverLibrary.class]: Bean instantiation via factory method failed; nested exception is org.springframework.beans.BeanInstantiationException: Failed to instantiate [org.openqa.selenium.WebDriver]: Factory method 'getChromeDriver' threw exception; nested exception is org.openqa.selenium.SessionNotCreatedException: session not created: This version of ChromeDriver only supports Chrome version 114
Current browser version is 150.0.7871.125 with binary path C:\Program Files\Google\Chrome\Application\chrome.exe
Build info: version: '3.141.59', revision: 'e82be7d358', time: '2018-11-14T08:17:03'
System info: host: 'ANKITA_LENOVO', ip: '192.168.1.12', os.name: 'Windows 11', os.arch: 'amd64', os.version: '10.0', java.version: '21.0.11'
Driver info: driver.version: ChromeDriver
remote stacktrace: Backtrace:
	GetHandleVerifier [0x00B2A813+48355]
	(No symbol) [0x00ABC4B1]
	(No symbol) [0x009C5358]
	(No symbol) [0x009E61AC]
	(No symbol) [0x009E1EF3]
	(No symbol) [0x009E0579]
	(No symbol) [0x00A10C55]
	(No symbol) [0x00A1093C]
	(No symbol) [0x00A0A536]
	(No symbol) [0x009E82DC]
	(No symbol) [0x009E93DD]
	GetHandleVerifier [0x00D8AABD+2539405]
	GetHandleVerifier [0x00DCA78F+2800735]
	GetHandleVerifier [0x00DC456C+2775612]
	GetHandleVerifier [0x00BB51E0+616112]
	(No symbol) [0x00AC5F8C]
	(No symbol) [0x00AC2328]
	(No symbol) [0x00AC240B]
	(No symbol) [0x00AB4FF7]
	BaseThreadInitThunk [0x76BA5D49+25]
	RtlInitializeExceptionChain [0x77A4E00B+107]
	RtlGetAppContainerNamedObjectPath [0x77A4DF91+561]

Caused by: org.springframework.beans.factory.BeanCreationException: 
Error creating bean with name 'getChromeDriver' defined in class path resource [com/ea/SpringBasic/libraries/WebDriverLibrary.class]: Bean instantiation via factory method failed; nested exception is org.springframework.beans.BeanInstantiationException: Failed to instantiate [org.openqa.selenium.WebDriver]: Factory method 'getChromeDriver' threw exception; nested exception is org.openqa.selenium.SessionNotCreatedException: session not created: This version of ChromeDriver only supports Chrome version 114
Current browser version is 150.0.7871.125 with binary path C:\Program Files\Google\Chrome\Application\chrome.exe
Build info: version: '3.141.59', revision: 'e82be7d358', time: '2018-11-14T08:17:03'
System info: host: 'ANKITA_LENOVO', ip: '192.168.1.12', os.name: 'Windows 11', os.arch: 'amd64', os.version: '10.0', java.version: '21.0.11'
Driver info: driver.version: ChromeDriver
remote stacktrace: Backtrace:
	GetHandleVerifier [0x00B2A813+48355]
	(No symbol) [0x00ABC4B1]
	(No symbol) [0x009C5358]
	(No symbol) [0x009E61AC]
	(No symbol) [0x009E1EF3]
	(No symbol) [0x009E0579]
	(No symbol) [0x00A10C55]
	(No symbol) [0x00A1093C]
	(No symbol) [0x00A0A536]
	(No symbol) [0x009E82DC]
	(No symbol) [0x009E93DD]
	GetHandleVerifier [0x00D8AABD+2539405]
	GetHandleVerifier [0x00DCA78F+2800735]
	GetHandleVerifier [0x00DC456C+2775612]
	GetHandleVerifier [0x00BB51E0+616112]
	(No symbol) [0x00AC5F8C]
	(No symbol) [0x00AC2328]
	(No symbol) [0x00AC240B]
	(No symbol) [0x00AB4FF7]
	BaseThreadInitThunk [0x76BA5D49+25]
	RtlInitializeExceptionChain [0x77A4E00B+107]
	RtlGetAppContainerNamedObjectPath [0x77A4DF91+561]

Caused by: org.springframework.beans.BeanInstantiationException: 
Failed to instantiate [org.openqa.selenium.WebDriver]: Factory method 'getChromeDriver' threw exception; nested exception is org.openqa.selenium.SessionNotCreatedException: session not created: This version of ChromeDriver only supports Chrome version 114
Current browser version is 150.0.7871.125 with binary path C:\Program Files\Google\Chrome\Application\chrome.exe
Build info: version: '3.141.59', revision: 'e82be7d358', time: '2018-11-14T08:17:03'
System info: host: 'ANKITA_LENOVO', ip: '192.168.1.12', os.name: 'Windows 11', os.arch: 'amd64', os.version: '10.0', java.version: '21.0.11'
Driver info: driver.version: ChromeDriver
remote stacktrace: Backtrace:
	GetHandleVerifier [0x00B2A813+48355]
	(No symbol) [0x00ABC4B1]
	(No symbol) [0x009C5358]
	(No symbol) [0x009E61AC]
	(No symbol) [0x009E1EF3]
	(No symbol) [0x009E0579]
	(No symbol) [0x00A10C55]
	(No symbol) [0x00A1093C]
	(No symbol) [0x00A0A536]
	(No symbol) [0x009E82DC]
	(No symbol) [0x009E93DD]
	GetHandleVerifier [0x00D8AABD+2539405]
	GetHandleVerifier [0x00DCA78F+2800735]
	GetHandleVerifier [0x00DC456C+2775612]
	GetHandleVerifier [0x00BB51E0+616112]
	(No symbol) [0x00AC5F8C]
	(No symbol) [0x00AC2328]
	(No symbol) [0x00AC240B]
	(No symbol) [0x00AB4FF7]
	BaseThreadInitThunk [0x76BA5D49+25]
	RtlInitializeExceptionChain [0x77A4E00B+107]
	RtlGetAppContainerNamedObjectPath [0x77A4DF91+561]

Caused by: org.openqa.selenium.SessionNotCreatedException: 
session not created: This version of ChromeDriver only supports Chrome version 114
Current browser version is 150.0.7871.125 with binary path C:\Program Files\Google\Chrome\Application\chrome.exe
Build info: version: '3.141.59', revision: 'e82be7d358', time: '2018-11-14T08:17:03'
System info: host: 'ANKITA_LENOVO', ip: '192.168.1.12', os.name: 'Windows 11', os.arch: 'amd64', os.version: '10.0', java.version: '21.0.11'
Driver info: driver.version: ChromeDriver
remote stacktrace: Backtrace:
	GetHandleVerifier [0x00B2A813+48355]
	(No symbol) [0x00ABC4B1]
	(No symbol) [0x009C5358]
	(No symbol) [0x009E61AC]
	(No symbol) [0x009E1EF3]
	(No symbol) [0x009E0579]
	(No symbol) [0x00A10C55]
	(No symbol) [0x00A1093C]
	(No symbol) [0x00A0A536]
	(No symbol) [0x009E82DC]
	(No symbol) [0x009E93DD]
	GetHandleVerifier [0x00D8AABD+2539405]
	GetHandleVerifier [0x00DCA78F+2800735]
	GetHandleVerifier [0x00DC456C+2775612]
	GetHandleVerifier [0x00BB51E0+616112]
	(No symbol) [0x00AC5F8C]
	(No symbol) [0x00AC2328]
	(No symbol) [0x00AC240B]
	(No symbol) [0x00AB4FF7]
	BaseThreadInitThunk [0x76BA5D49+25]
	RtlInitializeExceptionChain [0x77A4E00B+107]
	RtlGetAppContainerNamedObjectPath [0x77A4DF91+561]


runScenario(com.ea.SpringBasic.runner.TestRunner)  Time elapsed: 17.414 s  <<< FAILURE!
io.cucumber.core.exception.CucumberException: 
Could not invoke hook defined at 'com.ea.SpringBasic.steps.Hooks.InitializeTest(io.cucumber.java.Scenario)'.
It appears there was a problem with the hook definition.
Caused by: io.cucumber.core.backend.CucumberBackendException: 
Error creating bean with name 'com.ea.SpringBasic.steps.Hooks': Unsatisfied dependency expressed through field 'webDriver'; nested exception is org.springframework.beans.factory.BeanCreationException: Error creating bean with name 'getChromeDriver' defined in class path resource [com/ea/SpringBasic/libraries/WebDriverLibrary.class]: Bean instantiation via factory method failed; nested exception is org.springframework.beans.BeanInstantiationException: Failed to instantiate [org.openqa.selenium.WebDriver]: Factory method 'getChromeDriver' threw exception; nested exception is org.openqa.selenium.SessionNotCreatedException: session not created: This version of ChromeDriver only supports Chrome version 114
Current browser version is 150.0.7871.125 with binary path C:\Program Files\Google\Chrome\Application\chrome.exe
Build info: version: '3.141.59', revision: 'e82be7d358', time: '2018-11-14T08:17:03'
System info: host: 'ANKITA_LENOVO', ip: '192.168.1.12', os.name: 'Windows 11', os.arch: 'amd64', os.version: '10.0', java.version: '21.0.11'
Driver info: driver.version: ChromeDriver
remote stacktrace: Backtrace:
	GetHandleVerifier [0x00B2A813+48355]
	(No symbol) [0x00ABC4B1]
	(No symbol) [0x009C5358]
	(No symbol) [0x009E61AC]
	(No symbol) [0x009E1EF3]
	(No symbol) [0x009E0579]
	(No symbol) [0x00A10C55]
	(No symbol) [0x00A1093C]
	(No symbol) [0x00A0A536]
	(No symbol) [0x009E82DC]
	(No symbol) [0x009E93DD]
	GetHandleVerifier [0x00D8AABD+2539405]
	GetHandleVerifier [0x00DCA78F+2800735]
	GetHandleVerifier [0x00DC456C+2775612]
	GetHandleVerifier [0x00BB51E0+616112]
	(No symbol) [0x00AC5F8C]
	(No symbol) [0x00AC2328]
	(No symbol) [0x00AC240B]
	(No symbol) [0x00AB4FF7]
	BaseThreadInitThunk [0x76BA5D49+25]
	RtlInitializeExceptionChain [0x77A4E00B+107]
	RtlGetAppContainerNamedObjectPath [0x77A4DF91+561]

Caused by: org.springframework.beans.factory.UnsatisfiedDependencyException: 
Error creating bean with name 'com.ea.SpringBasic.steps.Hooks': Unsatisfied dependency expressed through field 'webDriver'; nested exception is org.springframework.beans.factory.BeanCreationException: Error creating bean with name 'getChromeDriver' defined in class path resource [com/ea/SpringBasic/libraries/WebDriverLibrary.class]: Bean instantiation via factory method failed; nested exception is org.springframework.beans.BeanInstantiationException: Failed to instantiate [org.openqa.selenium.WebDriver]: Factory method 'getChromeDriver' threw exception; nested exception is org.openqa.selenium.SessionNotCreatedException: session not created: This version of ChromeDriver only supports Chrome version 114
Current browser version is 150.0.7871.125 with binary path C:\Program Files\Google\Chrome\Application\chrome.exe
Build info: version: '3.141.59', revision: 'e82be7d358', time: '2018-11-14T08:17:03'
System info: host: 'ANKITA_LENOVO', ip: '192.168.1.12', os.name: 'Windows 11', os.arch: 'amd64', os.version: '10.0', java.version: '21.0.11'
Driver info: driver.version: ChromeDriver
remote stacktrace: Backtrace:
	GetHandleVerifier [0x00B2A813+48355]
	(No symbol) [0x00ABC4B1]
	(No symbol) [0x009C5358]
	(No symbol) [0x009E61AC]
	(No symbol) [0x009E1EF3]
	(No symbol) [0x009E0579]
	(No symbol) [0x00A10C55]
	(No symbol) [0x00A1093C]
	(No symbol) [0x00A0A536]
	(No symbol) [0x009E82DC]
	(No symbol) [0x009E93DD]
	GetHandleVerifier [0x00D8AABD+2539405]
	GetHandleVerifier [0x00DCA78F+2800735]
	GetHandleVerifier [0x00DC456C+2775612]
	GetHandleVerifier [0x00BB51E0+616112]
	(No symbol) [0x00AC5F8C]
	(No symbol) [0x00AC2328]
	(No symbol) [0x00AC240B]
	(No symbol) [0x00AB4FF7]
	BaseThreadInitThunk [0x76BA5D49+25]
	RtlInitializeExceptionChain [0x77A4E00B+107]
	RtlGetAppContainerNamedObjectPath [0x77A4DF91+561]

Caused by: org.springframework.beans.factory.BeanCreationException: 
Error creating bean with name 'getChromeDriver' defined in class path resource [com/ea/SpringBasic/libraries/WebDriverLibrary.class]: Bean instantiation via factory method failed; nested exception is org.springframework.beans.BeanInstantiationException: Failed to instantiate [org.openqa.selenium.WebDriver]: Factory method 'getChromeDriver' threw exception; nested exception is org.openqa.selenium.SessionNotCreatedException: session not created: This version of ChromeDriver only supports Chrome version 114
Current browser version is 150.0.7871.125 with binary path C:\Program Files\Google\Chrome\Application\chrome.exe
Build info: version: '3.141.59', revision: 'e82be7d358', time: '2018-11-14T08:17:03'
System info: host: 'ANKITA_LENOVO', ip: '192.168.1.12', os.name: 'Windows 11', os.arch: 'amd64', os.version: '10.0', java.version: '21.0.11'
Driver info: driver.version: ChromeDriver
remote stacktrace: Backtrace:
	GetHandleVerifier [0x00B2A813+48355]
	(No symbol) [0x00ABC4B1]
	(No symbol) [0x009C5358]
	(No symbol) [0x009E61AC]
	(No symbol) [0x009E1EF3]
	(No symbol) [0x009E0579]
	(No symbol) [0x00A10C55]
	(No symbol) [0x00A1093C]
	(No symbol) [0x00A0A536]
	(No symbol) [0x009E82DC]
	(No symbol) [0x009E93DD]
	GetHandleVerifier [0x00D8AABD+2539405]
	GetHandleVerifier [0x00DCA78F+2800735]
	GetHandleVerifier [0x00DC456C+2775612]
	GetHandleVerifier [0x00BB51E0+616112]
	(No symbol) [0x00AC5F8C]
	(No symbol) [0x00AC2328]
	(No symbol) [0x00AC240B]
	(No symbol) [0x00AB4FF7]
	BaseThreadInitThunk [0x76BA5D49+25]
	RtlInitializeExceptionChain [0x77A4E00B+107]
	RtlGetAppContainerNamedObjectPath [0x77A4DF91+561]

Caused by: org.springframework.beans.BeanInstantiationException: 
Failed to instantiate [org.openqa.selenium.WebDriver]: Factory method 'getChromeDriver' threw exception; nested exception is org.openqa.selenium.SessionNotCreatedException: session not created: This version of ChromeDriver only supports Chrome version 114
Current browser version is 150.0.7871.125 with binary path C:\Program Files\Google\Chrome\Application\chrome.exe
Build info: version: '3.141.59', revision: 'e82be7d358', time: '2018-11-14T08:17:03'
System info: host: 'ANKITA_LENOVO', ip: '192.168.1.12', os.name: 'Windows 11', os.arch: 'amd64', os.version: '10.0', java.version: '21.0.11'
Driver info: driver.version: ChromeDriver
remote stacktrace: Backtrace:
	GetHandleVerifier [0x00B2A813+48355]
	(No symbol) [0x00ABC4B1]
	(No symbol) [0x009C5358]
	(No symbol) [0x009E61AC]
	(No symbol) [0x009E1EF3]
	(No symbol) [0x009E0579]
	(No symbol) [0x00A10C55]
	(No symbol) [0x00A1093C]
	(No symbol) [0x00A0A536]
	(No symbol) [0x009E82DC]
	(No symbol) [0x009E93DD]
	GetHandleVerifier [0x00D8AABD+2539405]
	GetHandleVerifier [0x00DCA78F+2800735]
	GetHandleVerifier [0x00DC456C+2775612]
	GetHandleVerifier [0x00BB51E0+616112]
	(No symbol) [0x00AC5F8C]
	(No symbol) [0x00AC2328]
	(No symbol) [0x00AC240B]
	(No symbol) [0x00AB4FF7]
	BaseThreadInitThunk [0x76BA5D49+25]
	RtlInitializeExceptionChain [0x77A4E00B+107]
	RtlGetAppContainerNamedObjectPath [0x77A4DF91+561]

Caused by: org.openqa.selenium.SessionNotCreatedException: 
session not created: This version of ChromeDriver only supports Chrome version 114
Current browser version is 150.0.7871.125 with binary path C:\Program Files\Google\Chrome\Application\chrome.exe
Build info: version: '3.141.59', revision: 'e82be7d358', time: '2018-11-14T08:17:03'
System info: host: 'ANKITA_LENOVO', ip: '192.168.1.12', os.name: 'Windows 11', os.arch: 'amd64', os.version: '10.0', java.version: '21.0.11'
Driver info: driver.version: ChromeDriver
remote stacktrace: Backtrace:
	GetHandleVerifier [0x00B2A813+48355]
	(No symbol) [0x00ABC4B1]
	(No symbol) [0x009C5358]
	(No symbol) [0x009E61AC]
	(No symbol) [0x009E1EF3]
	(No symbol) [0x009E0579]
	(No symbol) [0x00A10C55]
	(No symbol) [0x00A1093C]
	(No symbol) [0x00A0A536]
	(No symbol) [0x009E82DC]
	(No symbol) [0x009E93DD]
	GetHandleVerifier [0x00D8AABD+2539405]
	GetHandleVerifier [0x00DCA78F+2800735]
	GetHandleVerifier [0x00DC456C+2775612]
	GetHandleVerifier [0x00BB51E0+616112]
	(No symbol) [0x00AC5F8C]
	(No symbol) [0x00AC2328]
	(No symbol) [0x00AC240B]
	(No symbol) [0x00AB4FF7]
	BaseThreadInitThunk [0x76BA5D49+25]
	RtlInitializeExceptionChain [0x77A4E00B+107]
	RtlGetAppContainerNamedObjectPath [0x77A4DF91+561]


runScenario(com.ea.SpringBasic.runner.TestRunner)  Time elapsed: 19.055 s  <<< FAILURE!
io.cucumber.core.exception.CucumberException: 
Could not invoke hook defined at 'com.ea.SpringBasic.steps.Hooks.InitializeTest(io.cucumber.java.Scenario)'.
It appears there was a problem with the hook definition.
Caused by: io.cucumber.core.backend.CucumberBackendException: 
Error creating bean with name 'com.ea.SpringBasic.steps.Hooks': Unsatisfied dependency expressed through field 'webDriver'; nested exception is org.springframework.beans.factory.BeanCreationException: Error creating bean with name 'getChromeDriver' defined in class path resource [com/ea/SpringBasic/libraries/WebDriverLibrary.class]: Bean instantiation via factory method failed; nested exception is org.springframework.beans.BeanInstantiationException: Failed to instantiate [org.openqa.selenium.WebDriver]: Factory method 'getChromeDriver' threw exception; nested exception is org.openqa.selenium.SessionNotCreatedException: session not created: This version of ChromeDriver only supports Chrome version 114
Current browser version is 150.0.7871.125 with binary path C:\Program Files\Google\Chrome\Application\chrome.exe
Build info: version: '3.141.59', revision: 'e82be7d358', time: '2018-11-14T08:17:03'
System info: host: 'ANKITA_LENOVO', ip: '192.168.1.12', os.name: 'Windows 11', os.arch: 'amd64', os.version: '10.0', java.version: '21.0.11'
Driver info: driver.version: ChromeDriver
remote stacktrace: Backtrace:
	GetHandleVerifier [0x00B2A813+48355]
	(No symbol) [0x00ABC4B1]
	(No symbol) [0x009C5358]
	(No symbol) [0x009E61AC]
	(No symbol) [0x009E1EF3]
	(No symbol) [0x009E0579]
	(No symbol) [0x00A10C55]
	(No symbol) [0x00A1093C]
	(No symbol) [0x00A0A536]
	(No symbol) [0x009E82DC]
	(No symbol) [0x009E93DD]
	GetHandleVerifier [0x00D8AABD+2539405]
	GetHandleVerifier [0x00DCA78F+2800735]
	GetHandleVerifier [0x00DC456C+2775612]
	GetHandleVerifier [0x00BB51E0+616112]
	(No symbol) [0x00AC5F8C]
	(No symbol) [0x00AC2328]
	(No symbol) [0x00AC240B]
	(No symbol) [0x00AB4FF7]
	BaseThreadInitThunk [0x76BA5D49+25]
	RtlInitializeExceptionChain [0x77A4E00B+107]
	RtlGetAppContainerNamedObjectPath [0x77A4DF91+561]

Caused by: org.springframework.beans.factory.UnsatisfiedDependencyException: 
Error creating bean with name 'com.ea.SpringBasic.steps.Hooks': Unsatisfied dependency expressed through field 'webDriver'; nested exception is org.springframework.beans.factory.BeanCreationException: Error creating bean with name 'getChromeDriver' defined in class path resource [com/ea/SpringBasic/libraries/WebDriverLibrary.class]: Bean instantiation via factory method failed; nested exception is org.springframework.beans.BeanInstantiationException: Failed to instantiate [org.openqa.selenium.WebDriver]: Factory method 'getChromeDriver' threw exception; nested exception is org.openqa.selenium.SessionNotCreatedException: session not created: This version of ChromeDriver only supports Chrome version 114
Current browser version is 150.0.7871.125 with binary path C:\Program Files\Google\Chrome\Application\chrome.exe
Build info: version: '3.141.59', revision: 'e82be7d358', time: '2018-11-14T08:17:03'
System info: host: 'ANKITA_LENOVO', ip: '192.168.1.12', os.name: 'Windows 11', os.arch: 'amd64', os.version: '10.0', java.version: '21.0.11'
Driver info: driver.version: ChromeDriver
remote stacktrace: Backtrace:
	GetHandleVerifier [0x00B2A813+48355]
	(No symbol) [0x00ABC4B1]
	(No symbol) [0x009C5358]
	(No symbol) [0x009E61AC]
	(No symbol) [0x009E1EF3]
	(No symbol) [0x009E0579]
	(No symbol) [0x00A10C55]
	(No symbol) [0x00A1093C]
	(No symbol) [0x00A0A536]
	(No symbol) [0x009E82DC]
	(No symbol) [0x009E93DD]
	GetHandleVerifier [0x00D8AABD+2539405]
	GetHandleVerifier [0x00DCA78F+2800735]
	GetHandleVerifier [0x00DC456C+2775612]
	GetHandleVerifier [0x00BB51E0+616112]
	(No symbol) [0x00AC5F8C]
	(No symbol) [0x00AC2328]
	(No symbol) [0x00AC240B]
	(No symbol) [0x00AB4FF7]
	BaseThreadInitThunk [0x76BA5D49+25]
	RtlInitializeExceptionChain [0x77A4E00B+107]
	RtlGetAppContainerNamedObjectPath [0x77A4DF91+561]

Caused by: org.springframework.beans.factory.BeanCreationException: 
Error creating bean with name 'getChromeDriver' defined in class path resource [com/ea/SpringBasic/libraries/WebDriverLibrary.class]: Bean instantiation via factory method failed; nested exception is org.springframework.beans.BeanInstantiationException: Failed to instantiate [org.openqa.selenium.WebDriver]: Factory method 'getChromeDriver' threw exception; nested exception is org.openqa.selenium.SessionNotCreatedException: session not created: This version of ChromeDriver only supports Chrome version 114
Current browser version is 150.0.7871.125 with binary path C:\Program Files\Google\Chrome\Application\chrome.exe
Build info: version: '3.141.59', revision: 'e82be7d358', time: '2018-11-14T08:17:03'
System info: host: 'ANKITA_LENOVO', ip: '192.168.1.12', os.name: 'Windows 11', os.arch: 'amd64', os.version: '10.0', java.version: '21.0.11'
Driver info: driver.version: ChromeDriver
remote stacktrace: Backtrace:
	GetHandleVerifier [0x00B2A813+48355]
	(No symbol) [0x00ABC4B1]
	(No symbol) [0x009C5358]
	(No symbol) [0x009E61AC]
	(No symbol) [0x009E1EF3]
	(No symbol) [0x009E0579]
	(No symbol) [0x00A10C55]
	(No symbol) [0x00A1093C]
	(No symbol) [0x00A0A536]
	(No symbol) [0x009E82DC]
	(No symbol) [0x009E93DD]
	GetHandleVerifier [0x00D8AABD+2539405]
	GetHandleVerifier [0x00DCA78F+2800735]
	GetHandleVerifier [0x00DC456C+2775612]
	GetHandleVerifier [0x00BB51E0+616112]
	(No symbol) [0x00AC5F8C]
	(No symbol) [0x00AC2328]
	(No symbol) [0x00AC240B]
	(No symbol) [0x00AB4FF7]
	BaseThreadInitThunk [0x76BA5D49+25]
	RtlInitializeExceptionChain [0x77A4E00B+107]
	RtlGetAppContainerNamedObjectPath [0x77A4DF91+561]

Caused by: org.springframework.beans.BeanInstantiationException: 
Failed to instantiate [org.openqa.selenium.WebDriver]: Factory method 'getChromeDriver' threw exception; nested exception is org.openqa.selenium.SessionNotCreatedException: session not created: This version of ChromeDriver only supports Chrome version 114
Current browser version is 150.0.7871.125 with binary path C:\Program Files\Google\Chrome\Application\chrome.exe
Build info: version: '3.141.59', revision: 'e82be7d358', time: '2018-11-14T08:17:03'
System info: host: 'ANKITA_LENOVO', ip: '192.168.1.12', os.name: 'Windows 11', os.arch: 'amd64', os.version: '10.0', java.version: '21.0.11'
Driver info: driver.version: ChromeDriver
remote stacktrace: Backtrace:
	GetHandleVerifier [0x00B2A813+48355]
	(No symbol) [0x00ABC4B1]
	(No symbol) [0x009C5358]
	(No symbol) [0x009E61AC]
	(No symbol) [0x009E1EF3]
	(No symbol) [0x009E0579]
	(No symbol) [0x00A10C55]
	(No symbol) [0x00A1093C]
	(No symbol) [0x00A0A536]
	(No symbol) [0x009E82DC]
	(No symbol) [0x009E93DD]
	GetHandleVerifier [0x00D8AABD+2539405]
	GetHandleVerifier [0x00DCA78F+2800735]
	GetHandleVerifier [0x00DC456C+2775612]
	GetHandleVerifier [0x00BB51E0+616112]
	(No symbol) [0x00AC5F8C]
	(No symbol) [0x00AC2328]
	(No symbol) [0x00AC240B]
	(No symbol) [0x00AB4FF7]
	BaseThreadInitThunk [0x76BA5D49+25]
	RtlInitializeExceptionChain [0x77A4E00B+107]
	RtlGetAppContainerNamedObjectPath [0x77A4DF91+561]

Caused by: org.openqa.selenium.SessionNotCreatedException: 
session not created: This version of ChromeDriver only supports Chrome version 114
Current browser version is 150.0.7871.125 with binary path C:\Program Files\Google\Chrome\Application\chrome.exe
Build info: version: '3.141.59', revision: 'e82be7d358', time: '2018-11-14T08:17:03'
System info: host: 'ANKITA_LENOVO', ip: '192.168.1.12', os.name: 'Windows 11', os.arch: 'amd64', os.version: '10.0', java.version: '21.0.11'
Driver info: driver.version: ChromeDriver
remote stacktrace: Backtrace:
	GetHandleVerifier [0x00B2A813+48355]
	(No symbol) [0x00ABC4B1]
	(No symbol) [0x009C5358]
	(No symbol) [0x009E61AC]
	(No symbol) [0x009E1EF3]
	(No symbol) [0x009E0579]
	(No symbol) [0x00A10C55]
	(No symbol) [0x00A1093C]
	(No symbol) [0x00A0A536]
	(No symbol) [0x009E82DC]
	(No symbol) [0x009E93DD]
	GetHandleVerifier [0x00D8AABD+2539405]
	GetHandleVerifier [0x00DCA78F+2800735]
	GetHandleVerifier [0x00DC456C+2775612]
	GetHandleVerifier [0x00BB51E0+616112]
	(No symbol) [0x00AC5F8C]
	(No symbol) [0x00AC2328]
	(No symbol) [0x00AC240B]
	(No symbol) [0x00AB4FF7]
	BaseThreadInitThunk [0x76BA5D49+25]
	RtlInitializeExceptionChain [0x77A4E00B+107]
	RtlGetAppContainerNamedObjectPath [0x77A4DF91+561]


runScenario(com.ea.SpringBasic.runner.TestRunner)  Time elapsed: 22.002 s  <<< FAILURE!
io.cucumber.core.exception.CucumberException: 
Could not invoke hook defined at 'com.ea.SpringBasic.steps.Hooks.InitializeTest(io.cucumber.java.Scenario)'.
It appears there was a problem with the hook definition.
Caused by: io.cucumber.core.backend.CucumberBackendException: 
Error creating bean with name 'com.ea.SpringBasic.steps.Hooks': Unsatisfied dependency expressed through field 'webDriver'; nested exception is org.springframework.beans.factory.BeanCreationException: Error creating bean with name 'getChromeDriver' defined in class path resource [com/ea/SpringBasic/libraries/WebDriverLibrary.class]: Bean instantiation via factory method failed; nested exception is org.springframework.beans.BeanInstantiationException: Failed to instantiate [org.openqa.selenium.WebDriver]: Factory method 'getChromeDriver' threw exception; nested exception is org.openqa.selenium.SessionNotCreatedException: session not created: This version of ChromeDriver only supports Chrome version 114
Current browser version is 150.0.7871.125 with binary path C:\Program Files\Google\Chrome\Application\chrome.exe
Build info: version: '3.141.59', revision: 'e82be7d358', time: '2018-11-14T08:17:03'
System info: host: 'ANKITA_LENOVO', ip: '192.168.1.12', os.name: 'Windows 11', os.arch: 'amd64', os.version: '10.0', java.version: '21.0.11'
Driver info: driver.version: ChromeDriver
remote stacktrace: Backtrace:
	GetHandleVerifier [0x00B2A813+48355]
	(No symbol) [0x00ABC4B1]
	(No symbol) [0x009C5358]
	(No symbol) [0x009E61AC]
	(No symbol) [0x009E1EF3]
	(No symbol) [0x009E0579]
	(No symbol) [0x00A10C55]
	(No symbol) [0x00A1093C]
	(No symbol) [0x00A0A536]
	(No symbol) [0x009E82DC]
	(No symbol) [0x009E93DD]
	GetHandleVerifier [0x00D8AABD+2539405]
	GetHandleVerifier [0x00DCA78F+2800735]
	GetHandleVerifier [0x00DC456C+2775612]
	GetHandleVerifier [0x00BB51E0+616112]
	(No symbol) [0x00AC5F8C]
	(No symbol) [0x00AC2328]
	(No symbol) [0x00AC240B]
	(No symbol) [0x00AB4FF7]
	BaseThreadInitThunk [0x76BA5D49+25]
	RtlInitializeExceptionChain [0x77A4E00B+107]
	RtlGetAppContainerNamedObjectPath [0x77A4DF91+561]

Caused by: org.springframework.beans.factory.UnsatisfiedDependencyException: 
Error creating bean with name 'com.ea.SpringBasic.steps.Hooks': Unsatisfied dependency expressed through field 'webDriver'; nested exception is org.springframework.beans.factory.BeanCreationException: Error creating bean with name 'getChromeDriver' defined in class path resource [com/ea/SpringBasic/libraries/WebDriverLibrary.class]: Bean instantiation via factory method failed; nested exception is org.springframework.beans.BeanInstantiationException: Failed to instantiate [org.openqa.selenium.WebDriver]: Factory method 'getChromeDriver' threw exception; nested exception is org.openqa.selenium.SessionNotCreatedException: session not created: This version of ChromeDriver only supports Chrome version 114
Current browser version is 150.0.7871.125 with binary path C:\Program Files\Google\Chrome\Application\chrome.exe
Build info: version: '3.141.59', revision: 'e82be7d358', time: '2018-11-14T08:17:03'
System info: host: 'ANKITA_LENOVO', ip: '192.168.1.12', os.name: 'Windows 11', os.arch: 'amd64', os.version: '10.0', java.version: '21.0.11'
Driver info: driver.version: ChromeDriver
remote stacktrace: Backtrace:
	GetHandleVerifier [0x00B2A813+48355]
	(No symbol) [0x00ABC4B1]
	(No symbol) [0x009C5358]
	(No symbol) [0x009E61AC]
	(No symbol) [0x009E1EF3]
	(No symbol) [0x009E0579]
	(No symbol) [0x00A10C55]
	(No symbol) [0x00A1093C]
	(No symbol) [0x00A0A536]
	(No symbol) [0x009E82DC]
	(No symbol) [0x009E93DD]
	GetHandleVerifier [0x00D8AABD+2539405]
	GetHandleVerifier [0x00DCA78F+2800735]
	GetHandleVerifier [0x00DC456C+2775612]
	GetHandleVerifier [0x00BB51E0+616112]
	(No symbol) [0x00AC5F8C]
	(No symbol) [0x00AC2328]
	(No symbol) [0x00AC240B]
	(No symbol) [0x00AB4FF7]
	BaseThreadInitThunk [0x76BA5D49+25]
	RtlInitializeExceptionChain [0x77A4E00B+107]
	RtlGetAppContainerNamedObjectPath [0x77A4DF91+561]

Caused by: org.springframework.beans.factory.BeanCreationException: 
Error creating bean with name 'getChromeDriver' defined in class path resource [com/ea/SpringBasic/libraries/WebDriverLibrary.class]: Bean instantiation via factory method failed; nested exception is org.springframework.beans.BeanInstantiationException: Failed to instantiate [org.openqa.selenium.WebDriver]: Factory method 'getChromeDriver' threw exception; nested exception is org.openqa.selenium.SessionNotCreatedException: session not created: This version of ChromeDriver only supports Chrome version 114
Current browser version is 150.0.7871.125 with binary path C:\Program Files\Google\Chrome\Application\chrome.exe
Build info: version: '3.141.59', revision: 'e82be7d358', time: '2018-11-14T08:17:03'
System info: host: 'ANKITA_LENOVO', ip: '192.168.1.12', os.name: 'Windows 11', os.arch: 'amd64', os.version: '10.0', java.version: '21.0.11'
Driver info: driver.version: ChromeDriver
remote stacktrace: Backtrace:
	GetHandleVerifier [0x00B2A813+48355]
	(No symbol) [0x00ABC4B1]
	(No symbol) [0x009C5358]
	(No symbol) [0x009E61AC]
	(No symbol) [0x009E1EF3]
	(No symbol) [0x009E0579]
	(No symbol) [0x00A10C55]
	(No symbol) [0x00A1093C]
	(No symbol) [0x00A0A536]
	(No symbol) [0x009E82DC]
	(No symbol) [0x009E93DD]
	GetHandleVerifier [0x00D8AABD+2539405]
	GetHandleVerifier [0x00DCA78F+2800735]
	GetHandleVerifier [0x00DC456C+2775612]
	GetHandleVerifier [0x00BB51E0+616112]
	(No symbol) [0x00AC5F8C]
	(No symbol) [0x00AC2328]
	(No symbol) [0x00AC240B]
	(No symbol) [0x00AB4FF7]
	BaseThreadInitThunk [0x76BA5D49+25]
	RtlInitializeExceptionChain [0x77A4E00B+107]
	RtlGetAppContainerNamedObjectPath [0x77A4DF91+561]

Caused by: org.springframework.beans.BeanInstantiationException: 
Failed to instantiate [org.openqa.selenium.WebDriver]: Factory method 'getChromeDriver' threw exception; nested exception is org.openqa.selenium.SessionNotCreatedException: session not created: This version of ChromeDriver only supports Chrome version 114
Current browser version is 150.0.7871.125 with binary path C:\Program Files\Google\Chrome\Application\chrome.exe
Build info: version: '3.141.59', revision: 'e82be7d358', time: '2018-11-14T08:17:03'
System info: host: 'ANKITA_LENOVO', ip: '192.168.1.12', os.name: 'Windows 11', os.arch: 'amd64', os.version: '10.0', java.version: '21.0.11'
Driver info: driver.version: ChromeDriver
remote stacktrace: Backtrace:
	GetHandleVerifier [0x00B2A813+48355]
	(No symbol) [0x00ABC4B1]
	(No symbol) [0x009C5358]
	(No symbol) [0x009E61AC]
	(No symbol) [0x009E1EF3]
	(No symbol) [0x009E0579]
	(No symbol) [0x00A10C55]
	(No symbol) [0x00A1093C]
	(No symbol) [0x00A0A536]
	(No symbol) [0x009E82DC]
	(No symbol) [0x009E93DD]
	GetHandleVerifier [0x00D8AABD+2539405]
	GetHandleVerifier [0x00DCA78F+2800735]
	GetHandleVerifier [0x00DC456C+2775612]
	GetHandleVerifier [0x00BB51E0+616112]
	(No symbol) [0x00AC5F8C]
	(No symbol) [0x00AC2328]
	(No symbol) [0x00AC240B]
	(No symbol) [0x00AB4FF7]
	BaseThreadInitThunk [0x76BA5D49+25]
	RtlInitializeExceptionChain [0x77A4E00B+107]
	RtlGetAppContainerNamedObjectPath [0x77A4DF91+561]

Caused by: org.openqa.selenium.SessionNotCreatedException: 
session not created: This version of ChromeDriver only supports Chrome version 114
Current browser version is 150.0.7871.125 with binary path C:\Program Files\Google\Chrome\Application\chrome.exe
Build info: version: '3.141.59', revision: 'e82be7d358', time: '2018-11-14T08:17:03'
System info: host: 'ANKITA_LENOVO', ip: '192.168.1.12', os.name: 'Windows 11', os.arch: 'amd64', os.version: '10.0', java.version: '21.0.11'
Driver info: driver.version: ChromeDriver
remote stacktrace: Backtrace:
	GetHandleVerifier [0x00B2A813+48355]
	(No symbol) [0x00ABC4B1]
	(No symbol) [0x009C5358]
	(No symbol) [0x009E61AC]
	(No symbol) [0x009E1EF3]
	(No symbol) [0x009E0579]
	(No symbol) [0x00A10C55]
	(No symbol) [0x00A1093C]
	(No symbol) [0x00A0A536]
	(No symbol) [0x009E82DC]
	(No symbol) [0x009E93DD]
	GetHandleVerifier [0x00D8AABD+2539405]
	GetHandleVerifier [0x00DCA78F+2800735]
	GetHandleVerifier [0x00DC456C+2775612]
	GetHandleVerifier [0x00BB51E0+616112]
	(No symbol) [0x00AC5F8C]
	(No symbol) [0x00AC2328]
	(No symbol) [0x00AC240B]
	(No symbol) [0x00AB4FF7]
	BaseThreadInitThunk [0x76BA5D49+25]
	RtlInitializeExceptionChain [0x77A4E00B+107]
	RtlGetAppContainerNamedObjectPath [0x77A4DF91+561]


