<?xml version="1.0" encoding="UTF-8"?>
<testsuite xmlns:xsi="http://www.w3.org/2001/XMLSchema-instance" xsi:noNamespaceSchemaLocation="https://maven.apache.org/surefire/maven-surefire-plugin/xsd/surefire-test-report.xsd" name="TestSuite" time="22.773" tests="4" errors="0" skipped="0" failures="4">
  <properties>
[...]
</properties>
  <testcase name="runScenario" classname="com.ea.SpringBasic.runner.TestRunner" time="15.299">
    <failure message="Could not invoke hook defined at &apos;com.ea.SpringBasic.steps.Hooks.InitializeTest(io.cucumber.java.Scenario)&apos;.&#10;It appears there was a problem with the hook definition." type="io.cucumber.core.exception.CucumberException">io.cucumber.core.exception.CucumberException: 
Could not invoke hook defined at 'com.ea.SpringBasic.steps.Hooks.InitializeTest(io.cucumber.java.Scenario)'.
It appears there was a problem with the hook definition.
Caused by: io.cucumber.core.backend.CucumberBackendException: 
Error creating bean with name 'com.ea.SpringBasic.steps.Hooks': Unsatisfied dependency expressed through field 'webDriver'; nested exception is org.springframework.beans.factory.BeanCreationException: Error creating bean with name 'getChromeDriver' defined in class path resource [com/ea/SpringBasic/libraries/WebDriverLibrary.class]: Bean instantiation via factory method failed; nested exception is org.springframework.beans.BeanInstantiationException: Failed to instantiate [org.openqa.selenium.WebDriver]: Factory method 'getChromeDriver' threw exception; nested exception is org.openqa.selenium.SessionNotCreatedException: session not created: This version of ChromeDriver only supports Chrome version 114
Current browser version is 150.0.7871.125 with binary path C:\Program Files\Google\Chrome\Application\chrome.exe
Build info: version: '3.141.59', revision: 'e82be7d358', time: '2018-11-14T08:17:03'
System info: host: 'ANKITA_LENOVO', ip: '192.168.1.12', os.name: 'Windows 11', os.arch: 'amd64', os.version: '10.0', java.version: '21.0.11'
Driver info: driver.version: ChromeDriver
remote stacktrace: Backtrace:
	GetHandleVerifier [0x00B2A813+48355]
	(No symbol) [0x00ABC4B1]
	(No symbol) [0x009C5358]
	(No symbol) [0x009E61AC]
	(No symbol) [0x009E1EF3]
	(No symbol) [0x009E0579]
	(No symbol) [0x00A10C55]
	(No symbol) [0x00A1093C]
	(No symbol) [0x00A0A536]
	(No symbol) [0x009E82DC]
	(No symbol) [0x009E93DD]
	GetHandleVerifier [0x00D8AABD+2539405]
	GetHandleVerifier [0x00DCA78F+2800735]
	GetHandleVerifier [0x00DC456C+2775612]
	GetHandleVerifier [0x00BB51E0+616112]
	(No symbol) [0x00AC5F8C]
	(No symbol) [0x00AC2328]
	(No symbol) [0x00AC240B]
	(No symbol) [0x00AB4FF7]
	BaseThreadInitThunk [0x76BA5D49+25]
	RtlInitializeExceptionChain [0x77A4E00B+107]
	RtlGetAppContainerNamedObjectPath [0x77A4DF91+561]

Caused by: org.springframework.beans.factory.UnsatisfiedDependencyException: 
Error creating bean with name 'com.ea.SpringBasic.steps.Hooks': Unsatisfied dependency expressed through field 'webDriver'; nested exception is org.springframework.beans.factory.BeanCreationException: Error creating bean with name 'getChromeDriver' defined in class path resource [com/ea/SpringBasic/libraries/WebDriverLibrary.class]: Bean instantiation via factory method failed; nested exception is org.springframework.beans.BeanInstantiationException: Failed to instantiate [org.openqa.selenium.WebDriver]: Factory method 'getChromeDriver' threw exception; nested exception is org.openqa.selenium.SessionNotCreatedException: session not created: This version of ChromeDriver only supports Chrome version 114
Current browser version is 150.0.7871.125 with binary path C:\Program Files\Google\Chrome\Application\chrome.exe
Build info: version: '3.141.59', revision: 'e82be7d358', time: '2018-11-14T08:17:03'
System info: host: 'ANKITA_LENOVO', ip: '192.168.1.12', os.name: 'Windows 11', os.arch: 'amd64', os.version: '10.0', java.version: '21.0.11'
Driver info: driver.version: ChromeDriver
remote stacktrace: Backtrace:
	GetHandleVerifier [0x00B2A813+48355]
	(No symbol) [0x00ABC4B1]
	(No symbol) [0x009C5358]
	(No symbol) [0x009E61AC]
	(No symbol) [0x009E1EF3]
	(No symbol) [0x009E0579]
	(No symbol) [0x00A10C55]
	(No symbol) [0x00A1093C]
	(No symbol) [0x00A0A536]
	(No symbol) [0x009E82DC]
	(No symbol) [0x009E93DD]
	GetHandleVerifier [0x00D8AABD+2539405]
	GetHandleVerifier [0x00DCA78F+2800735]
	GetHandleVerifier [0x00DC456C+2775612]
	GetHandleVerifier [0x00BB51E0+616112]
	(No symbol) [0x00AC5F8C]
	(No symbol) [0x00AC2328]
	(No symbol) [0x00AC240B]
	(No symbol) [0x00AB4FF7]
	BaseThreadInitThunk [0x76BA5D49+25]
	RtlInitializeExceptionChain [0x77A4E00B+107]
	RtlGetAppContainerNamedObjectPath [0x77A4DF91+561]

Caused by: org.springframework.beans.factory.BeanCreationException: 
Error creating bean with name 'getChromeDriver' defined in class path resource [com/ea/SpringBasic/libraries/WebDriverLibrary.class]: Bean instantiation via factory method failed; nested exception is org.springframework.beans.BeanInstantiationException: Failed to instantiate [org.openqa.selenium.WebDriver]: Factory method 'getChromeDriver' threw exception; nested exception is org.openqa.selenium.SessionNotCreatedException: session not created: This version of ChromeDriver only supports Chrome version 114
Current browser version is 150.0.7871.125 with binary path C:\Program Files\Google\Chrome\Application\chrome.exe
Build info: version: '3.141.59', revision: 'e82be7d358', time: '2018-11-14T08:17:03'
System info: host: 'ANKITA_LENOVO', ip: '192.168.1.12', os.name: 'Windows 11', os.arch: 'amd64', os.version: '10.0', java.version: '21.0.11'
Driver info: driver.version: ChromeDriver
remote stacktrace: Backtrace:
	GetHandleVerifier [0x00B2A813+48355]
	(No symbol) [0x00ABC4B1]
	(No symbol) [0x009C5358]
	(No symbol) [0x009E61AC]
	(No symbol) [0x009E1EF3]
	(No symbol) [0x009E0579]
	(No symbol) [0x00A10C55]
	(No symbol) [0x00A1093C]
	(No symbol) [0x00A0A536]
	(No symbol) [0x009E82DC]
	(No symbol) [0x009E93DD]
	GetHandleVerifier [0x00D8AABD+2539405]
	GetHandleVerifier [0x00DCA78F+2800735]
	GetHandleVerifier [0x00DC456C+2775612]
	GetHandleVerifier [0x00BB51E0+616112]
	(No symbol) [0x00AC5F8C]
	(No symbol) [0x00AC2328]
	(No symbol) [0x00AC240B]
	(No symbol) [0x00AB4FF7]
	BaseThreadInitThunk [0x76BA5D49+25]
	RtlInitializeExceptionChain [0x77A4E00B+107]
	RtlGetAppContainerNamedObjectPath [0x77A4DF91+561]

Caused by: org.springframework.beans.BeanInstantiationException: 
Failed to instantiate [org.openqa.selenium.WebDriver]: Factory method 'getChromeDriver' threw exception; nested exception is org.openqa.selenium.SessionNotCreatedException: session not created: This version of ChromeDriver only supports Chrome version 114
Current browser version is 150.0.7871.125 with binary path C:\Program Files\Google\Chrome\Application\chrome.exe
Build info: version: '3.141.59', revision: 'e82be7d358', time: '2018-11-14T08:17:03'
System info: host: 'ANKITA_LENOVO', ip: '192.168.1.12', os.name: 'Windows 11', os.arch: 'amd64', os.version: '10.0', java.version: '21.0.11'
Driver info: driver.version: ChromeDriver
remote stacktrace: Backtrace:
	GetHandleVerifier [0x00B2A813+48355]
	(No symbol) [0x00ABC4B1]
	(No symbol) [0x009C5358]
	(No symbol) [0x009E61AC]
	(No symbol) [0x009E1EF3]
	(No symbol) [0x009E0579]
	(No symbol) [0x00A10C55]
	(No symbol) [0x00A1093C]
	(No symbol) [0x00A0A536]
	(No symbol) [0x009E82DC]
	(No symbol) [0x009E93DD]
	GetHandleVerifier [0x00D8AABD+2539405]
	GetHandleVerifier [0x00DCA78F+2800735]
	GetHandleVerifier [0x00DC456C+2775612]
	GetHandleVerifier [0x00BB51E0+616112]
	(No symbol) [0x00AC5F8C]
	(No symbol) [0x00AC2328]
	(No symbol) [0x00AC240B]
	(No symbol) [0x00AB4FF7]
	BaseThreadInitThunk [0x76BA5D49+25]
	RtlInitializeExceptionChain [0x77A4E00B+107]
	RtlGetAppContainerNamedObjectPath [0x77A4DF91+561]

Caused by: org.openqa.selenium.SessionNotCreatedException: 
session not created: This version of ChromeDriver only supports Chrome version 114
Current browser version is 150.0.7871.125 with binary path C:\Program Files\Google\Chrome\Application\chrome.exe
Build info: version: '3.141.59', revision: 'e82be7d358', time: '2018-11-14T08:17:03'
System info: host: 'ANKITA_LENOVO', ip: '192.168.1.12', os.name: 'Windows 11', os.arch: 'amd64', os.version: '10.0', java.version: '21.0.11'
Driver info: driver.version: ChromeDriver
remote stacktrace: Backtrace:
	GetHandleVerifier [0x00B2A813+48355]
	(No symbol) [0x00ABC4B1]
	(No symbol) [0x009C5358]
	(No symbol) [0x009E61AC]
	(No symbol) [0x009E1EF3]
	(No symbol) [0x009E0579]
	(No symbol) [0x00A10C55]
	(No symbol) [0x00A1093C]
	(No symbol) [0x00A0A536]
	(No symbol) [0x009E82DC]
	(No symbol) [0x009E93DD]
	GetHandleVerifier [0x00D8AABD+2539405]
	GetHandleVerifier [0x00DCA78F+2800735]
	GetHandleVerifier [0x00DC456C+2775612]
	GetHandleVerifier [0x00BB51E0+616112]
	(No symbol) [0x00AC5F8C]
	(No symbol) [0x00AC2328]
	(No symbol) [0x00AC240B]
	(No symbol) [0x00AB4FF7]
	BaseThreadInitThunk [0x76BA5D49+25]
	RtlInitializeExceptionChain [0x77A4E00B+107]
	RtlGetAppContainerNamedObjectPath [0x77A4DF91+561]

</failure>
    <system-out><![CDATA[...
... TestNG 7.4.0 by Cédric Beust (cedric@beust.com)
...

23:49:06.030 [TestNG-PoolService-3] DEBUG org.springframework.test.context.BootstrapUtils - Instantiating CacheAwareContextLoaderDelegate from class [org.springframework.test.context.cache.DefaultCacheAwareContextLoaderDelegate]
23:49:06.030 [TestNG-PoolService-0] DEBUG org.springframework.test.context.BootstrapUtils - Instantiating CacheAwareContextLoaderDelegate from class [org.springframework.test.context.cache.DefaultCacheAwareContextLoaderDelegate]
23:49:06.030 [TestNG-PoolService-1] DEBUG org.springframework.test.context.BootstrapUtils - Instantiating CacheAwareContextLoaderDelegate from class [org.springframework.test.context.cache.DefaultCacheAwareContextLoaderDelegate]
23:49:06.030 [TestNG-PoolService-2] DEBUG org.springframework.test.context.BootstrapUtils - Instantiating CacheAwareContextLoaderDelegate from class [org.springframework.test.context.cache.DefaultCacheAwareContextLoaderDelegate]
23:49:06.042 [TestNG-PoolService-0] DEBUG org.springframework.test.context.BootstrapUtils - Instantiating BootstrapContext using constructor [public org.springframework.test.context.support.DefaultBootstrapContext(java.lang.Class,org.springframework.test.context.CacheAwareContextLoaderDelegate)]
23:49:06.042 [TestNG-PoolService-2] DEBUG org.springframework.test.context.BootstrapUtils - Instantiating BootstrapContext using constructor [public org.springframework.test.context.support.DefaultBootstrapContext(java.lang.Class,org.springframework.test.context.CacheAwareContextLoaderDelegate)]
23:49:06.042 [TestNG-PoolService-3] DEBUG org.springframework.test.context.BootstrapUtils - Instantiating BootstrapContext using constructor [public org.springframework.test.context.support.DefaultBootstrapContext(java.lang.Class,org.springframework.test.context.CacheAwareContextLoaderDelegate)]
23:49:06.042 [TestNG-PoolService-1] DEBUG org.springframework.test.context.BootstrapUtils - Instantiating BootstrapContext using constructor [public org.springframework.test.context.support.DefaultBootstrapContext(java.lang.Class,org.springframework.test.context.CacheAwareContextLoaderDelegate)]
23:49:06.074 [TestNG-PoolService-0] DEBUG org.springframework.test.context.BootstrapUtils - Instantiating TestContextBootstrapper for test class [com.ea.SpringBasic.steps.CucumberTestContextConfig] from class [org.springframework.boot.test.context.SpringBootTestContextBootstrapper]
23:49:06.074 [TestNG-PoolService-3] DEBUG org.springframework.test.context.BootstrapUtils - Instantiating TestContextBootstrapper for test class [com.ea.SpringBasic.steps.CucumberTestContextConfig] from class [org.springframework.boot.test.context.SpringBootTestContextBootstrapper]
23:49:06.074 [TestNG-PoolService-2] DEBUG org.springframework.test.context.BootstrapUtils - Instantiating TestContextBootstrapper for test class [com.ea.SpringBasic.steps.CucumberTestContextConfig] from class [org.springframework.boot.test.context.SpringBootTestContextBootstrapper]
23:49:06.074 [TestNG-PoolService-1] DEBUG org.springframework.test.context.BootstrapUtils - Instantiating TestContextBootstrapper for test class [com.ea.SpringBasic.steps.CucumberTestContextConfig] from class [org.springframework.boot.test.context.SpringBootTestContextBootstrapper]
23:49:06.082 [TestNG-PoolService-1] INFO org.springframework.boot.test.context.SpringBootTestContextBootstrapper - Neither @ContextConfiguration nor @ContextHierarchy found for test class [com.ea.SpringBasic.steps.CucumberTestContextConfig], using SpringBootContextLoader
23:49:06.082 [TestNG-PoolService-2] INFO org.springframework.boot.test.context.SpringBootTestContextBootstrapper - Neither @ContextConfiguration nor @ContextHierarchy found for test class [com.ea.SpringBasic.steps.CucumberTestContextConfig], using SpringBootContextLoader
23:49:06.082 [TestNG-PoolService-0] INFO org.springframework.boot.test.context.SpringBootTestContextBootstrapper - Neither @ContextConfiguration nor @ContextHierarchy found for test class [com.ea.SpringBasic.steps.CucumberTestContextConfig], using SpringBootContextLoader
23:49:06.082 [TestNG-PoolService-3] INFO org.springframework.boot.test.context.SpringBootTestContextBootstrapper - Neither @ContextConfiguration nor @ContextHierarchy found for test class [com.ea.SpringBasic.steps.CucumberTestContextConfig], using SpringBootContextLoader
23:49:06.086 [TestNG-PoolService-0] DEBUG org.springframework.test.context.support.AbstractContextLoader - Did not detect default resource location for test class [com.ea.SpringBasic.steps.CucumberTestContextConfig]: class path resource [com/ea/SpringBasic/steps/CucumberTestContextConfig-context.xml] does not exist
23:49:06.087 [TestNG-PoolService-3] DEBUG org.springframework.test.context.support.AbstractContextLoader - Did not detect default resource location for test class [com.ea.SpringBasic.steps.CucumberTestContextConfig]: class path resource [com/ea/SpringBasic/steps/CucumberTestContextConfig-context.xml] does not exist
23:49:06.087 [TestNG-PoolService-0] DEBUG org.springframework.test.context.support.AbstractContextLoader - Did not detect default resource location for test class [com.ea.SpringBasic.steps.CucumberTestContextConfig]: class path resource [com/ea/SpringBasic/steps/CucumberTestContextConfigContext.groovy] does not exist
23:49:06.087 [TestNG-PoolService-2] DEBUG org.springframework.test.context.support.AbstractContextLoader - Did not detect default resource location for test class [com.ea.SpringBasic.steps.CucumberTestContextConfig]: class path resource [com/ea/SpringBasic/steps/CucumberTestContextConfig-context.xml] does not exist
23:49:06.087 [TestNG-PoolService-3] DEBUG org.springframework.test.context.support.AbstractContextLoader - Did not detect default resource location for test class [com.ea.SpringBasic.steps.CucumberTestContextConfig]: class path resource [com/ea/SpringBasic/steps/CucumberTestContextConfigContext.groovy] does not exist
23:49:06.089 [TestNG-PoolService-3] INFO org.springframework.test.context.support.AbstractContextLoader - Could not detect default resource locations for test class [com.ea.SpringBasic.steps.CucumberTestContextConfig]: no resource found for suffixes {-context.xml, Context.groovy}.
23:49:06.087 [TestNG-PoolService-2] DEBUG org.springframework.test.context.support.AbstractContextLoader - Did not detect default resource location for test class [com.ea.SpringBasic.steps.CucumberTestContextConfig]: class path resource [com/ea/SpringBasic/steps/CucumberTestContextConfigContext.groovy] does not exist
23:49:06.091 [TestNG-PoolService-2] INFO org.springframework.test.context.support.AbstractContextLoader - Could not detect default resource locations for test class [com.ea.SpringBasic.steps.CucumberTestContextConfig]: no resource found for suffixes {-context.xml, Context.groovy}.
23:49:06.091 [TestNG-PoolService-3] INFO org.springframework.test.context.support.AnnotationConfigContextLoaderUtils - Could not detect default configuration classes for test class [com.ea.SpringBasic.steps.CucumberTestContextConfig]: CucumberTestContextConfig does not declare any static, non-private, non-final, nested classes annotated with @Configuration.
23:49:06.091 [TestNG-PoolService-2] INFO org.springframework.test.context.support.AnnotationConfigContextLoaderUtils - Could not detect default configuration classes for test class [com.ea.SpringBasic.steps.CucumberTestContextConfig]: CucumberTestContextConfig does not declare any static, non-private, non-final, nested classes annotated with @Configuration.
23:49:06.088 [TestNG-PoolService-0] INFO org.springframework.test.context.support.AbstractContextLoader - Could not detect default resource locations for test class [com.ea.SpringBasic.steps.CucumberTestContextConfig]: no resource found for suffixes {-context.xml, Context.groovy}.
23:49:06.093 [TestNG-PoolService-0] INFO org.springframework.test.context.support.AnnotationConfigContextLoaderUtils - Could not detect default configuration classes for test class [com.ea.SpringBasic.steps.CucumberTestContextConfig]: CucumberTestContextConfig does not declare any static, non-private, non-final, nested classes annotated with @Configuration.
23:49:06.087 [TestNG-PoolService-1] DEBUG org.springframework.test.context.support.AbstractContextLoader - Did not detect default resource location for test class [com.ea.SpringBasic.steps.CucumberTestContextConfig]: class path resource [com/ea/SpringBasic/steps/CucumberTestContextConfig-context.xml] does not exist
23:49:06.095 [TestNG-PoolService-1] DEBUG org.springframework.test.context.support.AbstractContextLoader - Did not detect default resource location for test class [com.ea.SpringBasic.steps.CucumberTestContextConfig]: class path resource [com/ea/SpringBasic/steps/CucumberTestContextConfigContext.groovy] does not exist
23:49:06.095 [TestNG-PoolService-1] INFO org.springframework.test.context.support.AbstractContextLoader - Could not detect default resource locations for test class [com.ea.SpringBasic.steps.CucumberTestContextConfig]: no resource found for suffixes {-context.xml, Context.groovy}.
23:49:06.095 [TestNG-PoolService-1] INFO org.springframework.test.context.support.AnnotationConfigContextLoaderUtils - Could not detect default configuration classes for test class [com.ea.SpringBasic.steps.CucumberTestContextConfig]: CucumberTestContextConfig does not declare any static, non-private, non-final, nested classes annotated with @Configuration.
23:49:06.171 [TestNG-PoolService-1] DEBUG org.springframework.test.context.support.ActiveProfilesUtils - Could not find an 'annotation declaring class' for annotation type [org.springframework.test.context.ActiveProfiles] and class [com.ea.SpringBasic.steps.CucumberTestContextConfig]
23:49:06.172 [TestNG-PoolService-0] DEBUG org.springframework.test.context.support.ActiveProfilesUtils - Could not find an 'annotation declaring class' for annotation type [org.springframework.test.context.ActiveProfiles] and class [com.ea.SpringBasic.steps.CucumberTestContextConfig]
23:49:06.172 [TestNG-PoolService-3] DEBUG org.springframework.test.context.support.ActiveProfilesUtils - Could not find an 'annotation declaring class' for annotation type [org.springframework.test.context.ActiveProfiles] and class [com.ea.SpringBasic.steps.CucumberTestContextConfig]
23:49:06.174 [TestNG-PoolService-2] DEBUG org.springframework.test.context.support.ActiveProfilesUtils - Could not find an 'annotation declaring class' for annotation type [org.springframework.test.context.ActiveProfiles] and class [com.ea.SpringBasic.steps.CucumberTestContextConfig]
23:49:06.276 [TestNG-PoolService-0] DEBUG org.springframework.context.annotation.ClassPathScanningCandidateComponentProvider - Identified candidate component class: file [C:\Users\ankit\Downloads\SpringBoot\SpringBoot\target\classes\com\ea\SpringBasic\SpringBasicApplication.class]
23:49:06.276 [TestNG-PoolService-2] DEBUG org.springframework.context.annotation.ClassPathScanningCandidateComponentProvider - Identified candidate component class: file [C:\Users\ankit\Downloads\SpringBoot\SpringBoot\target\classes\com\ea\SpringBasic\SpringBasicApplication.class]
23:49:06.276 [TestNG-PoolService-3] DEBUG org.springframework.context.annotation.ClassPathScanningCandidateComponentProvider - Identified candidate component class: file [C:\Users\ankit\Downloads\SpringBoot\SpringBoot\target\classes\com\ea\SpringBasic\SpringBasicApplication.class]
23:49:06.276 [TestNG-PoolService-1] DEBUG org.springframework.context.annotation.ClassPathScanningCandidateComponentProvider - Identified candidate component class: file [C:\Users\ankit\Downloads\SpringBoot\SpringBoot\target\classes\com\ea\SpringBasic\SpringBasicApplication.class]
23:49:06.277 [TestNG-PoolService-0] INFO org.springframework.boot.test.context.SpringBootTestContextBootstrapper - Found @SpringBootConfiguration com.ea.SpringBasic.SpringBasicApplication for test class com.ea.SpringBasic.steps.CucumberTestContextConfig
23:49:06.278 [TestNG-PoolService-3] INFO org.springframework.boot.test.context.SpringBootTestContextBootstrapper - Found @SpringBootConfiguration com.ea.SpringBasic.SpringBasicApplication for test class com.ea.SpringBasic.steps.CucumberTestContextConfig
23:49:06.278 [TestNG-PoolService-2] INFO org.springframework.boot.test.context.SpringBootTestContextBootstrapper - Found @SpringBootConfiguration com.ea.SpringBasic.SpringBasicApplication for test class com.ea.SpringBasic.steps.CucumberTestContextConfig
23:49:06.278 [TestNG-PoolService-1] INFO org.springframework.boot.test.context.SpringBootTestContextBootstrapper - Found @SpringBootConfiguration com.ea.SpringBasic.SpringBasicApplication for test class com.ea.SpringBasic.steps.CucumberTestContextConfig
23:49:06.346 [TestNG-PoolService-1] DEBUG org.springframework.boot.test.context.SpringBootTestContextBootstrapper - @TestExecutionListeners is not present for class [com.ea.SpringBasic.steps.CucumberTestContextConfig]: using defaults.
23:49:06.346 [TestNG-PoolService-1] INFO org.springframework.boot.test.context.SpringBootTestContextBootstrapper - Loaded default TestExecutionListener class names from location [META-INF/spring.factories]: [org.springframework.boot.test.mock.mockito.MockitoTestExecutionListener, org.springframework.boot.test.mock.mockito.ResetMocksTestExecutionListener, org.springframework.boot.test.autoconfigure.restdocs.RestDocsTestExecutionListener, org.springframework.boot.test.autoconfigure.web.client.MockRestServiceServerResetTestExecutionListener, org.springframework.boot.test.autoconfigure.web.servlet.MockMvcPrintOnlyOnFailureTestExecutionListener, org.springframework.boot.test.autoconfigure.web.servlet.WebDriverTestExecutionListener, org.springframework.boot.test.autoconfigure.webservices.client.MockWebServiceServerTestExecutionListener, org.springframework.test.context.web.ServletTestExecutionListener, org.springframework.test.context.support.DirtiesContextBeforeModesTestExecutionListener, org.springframework.test.context.event.ApplicationEventsTestExecutionListener, org.springframework.test.context.support.DependencyInjectionTestExecutionListener, org.springframework.test.context.support.DirtiesContextTestExecutionListener, org.springframework.test.context.transaction.TransactionalTestExecutionListener, org.springframework.test.context.jdbc.SqlScriptsTestExecutionListener, org.springframework.test.context.event.EventPublishingTestExecutionListener]
23:49:06.348 [TestNG-PoolService-2] DEBUG org.springframework.boot.test.context.SpringBootTestContextBootstrapper - @TestExecutionListeners is not present for class [com.ea.SpringBasic.steps.CucumberTestContextConfig]: using defaults.
23:49:06.349 [TestNG-PoolService-2] INFO org.springframework.boot.test.context.SpringBootTestContextBootstrapper - Loaded default TestExecutionListener class names from location [META-INF/spring.factories]: [org.springframework.boot.test.mock.mockito.MockitoTestExecutionListener, org.springframework.boot.test.mock.mockito.ResetMocksTestExecutionListener, org.springframework.boot.test.autoconfigure.restdocs.RestDocsTestExecutionListener, org.springframework.boot.test.autoconfigure.web.client.MockRestServiceServerResetTestExecutionListener, org.springframework.boot.test.autoconfigure.web.servlet.MockMvcPrintOnlyOnFailureTestExecutionListener, org.springframework.boot.test.autoconfigure.web.servlet.WebDriverTestExecutionListener, org.springframework.boot.test.autoconfigure.webservices.client.MockWebServiceServerTestExecutionListener, org.springframework.test.context.web.ServletTestExecutionListener, org.springframework.test.context.support.DirtiesContextBeforeModesTestExecutionListener, org.springframework.test.context.event.ApplicationEventsTestExecutionListener, org.springframework.test.context.support.DependencyInjectionTestExecutionListener, org.springframework.test.context.support.DirtiesContextTestExecutionListener, org.springframework.test.context.transaction.TransactionalTestExecutionListener, org.springframework.test.context.jdbc.SqlScriptsTestExecutionListener, org.springframework.test.context.event.EventPublishingTestExecutionListener]
23:49:06.350 [TestNG-PoolService-0] DEBUG org.springframework.boot.test.context.SpringBootTestContextBootstrapper - @TestExecutionListeners is not present for class [com.ea.SpringBasic.steps.CucumberTestContextConfig]: using defaults.
23:49:06.350 [TestNG-PoolService-3] DEBUG org.springframework.boot.test.context.SpringBootTestContextBootstrapper - @TestExecutionListeners is not present for class [com.ea.SpringBasic.steps.CucumberTestContextConfig]: using defaults.
23:49:06.351 [TestNG-PoolService-0] INFO org.springframework.boot.test.context.SpringBootTestContextBootstrapper - Loaded default TestExecutionListener class names from location [META-INF/spring.factories]: [org.springframework.boot.test.mock.mockito.MockitoTestExecutionListener, org.springframework.boot.test.mock.mockito.ResetMocksTestExecutionListener, org.springframework.boot.test.autoconfigure.restdocs.RestDocsTestExecutionListener, org.springframework.boot.test.autoconfigure.web.client.MockRestServiceServerResetTestExecutionListener, org.springframework.boot.test.autoconfigure.web.servlet.MockMvcPrintOnlyOnFailureTestExecutionListener, org.springframework.boot.test.autoconfigure.web.servlet.WebDriverTestExecutionListener, org.springframework.boot.test.autoconfigure.webservices.client.MockWebServiceServerTestExecutionListener, org.springframework.test.context.web.ServletTestExecutionListener, org.springframework.test.context.support.DirtiesContextBeforeModesTestExecutionListener, org.springframework.test.context.event.ApplicationEventsTestExecutionListener, org.springframework.test.context.support.DependencyInjectionTestExecutionListener, org.springframework.test.context.support.DirtiesContextTestExecutionListener, org.springframework.test.context.transaction.TransactionalTestExecutionListener, org.springframework.test.context.jdbc.SqlScriptsTestExecutionListener, org.springframework.test.context.event.EventPublishingTestExecutionListener]
23:49:06.351 [TestNG-PoolService-3] INFO org.springframework.boot.test.context.SpringBootTestContextBootstrapper - Loaded default TestExecutionListener class names from location [META-INF/spring.factories]: [org.springframework.boot.test.mock.mockito.MockitoTestExecutionListener, org.springframework.boot.test.mock.mockito.ResetMocksTestExecutionListener, org.springframework.boot.test.autoconfigure.restdocs.RestDocsTestExecutionListener, org.springframework.boot.test.autoconfigure.web.client.MockRestServiceServerResetTestExecutionListener, org.springframework.boot.test.autoconfigure.web.servlet.MockMvcPrintOnlyOnFailureTestExecutionListener, org.springframework.boot.test.autoconfigure.web.servlet.WebDriverTestExecutionListener, org.springframework.boot.test.autoconfigure.webservices.client.MockWebServiceServerTestExecutionListener, org.springframework.test.context.web.ServletTestExecutionListener, org.springframework.test.context.support.DirtiesContextBeforeModesTestExecutionListener, org.springframework.test.context.event.ApplicationEventsTestExecutionListener, org.springframework.test.context.support.DependencyInjectionTestExecutionListener, org.springframework.test.context.support.DirtiesContextTestExecutionListener, org.springframework.test.context.transaction.TransactionalTestExecutionListener, org.springframework.test.context.jdbc.SqlScriptsTestExecutionListener, org.springframework.test.context.event.EventPublishingTestExecutionListener]
23:49:06.366 [TestNG-PoolService-1] DEBUG org.springframework.boot.test.context.SpringBootTestContextBootstrapper - Skipping candidate TestExecutionListener [org.springframework.test.context.web.ServletTestExecutionListener] due to a missing dependency. Specify custom listener classes or make the default listener classes and their required dependencies available. Offending class: [javax/servlet/ServletContext]
23:49:06.366 [TestNG-PoolService-2] DEBUG org.springframework.boot.test.context.SpringBootTestContextBootstrapper - Skipping candidate TestExecutionListener [org.springframework.test.context.web.ServletTestExecutionListener] due to a missing dependency. Specify custom listener classes or make the default listener classes and their required dependencies available. Offending class: [javax/servlet/ServletContext]
23:49:06.366 [TestNG-PoolService-3] DEBUG org.springframework.boot.test.context.SpringBootTestContextBootstrapper - Skipping candidate TestExecutionListener [org.springframework.test.context.web.ServletTestExecutionListener] due to a missing dependency. Specify custom listener classes or make the default listener classes and their required dependencies available. Offending class: [javax/servlet/ServletContext]
23:49:06.366 [TestNG-PoolService-0] DEBUG org.springframework.boot.test.context.SpringBootTestContextBootstrapper - Skipping candidate TestExecutionListener [org.springframework.test.context.web.ServletTestExecutionListener] due to a missing dependency. Specify custom listener classes or make the default listener classes and their required dependencies available. Offending class: [javax/servlet/ServletContext]
23:49:06.372 [TestNG-PoolService-2] DEBUG org.springframework.boot.test.context.SpringBootTestContextBootstrapper - Skipping candidate TestExecutionListener [org.springframework.test.context.transaction.TransactionalTestExecutionListener] due to a missing dependency. Specify custom listener classes or make the default listener classes and their required dependencies available. Offending class: [org/springframework/transaction/interceptor/TransactionAttributeSource]
23:49:06.372 [TestNG-PoolService-2] DEBUG org.springframework.boot.test.context.SpringBootTestContextBootstrapper - Skipping candidate TestExecutionListener [org.springframework.test.context.jdbc.SqlScriptsTestExecutionListener] due to a missing dependency. Specify custom listener classes or make the default listener classes and their required dependencies available. Offending class: [org/springframework/transaction/interceptor/TransactionAttribute]
23:49:06.373 [TestNG-PoolService-1] DEBUG org.springframework.boot.test.context.SpringBootTestContextBootstrapper - Skipping candidate TestExecutionListener [org.springframework.test.context.transaction.TransactionalTestExecutionListener] due to a missing dependency. Specify custom listener classes or make the default listener classes and their required dependencies available. Offending class: [org/springframework/transaction/interceptor/TransactionAttributeSource]
23:49:06.373 [TestNG-PoolService-0] DEBUG org.springframework.boot.test.context.SpringBootTestContextBootstrapper - Skipping candidate TestExecutionListener [org.springframework.test.context.transaction.TransactionalTestExecutionListener] due to a missing dependency. Specify custom listener classes or make the default listener classes and their required dependencies available. Offending class: [org/springframework/transaction/interceptor/TransactionAttributeSource]
23:49:06.373 [TestNG-PoolService-1] DEBUG org.springframework.boot.test.context.SpringBootTestContextBootstrapper - Skipping candidate TestExecutionListener [org.springframework.test.context.jdbc.SqlScriptsTestExecutionListener] due to a missing dependency. Specify custom listener classes or make the default listener classes and their required dependencies available. Offending class: [org/springframework/transaction/interceptor/TransactionAttribute]
23:49:06.373 [TestNG-PoolService-3] DEBUG org.springframework.boot.test.context.SpringBootTestContextBootstrapper - Skipping candidate TestExecutionListener [org.springframework.test.context.transaction.TransactionalTestExecutionListener] due to a missing dependency. Specify custom listener classes or make the default listener classes and their required dependencies available. Offending class: [org/springframework/transaction/interceptor/TransactionAttributeSource]
23:49:06.374 [TestNG-PoolService-2] INFO org.springframework.boot.test.context.SpringBootTestContextBootstrapper - Using TestExecutionListeners: [org.springframework.test.context.support.DirtiesContextBeforeModesTestExecutionListener@5d83079b, org.springframework.test.context.event.ApplicationEventsTestExecutionListener@3ccab33f, org.springframework.boot.test.mock.mockito.MockitoTestExecutionListener@1ff2520d, org.springframework.boot.test.autoconfigure.SpringBootDependencyInjectionTestExecutionListener@606bff11, org.springframework.test.context.support.DirtiesContextTestExecutionListener@25119358, org.springframework.test.context.event.EventPublishingTestExecutionListener@4cab9f8e, org.springframework.boot.test.mock.mockito.ResetMocksTestExecutionListener@41c4ce2c, org.springframework.boot.test.autoconfigure.restdocs.RestDocsTestExecutionListener@7e682272, org.springframework.boot.test.autoconfigure.web.client.MockRestServiceServerResetTestExecutionListener@57caf5b4, org.springframework.boot.test.autoconfigure.web.servlet.MockMvcPrintOnlyOnFailureTestExecutionListener@478d472c, org.springframework.boot.test.autoconfigure.web.servlet.WebDriverTestExecutionListener@205f545f, org.springframework.boot.test.autoconfigure.webservices.client.MockWebServiceServerTestExecutionListener@1f1b9994]
23:49:06.374 [TestNG-PoolService-1] INFO org.springframework.boot.test.context.SpringBootTestContextBootstrapper - Using TestExecutionListeners: [org.springframework.test.context.support.DirtiesContextBeforeModesTestExecutionListener@79cc2bd8, org.springframework.test.context.event.ApplicationEventsTestExecutionListener@7f37e6a6, org.springframework.boot.test.mock.mockito.MockitoTestExecutionListener@3561736a, org.springframework.boot.test.autoconfigure.SpringBootDependencyInjectionTestExecutionListener@5f027d2b, org.springframework.test.context.support.DirtiesContextTestExecutionListener@47880ff8, org.springframework.test.context.event.EventPublishingTestExecutionListener@74ad379, org.springframework.boot.test.mock.mockito.ResetMocksTestExecutionListener@390e1ad9, org.springframework.boot.test.autoconfigure.restdocs.RestDocsTestExecutionListener@75a9d3f6, org.springframework.boot.test.autoconfigure.web.client.MockRestServiceServerResetTestExecutionListener@7259e574, org.springframework.boot.test.autoconfigure.web.servlet.MockMvcPrintOnlyOnFailureTestExecutionListener@2359215d, org.springframework.boot.test.autoconfigure.web.servlet.WebDriverTestExecutionListener@6ac83f3d, org.springframework.boot.test.autoconfigure.webservices.client.MockWebServiceServerTestExecutionListener@51c577f1]
23:49:06.375 [TestNG-PoolService-0] DEBUG org.springframework.boot.test.context.SpringBootTestContextBootstrapper - Skipping candidate TestExecutionListener [org.springframework.test.context.jdbc.SqlScriptsTestExecutionListener] due to a missing dependency. Specify custom listener classes or make the default listener classes and their required dependencies available. Offending class: [org/springframework/transaction/interceptor/TransactionAttribute]
23:49:06.375 [TestNG-PoolService-0] INFO org.springframework.boot.test.context.SpringBootTestContextBootstrapper - Using TestExecutionListeners: [org.springframework.test.context.support.DirtiesContextBeforeModesTestExecutionListener@365d6a7f, org.springframework.test.context.event.ApplicationEventsTestExecutionListener@780cadfe, org.springframework.boot.test.mock.mockito.MockitoTestExecutionListener@7e8ebd0f, org.springframework.boot.test.autoconfigure.SpringBootDependencyInjectionTestExecutionListener@71f18f80, org.springframework.test.context.support.DirtiesContextTestExecutionListener@2ca21d53, org.springframework.test.context.event.EventPublishingTestExecutionListener@31dc2664, org.springframework.boot.test.mock.mockito.ResetMocksTestExecutionListener@3a318395, org.springframework.boot.test.autoconfigure.restdocs.RestDocsTestExecutionListener@474196dc, org.springframework.boot.test.autoconfigure.web.client.MockRestServiceServerResetTestExecutionListener@7b3553e2, org.springframework.boot.test.autoconfigure.web.servlet.MockMvcPrintOnlyOnFailureTestExecutionListener@2b0ab5e6, org.springframework.boot.test.autoconfigure.web.servlet.WebDriverTestExecutionListener@1d11a639, org.springframework.boot.test.autoconfigure.webservices.client.MockWebServiceServerTestExecutionListener@56ad3431]
23:49:06.376 [TestNG-PoolService-3] DEBUG org.springframework.boot.test.context.SpringBootTestContextBootstrapper - Skipping candidate TestExecutionListener [org.springframework.test.context.jdbc.SqlScriptsTestExecutionListener] due to a missing dependency. Specify custom listener classes or make the default listener classes and their required dependencies available. Offending class: [org/springframework/transaction/interceptor/TransactionAttribute]
23:49:06.376 [TestNG-PoolService-3] INFO org.springframework.boot.test.context.SpringBootTestContextBootstrapper - Using TestExecutionListeners: [org.springframework.test.context.support.DirtiesContextBeforeModesTestExecutionListener@2cb68ff1, org.springframework.test.context.event.ApplicationEventsTestExecutionListener@2d99f6d8, org.springframework.boot.test.mock.mockito.MockitoTestExecutionListener@692d6fb5, org.springframework.boot.test.autoconfigure.SpringBootDependencyInjectionTestExecutionListener@135d86fb, org.springframework.test.context.support.DirtiesContextTestExecutionListener@b0c5a66, org.springframework.test.context.event.EventPublishingTestExecutionListener@694142e9, org.springframework.boot.test.mock.mockito.ResetMocksTestExecutionListener@6b93d8b3, org.springframework.boot.test.autoconfigure.restdocs.RestDocsTestExecutionListener@1486f164, org.springframework.boot.test.autoconfigure.web.client.MockRestServiceServerResetTestExecutionListener@7d3056f8, org.springframework.boot.test.autoconfigure.web.servlet.MockMvcPrintOnlyOnFailureTestExecutionListener@1e0515bd, org.springframework.boot.test.autoconfigure.web.servlet.WebDriverTestExecutionListener@6b26108e, org.springframework.boot.test.autoconfigure.webservices.client.MockWebServiceServerTestExecutionListener@4888d15f]
23:49:06.395 [TestNG-PoolService-2] DEBUG org.springframework.test.context.support.TestPropertySourceUtils - Adding inlined properties to environment: {spring.jmx.enabled=false, org.springframework.boot.test.context.SpringBootTestContextBootstrapper=true}

  .   ____          _            __ _ _
 /\\ / ___'_ __ _ _(_)_ __  __ _ \ \ \ \
( ( )\___ | '_ | '_| | '_ \/ _` | \ \ \ \
 \\/  ___)| |_)| | | | | || (_| |  ) ) ) )
  '  |____| .__|_| |_|_| |_\__, | / / / /
 =========|_|==============|___/=/_/_/_/
 :: Spring Boot ::                (v2.4.3)

2026-07-24 23:49:06.602  INFO 44132 --- [G-PoolService-2] c.e.S.steps.CucumberTestContextConfig    : Starting CucumberTestContextConfig using Java 21.0.11 on Ankita_Lenovo with PID 44132 (C:\Users\ankit\Downloads\SpringBoot\SpringBoot\target\test-classes started by ankit in C:\Users\ankit\Downloads\SpringBoot\SpringBoot)
2026-07-24 23:49:06.607  INFO 44132 --- [G-PoolService-2] c.e.S.steps.CucumberTestContextConfig    : No active profile set, falling back to default profiles: default
Car instantiated
2026-07-24 23:49:07.108  INFO 44132 --- [G-PoolService-2] c.e.S.steps.CucumberTestContextConfig    : Started CucumberTestContextConfig in 0.711 seconds (JVM running for 1.938)

Scenario: Login with correct username and password 2 &amp#27;[90m# src/test/java/com/ea/SpringBasic/features/Login.feature:13&amp#27;[0m

Scenario: Login with correct username and password &amp#27;[90m# src/test/java/com/ea/SpringBasic/features/LoginDup.feature:4&amp#27;[0m

Scenario: Login with correct username and password &amp#27;[90m# src/test/java/com/ea/SpringBasic/features/Login.feature:4&amp#27;[0m

Scenario: Login with correct username and password 2 &amp#27;[90m# src/test/java/com/ea/SpringBasic/features/LoginDup.feature:13&amp#27;[0m
2026-07-24 23:49:07.963 ERROR 44132 --- [G-PoolService-1] i.g.bonigarcia.wdm.online.HttpClient     : Error HTTP 404 executing https://chromedriver.storage.googleapis.com/LATEST_RELEASE_150
2026-07-24 23:49:07.963  WARN 44132 --- [G-PoolService-1] i.g.b.wdm.versions.VersionDetector       : Exception reading https://chromedriver.storage.googleapis.com/LATEST_RELEASE_150 to get latest version of chromedriver (Error HTTP 404 executing https://chromedriver.storage.googleapis.com/LATEST_RELEASE_150)
2026-07-24 23:49:08.305  INFO 44132 --- [G-PoolService-1] i.g.bonigarcia.wdm.WebDriverManager      : Reading https://chromedriver.storage.googleapis.com/ to seek chromedriver
2026-07-24 23:49:09.412  INFO 44132 --- [G-PoolService-1] i.g.bonigarcia.wdm.online.Downloader     : Downloading https://chromedriver.storage.googleapis.com/114.0.5735.90/chromedriver_win32.zip
2026-07-24 23:49:09.696  INFO 44132 --- [G-PoolService-1] i.g.bonigarcia.wdm.online.Downloader     : Extracting driver from compressed file chromedriver_win32.zip
2026-07-24 23:49:09.795  INFO 44132 --- [G-PoolService-1] i.g.bonigarcia.wdm.WebDriverManager      : Exporting webdriver.chrome.driver as C:\Users\ankit\.cache\selenium\chromedriver\win32\114.0.5735.90\chromedriver.exe
      &amp#27;[31mio.cucumber.core.exception.CucumberException: Could not invoke hook defined at 'com.ea.SpringBasic.steps.Hooks.InitializeTest(io.cucumber.java.Scenario)'.
It appears there was a problem with the hook definition.
	at io.cucumber.core.runner.HookDefinitionMatch.couldNotInvokeHook(HookDefinitionMatch.java:30)
	at io.cucumber.core.runner.HookDefinitionMatch.runStep(HookDefinitionMatch.java:23)
	at io.cucumber.core.runner.ExecutionMode$1.execute(ExecutionMode.java:10)
	at io.cucumber.core.runner.TestStep.executeStep(TestStep.java:92)
	at io.cucumber.core.runner.TestStep.run(TestStep.java:64)
	at io.cucumber.core.runner.TestCase.run(TestCase.java:98)
	at io.cucumber.core.runner.Runner.runPickle(Runner.java:71)
	at io.cucumber.testng.TestNGCucumberRunner.lambda$runScenario$0(TestNGCucumberRunner.java:116)
	at io.cucumber.core.runtime.CucumberExecutionContext.runTestCase(CucumberExecutionContext.java:117)
	at io.cucumber.testng.TestNGCucumberRunner.runScenario(TestNGCucumberRunner.java:113)
	at io.cucumber.testng.AbstractTestNGCucumberTests.runScenario(AbstractTestNGCucumberTests.java:31)
	at java.base/jdk.internal.reflect.DirectMethodHandleAccessor.invoke(DirectMethodHandleAccessor.java:103)
	at java.base/java.lang.reflect.Method.invoke(Method.java:580)
	at org.testng.internal.MethodInvocationHelper.invokeMethod(MethodInvocationHelper.java:133)
	at org.testng.internal.TestInvoker.invokeMethod(TestInvoker.java:598)
	at org.testng.internal.TestInvoker.invokeTestMethod(TestInvoker.java:173)
	at org.testng.internal.TestMethodWithDataProviderMethodWorker.call(TestMethodWithDataProviderMethodWorker.java:77)
	at org.testng.internal.TestMethodWithDataProviderMethodWorker.call(TestMethodWithDataProviderMethodWorker.java:15)
	at java.base/java.util.concurrent.FutureTask.run(FutureTask.java:317)
	at java.base/java.util.concurrent.Executors$RunnableAdapter.call(Executors.java:572)
	at java.base/java.util.concurrent.FutureTask.run(FutureTask.java:317)
	at java.base/java.util.concurrent.ThreadPoolExecutor.runWorker(ThreadPoolExecutor.java:1144)
	at java.base/java.util.concurrent.ThreadPoolExecutor$Worker.run(ThreadPoolExecutor.java:642)
	at java.base/java.lang.Thread.run(Thread.java:1583)
Caused by: io.cucumber.core.backend.CucumberBackendException: Error creating bean with name 'com.ea.SpringBasic.steps.Hooks': Unsatisfied dependency expressed through field 'webDriver'; nested exception is org.springframework.beans.factory.BeanCreationException: Error creating bean with name 'getChromeDriver' defined in class path resource [com/ea/SpringBasic/libraries/WebDriverLibrary.class]: Bean instantiation via factory method failed; nested exception is org.springframework.beans.BeanInstantiationException: Failed to instantiate [org.openqa.selenium.WebDriver]: Factory method 'getChromeDriver' threw exception; nested exception is org.openqa.selenium.SessionNotCreatedException: session not created: This version of ChromeDriver only supports Chrome version 114
Current browser version is 150.0.7871.125 with binary path C:\Program Files\Google\Chrome\Application\chrome.exe
Build info: version: '3.141.59', revision: 'e82be7d358', time: '2018-11-14T08:17:03'
System info: host: 'ANKITA_LENOVO', ip: '192.168.1.12', os.name: 'Windows 11', os.arch: 'amd64', os.version: '10.0', java.version: '21.0.11'
Driver info: driver.version: ChromeDriver
remote stacktrace: Backtrace:
	GetHandleVerifier [0x00B2A813+48355]
	(No symbol) [0x00ABC4B1]
	(No symbol) [0x009C5358]
	(No symbol) [0x009E61AC]
	(No symbol) [0x009E1EF3]
	(No symbol) [0x009E0579]
	(No symbol) [0x00A10C55]
	(No symbol) [0x00A1093C]
	(No symbol) [0x00A0A536]
	(No symbol) [0x009E82DC]
	(No symbol) [0x009E93DD]
	GetHandleVerifier [0x00D8AABD+2539405]
	GetHandleVerifier [0x00DCA78F+2800735]
	GetHandleVerifier [0x00DC456C+2775612]
	GetHandleVerifier [0x00BB51E0+616112]
	(No symbol) [0x00AC5F8C]
	(No symbol) [0x00AC2328]
	(No symbol) [0x00AC240B]
	(No symbol) [0x00AB4FF7]
	BaseThreadInitThunk [0x76BA5D49+25]
	RtlInitializeExceptionChain [0x77A4E00B+107]
	RtlGetAppContainerNamedObjectPath [0x77A4DF91+561]

	at io.cucumber.spring.SpringFactory.getInstance(SpringFactory.java:165)
	at io.cucumber.java.AbstractGlueDefinition.invokeMethod(AbstractGlueDefinition.java:47)
	at io.cucumber.java.JavaHookDefinition.execute(JavaHookDefinition.java:59)
	at io.cucumber.core.runner.CoreHookDefinition.execute(CoreHookDefinition.java:46)
	at io.cucumber.core.runner.HookDefinitionMatch.runStep(HookDefinitionMatch.java:21)
	... 22 more
Caused by: org.springframework.beans.factory.UnsatisfiedDependencyException: Error creating bean with name 'com.ea.SpringBasic.steps.Hooks': Unsatisfied dependency expressed through field 'webDriver'; nested exception is org.springframework.beans.factory.BeanCreationException: Error creating bean with name 'getChromeDriver' defined in class path resource [com/ea/SpringBasic/libraries/WebDriverLibrary.class]: Bean instantiation via factory method failed; nested exception is org.springframework.beans.BeanInstantiationException: Failed to instantiate [org.openqa.selenium.WebDriver]: Factory method 'getChromeDriver' threw exception; nested exception is org.openqa.selenium.SessionNotCreatedException: session not created: This version of ChromeDriver only supports Chrome version 114
Current browser version is 150.0.7871.125 with binary path C:\Program Files\Google\Chrome\Application\chrome.exe
Build info: version: '3.141.59', revision: 'e82be7d358', time: '2018-11-14T08:17:03'
System info: host: 'ANKITA_LENOVO', ip: '192.168.1.12', os.name: 'Windows 11', os.arch: 'amd64', os.version: '10.0', java.version: '21.0.11'
Driver info: driver.version: ChromeDriver
remote stacktrace: Backtrace:
	GetHandleVerifier [0x00B2A813+48355]
	(No symbol) [0x00ABC4B1]
	(No symbol) [0x009C5358]
	(No symbol) [0x009E61AC]
	(No symbol) [0x009E1EF3]
	(No symbol) [0x009E0579]
	(No symbol) [0x00A10C55]
	(No symbol) [0x00A1093C]
	(No symbol) [0x00A0A536]
	(No symbol) [0x009E82DC]
	(No symbol) [0x009E93DD]
	GetHandleVerifier [0x00D8AABD+2539405]
	GetHandleVerifier [0x00DCA78F+2800735]
	GetHandleVerifier [0x00DC456C+2775612]
	GetHandleVerifier [0x00BB51E0+616112]
	(No symbol) [0x00AC5F8C]
	(No symbol) [0x00AC2328]
	(No symbol) [0x00AC240B]
	(No symbol) [0x00AB4FF7]
	BaseThreadInitThunk [0x76BA5D49+25]
	RtlInitializeExceptionChain [0x77A4E00B+107]
	RtlGetAppContainerNamedObjectPath [0x77A4DF91+561]

	at org.springframework.beans.factory.annotation.AutowiredAnnotationBeanPostProcessor$AutowiredFieldElement.resolveFieldValue(AutowiredAnnotationBeanPostProcessor.java:660)
	at org.springframework.beans.factory.annotation.AutowiredAnnotationBeanPostProcessor$AutowiredFieldElement.inject(AutowiredAnnotationBeanPostProcessor.java:640)
	at org.springframework.beans.factory.annotation.InjectionMetadata.inject(InjectionMetadata.java:119)
	at org.springframework.beans.factory.annotation.AutowiredAnnotationBeanPostProcessor.postProcessProperties(AutowiredAnnotationBeanPostProcessor.java:399)
	at org.springframework.beans.factory.support.AbstractAutowireCapableBeanFactory.populateBean(AbstractAutowireCapableBeanFactory.java:1413)
	at org.springframework.beans.factory.support.AbstractAutowireCapableBeanFactory.doCreateBean(AbstractAutowireCapableBeanFactory.java:601)
	at org.springframework.beans.factory.support.AbstractAutowireCapableBeanFactory.createBean(AbstractAutowireCapableBeanFactory.java:524)
	at org.springframework.beans.factory.support.AbstractBeanFactory.lambda$doGetBean$1(AbstractBeanFactory.java:374)
	at io.cucumber.spring.CucumberScenarioScope.get(CucumberScenarioScope.java:13)
	at org.springframework.beans.factory.support.AbstractBeanFactory.doGetBean(AbstractBeanFactory.java:371)
	at org.springframework.beans.factory.support.AbstractBeanFactory.getBean(AbstractBeanFactory.java:233)
	at org.springframework.beans.factory.support.DefaultListableBeanFactory.resolveNamedBean(DefaultListableBeanFactory.java:1273)
	at org.springframework.beans.factory.support.DefaultListableBeanFactory.resolveNamedBean(DefaultListableBeanFactory.java:1234)
	at org.springframework.beans.factory.support.DefaultListableBeanFactory.resolveBean(DefaultListableBeanFactory.java:494)
	at org.springframework.beans.factory.support.DefaultListableBeanFactory.getBean(DefaultListableBeanFactory.java:349)
	at org.springframework.beans.factory.support.DefaultListableBeanFactory.getBean(DefaultListableBeanFactory.java:342)
	at org.springframework.context.support.AbstractApplicationContext.getBean(AbstractApplicationContext.java:1171)
	at io.cucumber.spring.TestContextAdaptor.getInstance(TestContextAdaptor.java:103)
	at io.cucumber.spring.SpringFactory.getInstance(SpringFactory.java:163)
	... 26 more
Caused by: org.springframework.beans.factory.BeanCreationException: Error creating bean with name 'getChromeDriver' defined in class path resource [com/ea/SpringBasic/libraries/WebDriverLibrary.class]: Bean instantiation via factory method failed; nested exception is org.springframework.beans.BeanInstantiationException: Failed to instantiate [org.openqa.selenium.WebDriver]: Factory method 'getChromeDriver' threw exception; nested exception is org.openqa.selenium.SessionNotCreatedException: session not created: This version of ChromeDriver only supports Chrome version 114
Current browser version is 150.0.7871.125 with binary path C:\Program Files\Google\Chrome\Application\chrome.exe
Build info: version: '3.141.59', revision: 'e82be7d358', time: '2018-11-14T08:17:03'
System info: host: 'ANKITA_LENOVO', ip: '192.168.1.12', os.name: 'Windows 11', os.arch: 'amd64', os.version: '10.0', java.version: '21.0.11'
Driver info: driver.version: ChromeDriver
remote stacktrace: Backtrace:
	GetHandleVerifier [0x00B2A813+48355]
	(No symbol) [0x00ABC4B1]
	(No symbol) [0x009C5358]
	(No symbol) [0x009E61AC]
	(No symbol) [0x009E1EF3]
	(No symbol) [0x009E0579]
	(No symbol) [0x00A10C55]
	(No symbol) [0x00A1093C]
	(No symbol) [0x00A0A536]
	(No symbol) [0x009E82DC]
	(No symbol) [0x009E93DD]
	GetHandleVerifier [0x00D8AABD+2539405]
	GetHandleVerifier [0x00DCA78F+2800735]
	GetHandleVerifier [0x00DC456C+2775612]
	GetHandleVerifier [0x00BB51E0+616112]
	(No symbol) [0x00AC5F8C]
	(No symbol) [0x00AC2328]
	(No symbol) [0x00AC240B]
	(No symbol) [0x00AB4FF7]
	BaseThreadInitThunk [0x76BA5D49+25]
	RtlInitializeExceptionChain [0x77A4E00B+107]
	RtlGetAppContainerNamedObjectPath [0x77A4DF91+561]

	at org.springframework.beans.factory.support.ConstructorResolver.instantiate(ConstructorResolver.java:658)
	at org.springframework.beans.factory.support.ConstructorResolver.instantiateUsingFactoryMethod(ConstructorResolver.java:486)
	at org.springframework.beans.factory.support.AbstractAutowireCapableBeanFactory.instantiateUsingFactoryMethod(AbstractAutowireCapableBeanFactory.java:1334)
	at org.springframework.beans.factory.support.AbstractAutowireCapableBeanFactory.createBeanInstance(AbstractAutowireCapableBeanFactory.java:1177)
	at org.springframework.beans.factory.support.AbstractAutowireCapableBeanFactory.doCreateBean(AbstractAutowireCapableBeanFactory.java:564)
	at org.springframework.beans.factory.support.AbstractAutowireCapableBeanFactory.createBean(AbstractAutowireCapableBeanFactory.java:524)
	at org.springframework.beans.factory.support.AbstractBeanFactory.lambda$doGetBean$1(AbstractBeanFactory.java:374)
	at org.springframework.boot.test.autoconfigure.web.servlet.WebDriverScope.get(WebDriverScope.java:58)
	at org.springframework.beans.factory.support.AbstractBeanFactory.doGetBean(AbstractBeanFactory.java:371)
	at org.springframework.beans.factory.support.AbstractBeanFactory.getBean(AbstractBeanFactory.java:208)
	at org.springframework.beans.factory.config.DependencyDescriptor.resolveCandidate(DependencyDescriptor.java:276)
	at org.springframework.beans.factory.support.DefaultListableBeanFactory.doResolveDependency(DefaultListableBeanFactory.java:1380)
	at org.springframework.beans.factory.support.DefaultListableBeanFactory.resolveDependency(DefaultListableBeanFactory.java:1300)
	at org.springframework.beans.factory.annotation.AutowiredAnnotationBeanPostProcessor$AutowiredFieldElement.resolveFieldValue(AutowiredAnnotationBeanPostProcessor.java:657)
	... 44 more
Caused by: org.springframework.beans.BeanInstantiationException: Failed to instantiate [org.openqa.selenium.WebDriver]: Factory method 'getChromeDriver' threw exception; nested exception is org.openqa.selenium.SessionNotCreatedException: session not created: This version of ChromeDriver only supports Chrome version 114
Current browser version is 150.0.7871.125 with binary path C:\Program Files\Google\Chrome\Application\chrome.exe
Build info: version: '3.141.59', revision: 'e82be7d358', time: '2018-11-14T08:17:03'
System info: host: 'ANKITA_LENOVO', ip: '192.168.1.12', os.name: 'Windows 11', os.arch: 'amd64', os.version: '10.0', java.version: '21.0.11'
Driver info: driver.version: ChromeDriver
remote stacktrace: Backtrace:
	GetHandleVerifier [0x00B2A813+48355]
	(No symbol) [0x00ABC4B1]
	(No symbol) [0x009C5358]
	(No symbol) [0x009E61AC]
	(No symbol) [0x009E1EF3]
	(No symbol) [0x009E0579]
	(No symbol) [0x00A10C55]
	(No symbol) [0x00A1093C]
	(No symbol) [0x00A0A536]
	(No symbol) [0x009E82DC]
	(No symbol) [0x009E93DD]
	GetHandleVerifier [0x00D8AABD+2539405]
	GetHandleVerifier [0x00DCA78F+2800735]
	GetHandleVerifier [0x00DC456C+2775612]
	GetHandleVerifier [0x00BB51E0+616112]
	(No symbol) [0x00AC5F8C]
	(No symbol) [0x00AC2328]
	(No symbol) [0x00AC240B]
	(No symbol) [0x00AB4FF7]
	BaseThreadInitThunk [0x76BA5D49+25]
	RtlInitializeExceptionChain [0x77A4E00B+107]
	RtlGetAppContainerNamedObjectPath [0x77A4DF91+561]

	at org.springframework.beans.factory.support.SimpleInstantiationStrategy.instantiate(SimpleInstantiationStrategy.java:185)
	at org.springframework.beans.factory.support.ConstructorResolver.instantiate(ConstructorResolver.java:653)
	... 57 more
Caused by: org.openqa.selenium.SessionNotCreatedException: session not created: This version of ChromeDriver only supports Chrome version 114
Current browser version is 150.0.7871.125 with binary path C:\Program Files\Google\Chrome\Application\chrome.exe
Build info: version: '3.141.59', revision: 'e82be7d358', time: '2018-11-14T08:17:03'
System info: host: 'ANKITA_LENOVO', ip: '192.168.1.12', os.name: 'Windows 11', os.arch: 'amd64', os.version: '10.0', java.version: '21.0.11'
Driver info: driver.version: ChromeDriver
remote stacktrace: Backtrace:
	GetHandleVerifier [0x00B2A813+48355]
	(No symbol) [0x00ABC4B1]
	(No symbol) [0x009C5358]
	(No symbol) [0x009E61AC]
	(No symbol) [0x009E1EF3]
	(No symbol) [0x009E0579]
	(No symbol) [0x00A10C55]
	(No symbol) [0x00A1093C]
	(No symbol) [0x00A0A536]
	(No symbol) [0x009E82DC]
	(No symbol) [0x009E93DD]
	GetHandleVerifier [0x00D8AABD+2539405]
	GetHandleVerifier [0x00DCA78F+2800735]
	GetHandleVerifier [0x00DC456C+2775612]
	GetHandleVerifier [0x00BB51E0+616112]
	(No symbol) [0x00AC5F8C]
	(No symbol) [0x00AC2328]
	(No symbol) [0x00AC240B]
	(No symbol) [0x00AB4FF7]
	BaseThreadInitThunk [0x76BA5D49+25]
	RtlInitializeExceptionChain [0x77A4E00B+107]
	RtlGetAppContainerNamedObjectPath [0x77A4DF91+561]

	at java.base/jdk.internal.reflect.DirectConstructorHandleAccessor.newInstance(DirectConstructorHandleAccessor.java:62)
	at java.base/java.lang.reflect.Constructor.newInstanceWithCaller(Constructor.java:502)
	at java.base/java.lang.reflect.Constructor.newInstance(Constructor.java:486)
	at org.openqa.selenium.remote.W3CHandshakeResponse.lambda$errorHandler$0(W3CHandshakeResponse.java:62)
	at org.openqa.selenium.remote.HandshakeResponse.lambda$getResponseFunction$0(HandshakeResponse.java:30)
	at org.openqa.selenium.remote.ProtocolHandshake.lambda$createSession$0(ProtocolHandshake.java:126)
	at java.base/java.util.stream.ReferencePipeline$3$1.accept(ReferencePipeline.java:197)
	at java.base/java.util.Spliterators$ArraySpliterator.tryAdvance(Spliterators.java:1034)
	at java.base/java.util.stream.ReferencePipeline.forEachWithCancel(ReferencePipeline.java:129)
	at java.base/java.util.stream.AbstractPipeline.copyIntoWithCancel(AbstractPipeline.java:527)
	at java.base/java.util.stream.AbstractPipeline.copyInto(AbstractPipeline.java:513)
	at java.base/java.util.stream.AbstractPipeline.wrapAndCopyInto(AbstractPipeline.java:499)
	at java.base/java.util.stream.FindOps$FindOp.evaluateSequential(FindOps.java:150)
	at java.base/java.util.stream.AbstractPipeline.evaluate(AbstractPipeline.java:234)
	at java.base/java.util.stream.ReferencePipeline.findFirst(ReferencePipeline.java:647)
	at org.openqa.selenium.remote.ProtocolHandshake.createSession(ProtocolHandshake.java:128)
	at org.openqa.selenium.remote.ProtocolHandshake.createSession(ProtocolHandshake.java:74)
	at org.openqa.selenium.remote.HttpCommandExecutor.execute(HttpCommandExecutor.java:136)
	at org.openqa.selenium.remote.service.DriverCommandExecutor.execute(DriverCommandExecutor.java:83)
	at org.openqa.selenium.remote.RemoteWebDriver.execute(RemoteWebDriver.java:552)
	at org.openqa.selenium.remote.RemoteWebDriver.startSession(RemoteWebDriver.java:213)
	at org.openqa.selenium.remote.RemoteWebDriver.<init>(RemoteWebDriver.java:131)
	at org.openqa.selenium.chrome.ChromeDriver.<init>(ChromeDriver.java:181)
	at org.openqa.selenium.chrome.ChromeDriver.<init>(ChromeDriver.java:168)
	at org.openqa.selenium.chrome.ChromeDriver.<init>(ChromeDriver.java:157)
	at com.ea.SpringBasic.libraries.WebDriverLibrary.getChromeDriver(WebDriverLibrary.java:25)
	at com.ea.SpringBasic.libraries.WebDriverLibrary$$EnhancerBySpringCGLIB$$d4da2824.CGLIB$getChromeDriver$0(<generated>)
	at com.ea.SpringBasic.libraries.WebDriverLibrary$$EnhancerBySpringCGLIB$$d4da2824$$FastClassBySpringCGLIB$$3045b588.invoke(<generated>)
	at org.springframework.cglib.proxy.MethodProxy.invokeSuper(MethodProxy.java:244)
	at org.springframework.context.annotation.ConfigurationClassEnhancer$BeanMethodInterceptor.intercept(ConfigurationClassEnhancer.java:331)
	at com.ea.SpringBasic.libraries.WebDriverLibrary$$EnhancerBySpringCGLIB$$d4da2824.getChromeDriver(<generated>)
	at java.base/jdk.internal.reflect.DirectMethodHandleAccessor.invoke(DirectMethodHandleAccessor.java:103)
	at java.base/java.lang.reflect.Method.invoke(Method.java:580)
	at org.springframework.beans.factory.support.SimpleInstantiationStrategy.instantiate(SimpleInstantiationStrategy.java:154)
	... 58 more
&amp#27;[0m
  &amp#27;[36mGiven &amp#27;[0m&amp#27;[36mI click login in Home Page&amp#27;[0m                   &amp#27;[90m# com.ea.SpringBasic.steps.LoginSteps.iClickLoginInHomePage()&amp#27;[0m
  &amp#27;[36mAnd &amp#27;[0m&amp#27;[36mI enter the following for Login&amp#27;[0m                &amp#27;[90m# com.ea.SpringBasic.steps.HomeSteps.iEnterTheFollowingForLogin(io.cucumber.datatable.DataTable)&amp#27;[0m
  &amp#27;[36mAnd &amp#27;[0m&amp#27;[36mI click login button&amp#27;[0m                           &amp#27;[90m# com.ea.SpringBasic.steps.LoginSteps.iClickLoginButton()&amp#27;[0m
  &amp#27;[36mThen &amp#27;[0m&amp#27;[36mI should see the userform page&amp#27;[0m                &amp#27;[90m# com.ea.SpringBasic.steps.LoginSteps.iShouldSeeTheUserformPage()&amp#27;[0m
  &amp#27;[36mAnd &amp#27;[0m&amp#27;[36mI click logout link&amp#27;[0m                            &amp#27;[90m# com.ea.SpringBasic.steps.LoginSteps.iClickLogoutLink()&amp#27;[0m
2026-07-24 23:49:13.775 ERROR 44132 --- [G-PoolService-3] i.g.bonigarcia.wdm.online.HttpClient     : Error HTTP 404 executing https://chromedriver.storage.googleapis.com/LATEST_RELEASE_150
2026-07-24 23:49:13.775  WARN 44132 --- [G-PoolService-3] i.g.b.wdm.versions.VersionDetector       : Exception reading https://chromedriver.storage.googleapis.com/LATEST_RELEASE_150 to get latest version of chromedriver (Error HTTP 404 executing https://chromedriver.storage.googleapis.com/LATEST_RELEASE_150)
2026-07-24 23:49:13.867  INFO 44132 --- [G-PoolService-3] i.g.bonigarcia.wdm.WebDriverManager      : Exporting webdriver.chrome.driver as C:\Users\ankit\.cache\selenium\chromedriver\win32\114.0.5735.90\chromedriver.exe
      &amp#27;[31mio.cucumber.core.exception.CucumberException: Could not invoke hook defined at 'com.ea.SpringBasic.steps.Hooks.InitializeTest(io.cucumber.java.Scenario)'.
It appears there was a problem with the hook definition.
	at io.cucumber.core.runner.HookDefinitionMatch.couldNotInvokeHook(HookDefinitionMatch.java:30)
	at io.cucumber.core.runner.HookDefinitionMatch.runStep(HookDefinitionMatch.java:23)
	at io.cucumber.core.runner.ExecutionMode$1.execute(ExecutionMode.java:10)
	at io.cucumber.core.runner.TestStep.executeStep(TestStep.java:92)
	at io.cucumber.core.runner.TestStep.run(TestStep.java:64)
	at io.cucumber.core.runner.TestCase.run(TestCase.java:98)
	at io.cucumber.core.runner.Runner.runPickle(Runner.java:71)
	at io.cucumber.testng.TestNGCucumberRunner.lambda$runScenario$0(TestNGCucumberRunner.java:116)
	at io.cucumber.core.runtime.CucumberExecutionContext.runTestCase(CucumberExecutionContext.java:117)
	at io.cucumber.testng.TestNGCucumberRunner.runScenario(TestNGCucumberRunner.java:113)
	at io.cucumber.testng.AbstractTestNGCucumberTests.runScenario(AbstractTestNGCucumberTests.java:31)
	at java.base/jdk.internal.reflect.DirectMethodHandleAccessor.invoke(DirectMethodHandleAccessor.java:103)
	at java.base/java.lang.reflect.Method.invoke(Method.java:580)
	at org.testng.internal.MethodInvocationHelper.invokeMethod(MethodInvocationHelper.java:133)
	at org.testng.internal.TestInvoker.invokeMethod(TestInvoker.java:598)
	at org.testng.internal.TestInvoker.invokeTestMethod(TestInvoker.java:173)
	at org.testng.internal.TestMethodWithDataProviderMethodWorker.call(TestMethodWithDataProviderMethodWorker.java:77)
	at org.testng.internal.TestMethodWithDataProviderMethodWorker.call(TestMethodWithDataProviderMethodWorker.java:15)
	at java.base/java.util.concurrent.FutureTask.run(FutureTask.java:317)
	at java.base/java.util.concurrent.Executors$RunnableAdapter.call(Executors.java:572)
	at java.base/java.util.concurrent.FutureTask.run(FutureTask.java:317)
	at java.base/java.util.concurrent.ThreadPoolExecutor.runWorker(ThreadPoolExecutor.java:1144)
	at java.base/java.util.concurrent.ThreadPoolExecutor$Worker.run(ThreadPoolExecutor.java:642)
	at java.base/java.lang.Thread.run(Thread.java:1583)
Caused by: io.cucumber.core.backend.CucumberBackendException: Error creating bean with name 'com.ea.SpringBasic.steps.Hooks': Unsatisfied dependency expressed through field 'webDriver'; nested exception is org.springframework.beans.factory.BeanCreationException: Error creating bean with name 'getChromeDriver' defined in class path resource [com/ea/SpringBasic/libraries/WebDriverLibrary.class]: Bean instantiation via factory method failed; nested exception is org.springframework.beans.BeanInstantiationException: Failed to instantiate [org.openqa.selenium.WebDriver]: Factory method 'getChromeDriver' threw exception; nested exception is org.openqa.selenium.SessionNotCreatedException: session not created: This version of ChromeDriver only supports Chrome version 114
Current browser version is 150.0.7871.125 with binary path C:\Program Files\Google\Chrome\Application\chrome.exe
Build info: version: '3.141.59', revision: 'e82be7d358', time: '2018-11-14T08:17:03'
System info: host: 'ANKITA_LENOVO', ip: '192.168.1.12', os.name: 'Windows 11', os.arch: 'amd64', os.version: '10.0', java.version: '21.0.11'
Driver info: driver.version: ChromeDriver
remote stacktrace: Backtrace:
	GetHandleVerifier [0x00B2A813+48355]
	(No symbol) [0x00ABC4B1]
	(No symbol) [0x009C5358]
	(No symbol) [0x009E61AC]
	(No symbol) [0x009E1EF3]
	(No symbol) [0x009E0579]
	(No symbol) [0x00A10C55]
	(No symbol) [0x00A1093C]
	(No symbol) [0x00A0A536]
	(No symbol) [0x009E82DC]
	(No symbol) [0x009E93DD]
	GetHandleVerifier [0x00D8AABD+2539405]
	GetHandleVerifier [0x00DCA78F+2800735]
	GetHandleVerifier [0x00DC456C+2775612]
	GetHandleVerifier [0x00BB51E0+616112]
	(No symbol) [0x00AC5F8C]
	(No symbol) [0x00AC2328]
	(No symbol) [0x00AC240B]
	(No symbol) [0x00AB4FF7]
	BaseThreadInitThunk [0x76BA5D49+25]
	RtlInitializeExceptionChain [0x77A4E00B+107]
	RtlGetAppContainerNamedObjectPath [0x77A4DF91+561]

	at io.cucumber.spring.SpringFactory.getInstance(SpringFactory.java:165)
	at io.cucumber.java.AbstractGlueDefinition.invokeMethod(AbstractGlueDefinition.java:47)
	at io.cucumber.java.JavaHookDefinition.execute(JavaHookDefinition.java:59)
	at io.cucumber.core.runner.CoreHookDefinition.execute(CoreHookDefinition.java:46)
	at io.cucumber.core.runner.HookDefinitionMatch.runStep(HookDefinitionMatch.java:21)
	... 22 more
Caused by: org.springframework.beans.factory.UnsatisfiedDependencyException: Error creating bean with name 'com.ea.SpringBasic.steps.Hooks': Unsatisfied dependency expressed through field 'webDriver'; nested exception is org.springframework.beans.factory.BeanCreationException: Error creating bean with name 'getChromeDriver' defined in class path resource [com/ea/SpringBasic/libraries/WebDriverLibrary.class]: Bean instantiation via factory method failed; nested exception is org.springframework.beans.BeanInstantiationException: Failed to instantiate [org.openqa.selenium.WebDriver]: Factory method 'getChromeDriver' threw exception; nested exception is org.openqa.selenium.SessionNotCreatedException: session not created: This version of ChromeDriver only supports Chrome version 114
Current browser version is 150.0.7871.125 with binary path C:\Program Files\Google\Chrome\Application\chrome.exe
Build info: version: '3.141.59', revision: 'e82be7d358', time: '2018-11-14T08:17:03'
System info: host: 'ANKITA_LENOVO', ip: '192.168.1.12', os.name: 'Windows 11', os.arch: 'amd64', os.version: '10.0', java.version: '21.0.11'
Driver info: driver.version: ChromeDriver
remote stacktrace: Backtrace:
	GetHandleVerifier [0x00B2A813+48355]
	(No symbol) [0x00ABC4B1]
	(No symbol) [0x009C5358]
	(No symbol) [0x009E61AC]
	(No symbol) [0x009E1EF3]
	(No symbol) [0x009E0579]
	(No symbol) [0x00A10C55]
	(No symbol) [0x00A1093C]
	(No symbol) [0x00A0A536]
	(No symbol) [0x009E82DC]
	(No symbol) [0x009E93DD]
	GetHandleVerifier [0x00D8AABD+2539405]
	GetHandleVerifier [0x00DCA78F+2800735]
	GetHandleVerifier [0x00DC456C+2775612]
	GetHandleVerifier [0x00BB51E0+616112]
	(No symbol) [0x00AC5F8C]
	(No symbol) [0x00AC2328]
	(No symbol) [0x00AC240B]
	(No symbol) [0x00AB4FF7]
	BaseThreadInitThunk [0x76BA5D49+25]
	RtlInitializeExceptionChain [0x77A4E00B+107]
	RtlGetAppContainerNamedObjectPath [0x77A4DF91+561]

	at org.springframework.beans.factory.annotation.AutowiredAnnotationBeanPostProcessor$AutowiredFieldElement.resolveFieldValue(AutowiredAnnotationBeanPostProcessor.java:660)
	at org.springframework.beans.factory.annotation.AutowiredAnnotationBeanPostProcessor$AutowiredFieldElement.inject(AutowiredAnnotationBeanPostProcessor.java:640)
	at org.springframework.beans.factory.annotation.InjectionMetadata.inject(InjectionMetadata.java:119)
	at org.springframework.beans.factory.annotation.AutowiredAnnotationBeanPostProcessor.postProcessProperties(AutowiredAnnotationBeanPostProcessor.java:399)
	at org.springframework.beans.factory.support.AbstractAutowireCapableBeanFactory.populateBean(AbstractAutowireCapableBeanFactory.java:1413)
	at org.springframework.beans.factory.support.AbstractAutowireCapableBeanFactory.doCreateBean(AbstractAutowireCapableBeanFactory.java:601)
	at org.springframework.beans.factory.support.AbstractAutowireCapableBeanFactory.createBean(AbstractAutowireCapableBeanFactory.java:524)
	at org.springframework.beans.factory.support.AbstractBeanFactory.lambda$doGetBean$1(AbstractBeanFactory.java:374)
	at io.cucumber.spring.CucumberScenarioScope.get(CucumberScenarioScope.java:13)
	at org.springframework.beans.factory.support.AbstractBeanFactory.doGetBean(AbstractBeanFactory.java:371)
	at org.springframework.beans.factory.support.AbstractBeanFactory.getBean(AbstractBeanFactory.java:233)
	at org.springframework.beans.factory.support.DefaultListableBeanFactory.resolveNamedBean(DefaultListableBeanFactory.java:1273)
	at org.springframework.beans.factory.support.DefaultListableBeanFactory.resolveNamedBean(DefaultListableBeanFactory.java:1234)
	at org.springframework.beans.factory.support.DefaultListableBeanFactory.resolveBean(DefaultListableBeanFactory.java:494)
	at org.springframework.beans.factory.support.DefaultListableBeanFactory.getBean(DefaultListableBeanFactory.java:349)
	at org.springframework.beans.factory.support.DefaultListableBeanFactory.getBean(DefaultListableBeanFactory.java:342)
	at org.springframework.context.support.AbstractApplicationContext.getBean(AbstractApplicationContext.java:1171)
	at io.cucumber.spring.TestContextAdaptor.getInstance(TestContextAdaptor.java:103)
	at io.cucumber.spring.SpringFactory.getInstance(SpringFactory.java:163)
	... 26 more
Caused by: org.springframework.beans.factory.BeanCreationException: Error creating bean with name 'getChromeDriver' defined in class path resource [com/ea/SpringBasic/libraries/WebDriverLibrary.class]: Bean instantiation via factory method failed; nested exception is org.springframework.beans.BeanInstantiationException: Failed to instantiate [org.openqa.selenium.WebDriver]: Factory method 'getChromeDriver' threw exception; nested exception is org.openqa.selenium.SessionNotCreatedException: session not created: This version of ChromeDriver only supports Chrome version 114
Current browser version is 150.0.7871.125 with binary path C:\Program Files\Google\Chrome\Application\chrome.exe
Build info: version: '3.141.59', revision: 'e82be7d358', time: '2018-11-14T08:17:03'
System info: host: 'ANKITA_LENOVO', ip: '192.168.1.12', os.name: 'Windows 11', os.arch: 'amd64', os.version: '10.0', java.version: '21.0.11'
Driver info: driver.version: ChromeDriver
remote stacktrace: Backtrace:
	GetHandleVerifier [0x00B2A813+48355]
	(No symbol) [0x00ABC4B1]
	(No symbol) [0x009C5358]
	(No symbol) [0x009E61AC]
	(No symbol) [0x009E1EF3]
	(No symbol) [0x009E0579]
	(No symbol) [0x00A10C55]
	(No symbol) [0x00A1093C]
	(No symbol) [0x00A0A536]
	(No symbol) [0x009E82DC]
	(No symbol) [0x009E93DD]
	GetHandleVerifier [0x00D8AABD+2539405]
	GetHandleVerifier [0x00DCA78F+2800735]
	GetHandleVerifier [0x00DC456C+2775612]
	GetHandleVerifier [0x00BB51E0+616112]
	(No symbol) [0x00AC5F8C]
	(No symbol) [0x00AC2328]
	(No symbol) [0x00AC240B]
	(No symbol) [0x00AB4FF7]
	BaseThreadInitThunk [0x76BA5D49+25]
	RtlInitializeExceptionChain [0x77A4E00B+107]
	RtlGetAppContainerNamedObjectPath [0x77A4DF91+561]

	at org.springframework.beans.factory.support.ConstructorResolver.instantiate(ConstructorResolver.java:658)
	at org.springframework.beans.factory.support.ConstructorResolver.instantiateUsingFactoryMethod(ConstructorResolver.java:638)
	at org.springframework.beans.factory.support.AbstractAutowireCapableBeanFactory.instantiateUsingFactoryMethod(AbstractAutowireCapableBeanFactory.java:1334)
	at org.springframework.beans.factory.support.AbstractAutowireCapableBeanFactory.createBeanInstance(AbstractAutowireCapableBeanFactory.java:1177)
	at org.springframework.beans.factory.support.AbstractAutowireCapableBeanFactory.doCreateBean(AbstractAutowireCapableBeanFactory.java:564)
	at org.springframework.beans.factory.support.AbstractAutowireCapableBeanFactory.createBean(AbstractAutowireCapableBeanFactory.java:524)
	at org.springframework.beans.factory.support.AbstractBeanFactory.lambda$doGetBean$1(AbstractBeanFactory.java:374)
	at org.springframework.boot.test.autoconfigure.web.servlet.WebDriverScope.get(WebDriverScope.java:58)
	at org.springframework.beans.factory.support.AbstractBeanFactory.doGetBean(AbstractBeanFactory.java:371)
	at org.springframework.beans.factory.support.AbstractBeanFactory.getBean(AbstractBeanFactory.java:208)
	at org.springframework.beans.factory.config.DependencyDescriptor.resolveCandidate(DependencyDescriptor.java:276)
	at org.springframework.beans.factory.support.DefaultListableBeanFactory.doResolveDependency(DefaultListableBeanFactory.java:1380)
	at org.springframework.beans.factory.support.DefaultListableBeanFactory.resolveDependency(DefaultListableBeanFactory.java:1300)
	at org.springframework.beans.factory.annotation.AutowiredAnnotationBeanPostProcessor$AutowiredFieldElement.resolveFieldValue(AutowiredAnnotationBeanPostProcessor.java:657)
	... 44 more
Caused by: org.springframework.beans.BeanInstantiationException: Failed to instantiate [org.openqa.selenium.WebDriver]: Factory method 'getChromeDriver' threw exception; nested exception is org.openqa.selenium.SessionNotCreatedException: session not created: This version of ChromeDriver only supports Chrome version 114
Current browser version is 150.0.7871.125 with binary path C:\Program Files\Google\Chrome\Application\chrome.exe
Build info: version: '3.141.59', revision: 'e82be7d358', time: '2018-11-14T08:17:03'
System info: host: 'ANKITA_LENOVO', ip: '192.168.1.12', os.name: 'Windows 11', os.arch: 'amd64', os.version: '10.0', java.version: '21.0.11'
Driver info: driver.version: ChromeDriver
remote stacktrace: Backtrace:
	GetHandleVerifier [0x00B2A813+48355]
	(No symbol) [0x00ABC4B1]
	(No symbol) [0x009C5358]
	(No symbol) [0x009E61AC]
	(No symbol) [0x009E1EF3]
	(No symbol) [0x009E0579]
	(No symbol) [0x00A10C55]
	(No symbol) [0x00A1093C]
	(No symbol) [0x00A0A536]
	(No symbol) [0x009E82DC]
	(No symbol) [0x009E93DD]
	GetHandleVerifier [0x00D8AABD+2539405]
	GetHandleVerifier [0x00DCA78F+2800735]
	GetHandleVerifier [0x00DC456C+2775612]
	GetHandleVerifier [0x00BB51E0+616112]
	(No symbol) [0x00AC5F8C]
	(No symbol) [0x00AC2328]
	(No symbol) [0x00AC240B]
	(No symbol) [0x00AB4FF7]
	BaseThreadInitThunk [0x76BA5D49+25]
	RtlInitializeExceptionChain [0x77A4E00B+107]
	RtlGetAppContainerNamedObjectPath [0x77A4DF91+561]

	at org.springframework.beans.factory.support.SimpleInstantiationStrategy.instantiate(SimpleInstantiationStrategy.java:185)
	at org.springframework.beans.factory.support.ConstructorResolver.instantiate(ConstructorResolver.java:653)
	... 57 more
Caused by: org.openqa.selenium.SessionNotCreatedException: session not created: This version of ChromeDriver only supports Chrome version 114
Current browser version is 150.0.7871.125 with binary path C:\Program Files\Google\Chrome\Application\chrome.exe
Build info: version: '3.141.59', revision: 'e82be7d358', time: '2018-11-14T08:17:03'
System info: host: 'ANKITA_LENOVO', ip: '192.168.1.12', os.name: 'Windows 11', os.arch: 'amd64', os.version: '10.0', java.version: '21.0.11'
Driver info: driver.version: ChromeDriver
remote stacktrace: Backtrace:
	GetHandleVerifier [0x00B2A813+48355]
	(No symbol) [0x00ABC4B1]
	(No symbol) [0x009C5358]
	(No symbol) [0x009E61AC]
	(No symbol) [0x009E1EF3]
	(No symbol) [0x009E0579]
	(No symbol) [0x00A10C55]
	(No symbol) [0x00A1093C]
	(No symbol) [0x00A0A536]
	(No symbol) [0x009E82DC]
	(No symbol) [0x009E93DD]
	GetHandleVerifier [0x00D8AABD+2539405]
	GetHandleVerifier [0x00DCA78F+2800735]
	GetHandleVerifier [0x00DC456C+2775612]
	GetHandleVerifier [0x00BB51E0+616112]
	(No symbol) [0x00AC5F8C]
	(No symbol) [0x00AC2328]
	(No symbol) [0x00AC240B]
	(No symbol) [0x00AB4FF7]
	BaseThreadInitThunk [0x76BA5D49+25]
	RtlInitializeExceptionChain [0x77A4E00B+107]
	RtlGetAppContainerNamedObjectPath [0x77A4DF91+561]

	at java.base/jdk.internal.reflect.DirectConstructorHandleAccessor.newInstance(DirectConstructorHandleAccessor.java:62)
	at java.base/java.lang.reflect.Constructor.newInstanceWithCaller(Constructor.java:502)
	at java.base/java.lang.reflect.Constructor.newInstance(Constructor.java:486)
	at org.openqa.selenium.remote.W3CHandshakeResponse.lambda$errorHandler$0(W3CHandshakeResponse.java:62)
	at org.openqa.selenium.remote.HandshakeResponse.lambda$getResponseFunction$0(HandshakeResponse.java:30)
	at org.openqa.selenium.remote.ProtocolHandshake.lambda$createSession$0(ProtocolHandshake.java:126)
	at java.base/java.util.stream.ReferencePipeline$3$1.accept(ReferencePipeline.java:197)
	at java.base/java.util.Spliterators$ArraySpliterator.tryAdvance(Spliterators.java:1034)
	at java.base/java.util.stream.ReferencePipeline.forEachWithCancel(ReferencePipeline.java:129)
	at java.base/java.util.stream.AbstractPipeline.copyIntoWithCancel(AbstractPipeline.java:527)
	at java.base/java.util.stream.AbstractPipeline.copyInto(AbstractPipeline.java:513)
	at java.base/java.util.stream.AbstractPipeline.wrapAndCopyInto(AbstractPipeline.java:499)
	at java.base/java.util.stream.FindOps$FindOp.evaluateSequential(FindOps.java:150)
	at java.base/java.util.stream.AbstractPipeline.evaluate(AbstractPipeline.java:234)
	at java.base/java.util.stream.ReferencePipeline.findFirst(ReferencePipeline.java:647)
	at org.openqa.selenium.remote.ProtocolHandshake.createSession(ProtocolHandshake.java:128)
	at org.openqa.selenium.remote.ProtocolHandshake.createSession(ProtocolHandshake.java:74)
	at org.openqa.selenium.remote.HttpCommandExecutor.execute(HttpCommandExecutor.java:136)
	at org.openqa.selenium.remote.service.DriverCommandExecutor.execute(DriverCommandExecutor.java:83)
	at org.openqa.selenium.remote.RemoteWebDriver.execute(RemoteWebDriver.java:552)
	at org.openqa.selenium.remote.RemoteWebDriver.startSession(RemoteWebDriver.java:213)
	at org.openqa.selenium.remote.RemoteWebDriver.<init>(RemoteWebDriver.java:131)
	at org.openqa.selenium.chrome.ChromeDriver.<init>(ChromeDriver.java:181)
	at org.openqa.selenium.chrome.ChromeDriver.<init>(ChromeDriver.java:168)
	at org.openqa.selenium.chrome.ChromeDriver.<init>(ChromeDriver.java:157)
	at com.ea.SpringBasic.libraries.WebDriverLibrary.getChromeDriver(WebDriverLibrary.java:25)
	at com.ea.SpringBasic.libraries.WebDriverLibrary$$EnhancerBySpringCGLIB$$d4da2824.CGLIB$getChromeDriver$0(<generated>)
[...]
	(No symbol) [0x00A0A536]
	(No symbol) [0x009E82DC]
	(No symbol) [0x009E93DD]
	GetHandleVerifier [0x00D8AABD+2539405]
	GetHandleVerifier [0x00DCA78F+2800735]
	GetHandleVerifier [0x00DC456C+2775612]
	GetHandleVerifier [0x00BB51E0+616112]
	(No symbol) [0x00AC5F8C]
	(No symbol) [0x00AC2328]
	(No symbol) [0x00AC240B]
	(No symbol) [0x00AB4FF7]
	BaseThreadInitThunk [0x76BA5D49+25]
	RtlInitializeExceptionChain [0x77A4E00B+107]
	RtlGetAppContainerNamedObjectPath [0x77A4DF91+561]

</failure>
    <system-out><![CDATA[2026-07-24 23:49:25.245 ERROR 44132 --- [G-PoolService-2] i.g.bonigarcia.wdm.online.HttpClient     : Error HTTP 404 executing https://chromedriver.storage.googleapis.com/LATEST_RELEASE_150
2026-07-24 23:49:25.245  WARN 44132 --- [G-PoolService-2] i.g.b.wdm.versions.VersionDetector       : Exception reading https://chromedriver.storage.googleapis.com/LATEST_RELEASE_150 to get latest version of chromedriver (Error HTTP 404 executing https://chromedriver.storage.googleapis.com/LATEST_RELEASE_150)
2026-07-24 23:49:25.310  INFO 44132 --- [G-PoolService-2] i.g.bonigarcia.wdm.WebDriverManager      : Exporting webdriver.chrome.driver as C:\Users\ankit\.cache\selenium\chromedriver\win32\114.0.5735.90\chromedriver.exe
      &amp#27;[31mio.cucumber.core.exception.CucumberException: Could not invoke hook defined at 'com.ea.SpringBasic.steps.Hooks.TearDownTest(io.cucumber.java.Scenario)'.
It appears there was a problem with the hook definition.
	at io.cucumber.core.runner.HookDefinitionMatch.couldNotInvokeHook(HookDefinitionMatch.java:30)
	at io.cucumber.core.runner.HookDefinitionMatch.runStep(HookDefinitionMatch.java:23)
	at io.cucumber.core.runner.ExecutionMode$1.execute(ExecutionMode.java:10)
	at io.cucumber.core.runner.TestStep.executeStep(TestStep.java:92)
	at io.cucumber.core.runner.TestStep.run(TestStep.java:64)
	at io.cucumber.core.runner.TestCase.run(TestCase.java:110)
	at io.cucumber.core.runner.Runner.runPickle(Runner.java:71)
	at io.cucumber.testng.TestNGCucumberRunner.lambda$runScenario$0(TestNGCucumberRunner.java:116)
	at io.cucumber.core.runtime.CucumberExecutionContext.runTestCase(CucumberExecutionContext.java:117)
	at io.cucumber.testng.TestNGCucumberRunner.runScenario(TestNGCucumberRunner.java:113)
	at io.cucumber.testng.AbstractTestNGCucumberTests.runScenario(AbstractTestNGCucumberTests.java:31)
	at java.base/jdk.internal.reflect.DirectMethodHandleAccessor.invoke(DirectMethodHandleAccessor.java:103)
	at java.base/java.lang.reflect.Method.invoke(Method.java:580)
	at org.testng.internal.MethodInvocationHelper.invokeMethod(MethodInvocationHelper.java:133)
	at org.testng.internal.TestInvoker.invokeMethod(TestInvoker.java:598)
	at org.testng.internal.TestInvoker.invokeTestMethod(TestInvoker.java:173)
	at org.testng.internal.TestMethodWithDataProviderMethodWorker.call(TestMethodWithDataProviderMethodWorker.java:77)
	at org.testng.internal.TestMethodWithDataProviderMethodWorker.call(TestMethodWithDataProviderMethodWorker.java:15)
	at java.base/java.util.concurrent.FutureTask.run(FutureTask.java:317)
	at java.base/java.util.concurrent.Executors$RunnableAdapter.call(Executors.java:572)
	at java.base/java.util.concurrent.FutureTask.run(FutureTask.java:317)
	at java.base/java.util.concurrent.ThreadPoolExecutor.runWorker(ThreadPoolExecutor.java:1144)
	at java.base/java.util.concurrent.ThreadPoolExecutor$Worker.run(ThreadPoolExecutor.java:642)
	at java.base/java.lang.Thread.run(Thread.java:1583)
Caused by: io.cucumber.core.backend.CucumberBackendException: Error creating bean with name 'com.ea.SpringBasic.steps.Hooks': Unsatisfied dependency expressed through field 'webDriver'; nested exception is org.springframework.beans.factory.BeanCreationException: Error creating bean with name 'getChromeDriver' defined in class path resource [com/ea/SpringBasic/libraries/WebDriverLibrary.class]: Bean instantiation via factory method failed; nested exception is org.springframework.beans.BeanInstantiationException: Failed to instantiate [org.openqa.selenium.WebDriver]: Factory method 'getChromeDriver' threw exception; nested exception is org.openqa.selenium.SessionNotCreatedException: session not created: This version of ChromeDriver only supports Chrome version 114
Current browser version is 150.0.7871.125 with binary path C:\Program Files\Google\Chrome\Application\chrome.exe
Build info: version: '3.141.59', revision: 'e82be7d358', time: '2018-11-14T08:17:03'
System info: host: 'ANKITA_LENOVO', ip: '192.168.1.12', os.name: 'Windows 11', os.arch: 'amd64', os.version: '10.0', java.version: '21.0.11'
Driver info: driver.version: ChromeDriver
remote stacktrace: Backtrace:
	GetHandleVerifier [0x00B2A813+48355]
	(No symbol) [0x00ABC4B1]
	(No symbol) [0x009C5358]
	(No symbol) [0x009E61AC]
	(No symbol) [0x009E1EF3]
	(No symbol) [0x009E0579]
	(No symbol) [0x00A10C55]
	(No symbol) [0x00A1093C]
	(No symbol) [0x00A0A536]
	(No symbol) [0x009E82DC]
	(No symbol) [0x009E93DD]
	GetHandleVerifier [0x00D8AABD+2539405]
	GetHandleVerifier [0x00DCA78F+2800735]
	GetHandleVerifier [0x00DC456C+2775612]
	GetHandleVerifier [0x00BB51E0+616112]
	(No symbol) [0x00AC5F8C]
	(No symbol) [0x00AC2328]
	(No symbol) [0x00AC240B]
	(No symbol) [0x00AB4FF7]
	BaseThreadInitThunk [0x76BA5D49+25]
	RtlInitializeExceptionChain [0x77A4E00B+107]
	RtlGetAppContainerNamedObjectPath [0x77A4DF91+561]

	at io.cucumber.spring.SpringFactory.getInstance(SpringFactory.java:165)
	at io.cucumber.java.AbstractGlueDefinition.invokeMethod(AbstractGlueDefinition.java:47)
	at io.cucumber.java.JavaHookDefinition.execute(JavaHookDefinition.java:59)
	at io.cucumber.core.runner.CoreHookDefinition.execute(CoreHookDefinition.java:46)
	at io.cucumber.core.runner.HookDefinitionMatch.runStep(HookDefinitionMatch.java:21)
	... 22 more
Caused by: org.springframework.beans.factory.UnsatisfiedDependencyException: Error creating bean with name 'com.ea.SpringBasic.steps.Hooks': Unsatisfied dependency expressed through field 'webDriver'; nested exception is org.springframework.beans.factory.BeanCreationException: Error creating bean with name 'getChromeDriver' defined in class path resource [com/ea/SpringBasic/libraries/WebDriverLibrary.class]: Bean instantiation via factory method failed; nested exception is org.springframework.beans.BeanInstantiationException: Failed to instantiate [org.openqa.selenium.WebDriver]: Factory method 'getChromeDriver' threw exception; nested exception is org.openqa.selenium.SessionNotCreatedException: session not created: This version of ChromeDriver only supports Chrome version 114
Current browser version is 150.0.7871.125 with binary path C:\Program Files\Google\Chrome\Application\chrome.exe
Build info: version: '3.141.59', revision: 'e82be7d358', time: '2018-11-14T08:17:03'
System info: host: 'ANKITA_LENOVO', ip: '192.168.1.12', os.name: 'Windows 11', os.arch: 'amd64', os.version: '10.0', java.version: '21.0.11'
Driver info: driver.version: ChromeDriver
remote stacktrace: Backtrace:
	GetHandleVerifier [0x00B2A813+48355]
	(No symbol) [0x00ABC4B1]
	(No symbol) [0x009C5358]
	(No symbol) [0x009E61AC]
	(No symbol) [0x009E1EF3]
	(No symbol) [0x009E0579]
	(No symbol) [0x00A10C55]
	(No symbol) [0x00A1093C]
	(No symbol) [0x00A0A536]
	(No symbol) [0x009E82DC]
	(No symbol) [0x009E93DD]
	GetHandleVerifier [0x00D8AABD+2539405]
	GetHandleVerifier [0x00DCA78F+2800735]
	GetHandleVerifier [0x00DC456C+2775612]
	GetHandleVerifier [0x00BB51E0+616112]
	(No symbol) [0x00AC5F8C]
	(No symbol) [0x00AC2328]
	(No symbol) [0x00AC240B]
	(No symbol) [0x00AB4FF7]
	BaseThreadInitThunk [0x76BA5D49+25]
	RtlInitializeExceptionChain [0x77A4E00B+107]
	RtlGetAppContainerNamedObjectPath [0x77A4DF91+561]

	at org.springframework.beans.factory.annotation.AutowiredAnnotationBeanPostProcessor$AutowiredFieldElement.resolveFieldValue(AutowiredAnnotationBeanPostProcessor.java:660)
	at org.springframework.beans.factory.annotation.AutowiredAnnotationBeanPostProcessor$AutowiredFieldElement.inject(AutowiredAnnotationBeanPostProcessor.java:640)
	at org.springframework.beans.factory.annotation.InjectionMetadata.inject(InjectionMetadata.java:119)
	at org.springframework.beans.factory.annotation.AutowiredAnnotationBeanPostProcessor.postProcessProperties(AutowiredAnnotationBeanPostProcessor.java:399)
	at org.springframework.beans.factory.support.AbstractAutowireCapableBeanFactory.populateBean(AbstractAutowireCapableBeanFactory.java:1413)
	at org.springframework.beans.factory.support.AbstractAutowireCapableBeanFactory.doCreateBean(AbstractAutowireCapableBeanFactory.java:601)
	at org.springframework.beans.factory.support.AbstractAutowireCapableBeanFactory.createBean(AbstractAutowireCapableBeanFactory.java:524)
	at org.springframework.beans.factory.support.AbstractBeanFactory.lambda$doGetBean$1(AbstractBeanFactory.java:374)
	at io.cucumber.spring.CucumberScenarioScope.get(CucumberScenarioScope.java:13)
	at org.springframework.beans.factory.support.AbstractBeanFactory.doGetBean(AbstractBeanFactory.java:371)
	at org.springframework.beans.factory.support.AbstractBeanFactory.getBean(AbstractBeanFactory.java:233)
	at org.springframework.beans.factory.support.DefaultListableBeanFactory.resolveNamedBean(DefaultListableBeanFactory.java:1273)
	at org.springframework.beans.factory.support.DefaultListableBeanFactory.resolveNamedBean(DefaultListableBeanFactory.java:1234)
	at org.springframework.beans.factory.support.DefaultListableBeanFactory.resolveBean(DefaultListableBeanFactory.java:494)
	at org.springframework.beans.factory.support.DefaultListableBeanFactory.getBean(DefaultListableBeanFactory.java:349)
	at org.springframework.beans.factory.support.DefaultListableBeanFactory.getBean(DefaultListableBeanFactory.java:342)
	at org.springframework.context.support.AbstractApplicationContext.getBean(AbstractApplicationContext.java:1171)
	at io.cucumber.spring.TestContextAdaptor.getInstance(TestContextAdaptor.java:103)
	at io.cucumber.spring.SpringFactory.getInstance(SpringFactory.java:163)
	... 26 more
Caused by: org.springframework.beans.factory.BeanCreationException: Error creating bean with name 'getChromeDriver' defined in class path resource [com/ea/SpringBasic/libraries/WebDriverLibrary.class]: Bean instantiation via factory method failed; nested exception is org.springframework.beans.BeanInstantiationException: Failed to instantiate [org.openqa.selenium.WebDriver]: Factory method 'getChromeDriver' threw exception; nested exception is org.openqa.selenium.SessionNotCreatedException: session not created: This version of ChromeDriver only supports Chrome version 114
Current browser version is 150.0.7871.125 with binary path C:\Program Files\Google\Chrome\Application\chrome.exe
Build info: version: '3.141.59', revision: 'e82be7d358', time: '2018-11-14T08:17:03'
System info: host: 'ANKITA_LENOVO', ip: '192.168.1.12', os.name: 'Windows 11', os.arch: 'amd64', os.version: '10.0', java.version: '21.0.11'
Driver info: driver.version: ChromeDriver
remote stacktrace: Backtrace:
	GetHandleVerifier [0x00B2A813+48355]
	(No symbol) [0x00ABC4B1]
	(No symbol) [0x009C5358]
	(No symbol) [0x009E61AC]
	(No symbol) [0x009E1EF3]
	(No symbol) [0x009E0579]
	(No symbol) [0x00A10C55]
	(No symbol) [0x00A1093C]
	(No symbol) [0x00A0A536]
	(No symbol) [0x009E82DC]
	(No symbol) [0x009E93DD]
	GetHandleVerifier [0x00D8AABD+2539405]
	GetHandleVerifier [0x00DCA78F+2800735]
	GetHandleVerifier [0x00DC456C+2775612]
	GetHandleVerifier [0x00BB51E0+616112]
	(No symbol) [0x00AC5F8C]
	(No symbol) [0x00AC2328]
	(No symbol) [0x00AC240B]
	(No symbol) [0x00AB4FF7]
	BaseThreadInitThunk [0x76BA5D49+25]
	RtlInitializeExceptionChain [0x77A4E00B+107]
	RtlGetAppContainerNamedObjectPath [0x77A4DF91+561]

	at org.springframework.beans.factory.support.ConstructorResolver.instantiate(ConstructorResolver.java:658)
	at org.springframework.beans.factory.support.ConstructorResolver.instantiateUsingFactoryMethod(ConstructorResolver.java:486)
	at org.springframework.beans.factory.support.AbstractAutowireCapableBeanFactory.instantiateUsingFactoryMethod(AbstractAutowireCapableBeanFactory.java:1334)
	at org.springframework.beans.factory.support.AbstractAutowireCapableBeanFactory.createBeanInstance(AbstractAutowireCapableBeanFactory.java:1177)
	at org.springframework.beans.factory.support.AbstractAutowireCapableBeanFactory.doCreateBean(AbstractAutowireCapableBeanFactory.java:564)
	at org.springframework.beans.factory.support.AbstractAutowireCapableBeanFactory.createBean(AbstractAutowireCapableBeanFactory.java:524)
	at org.springframework.beans.factory.support.AbstractBeanFactory.lambda$doGetBean$1(AbstractBeanFactory.java:374)
	at org.springframework.boot.test.autoconfigure.web.servlet.WebDriverScope.get(WebDriverScope.java:58)
	at org.springframework.beans.factory.support.AbstractBeanFactory.doGetBean(AbstractBeanFactory.java:371)
	at org.springframework.beans.factory.support.AbstractBeanFactory.getBean(AbstractBeanFactory.java:208)
	at org.springframework.beans.factory.config.DependencyDescriptor.resolveCandidate(DependencyDescriptor.java:276)
	at org.springframework.beans.factory.support.DefaultListableBeanFactory.doResolveDependency(DefaultListableBeanFactory.java:1380)
	at org.springframework.beans.factory.support.DefaultListableBeanFactory.resolveDependency(DefaultListableBeanFactory.java:1300)
	at org.springframework.beans.factory.annotation.AutowiredAnnotationBeanPostProcessor$AutowiredFieldElement.resolveFieldValue(AutowiredAnnotationBeanPostProcessor.java:657)
	... 44 more
Caused by: org.springframework.beans.BeanInstantiationException: Failed to instantiate [org.openqa.selenium.WebDriver]: Factory method 'getChromeDriver' threw exception; nested exception is org.openqa.selenium.SessionNotCreatedException: session not created: This version of ChromeDriver only supports Chrome version 114
Current browser version is 150.0.7871.125 with binary path C:\Program Files\Google\Chrome\Application\chrome.exe
Build info: version: '3.141.59', revision: 'e82be7d358', time: '2018-11-14T08:17:03'
System info: host: 'ANKITA_LENOVO', ip: '192.168.1.12', os.name: 'Windows 11', os.arch: 'amd64', os.version: '10.0', java.version: '21.0.11'
Driver info: driver.version: ChromeDriver
remote stacktrace: Backtrace:
	GetHandleVerifier [0x00B2A813+48355]
	(No symbol) [0x00ABC4B1]
	(No symbol) [0x009C5358]
	(No symbol) [0x009E61AC]
	(No symbol) [0x009E1EF3]
	(No symbol) [0x009E0579]
	(No symbol) [0x00A10C55]
	(No symbol) [0x00A1093C]
	(No symbol) [0x00A0A536]
	(No symbol) [0x009E82DC]
	(No symbol) [0x009E93DD]
	GetHandleVerifier [0x00D8AABD+2539405]
	GetHandleVerifier [0x00DCA78F+2800735]
	GetHandleVerifier [0x00DC456C+2775612]
	GetHandleVerifier [0x00BB51E0+616112]
	(No symbol) [0x00AC5F8C]
	(No symbol) [0x00AC2328]
	(No symbol) [0x00AC240B]
	(No symbol) [0x00AB4FF7]
	BaseThreadInitThunk [0x76BA5D49+25]
	RtlInitializeExceptionChain [0x77A4E00B+107]
	RtlGetAppContainerNamedObjectPath [0x77A4DF91+561]

	at org.springframework.beans.factory.support.SimpleInstantiationStrategy.instantiate(SimpleInstantiationStrategy.java:185)
	at org.springframework.beans.factory.support.ConstructorResolver.instantiate(ConstructorResolver.java:653)
	... 57 more
Caused by: org.openqa.selenium.SessionNotCreatedException: session not created: This version of ChromeDriver only supports Chrome version 114
Current browser version is 150.0.7871.125 with binary path C:\Program Files\Google\Chrome\Application\chrome.exe
Build info: version: '3.141.59', revision: 'e82be7d358', time: '2018-11-14T08:17:03'
System info: host: 'ANKITA_LENOVO', ip: '192.168.1.12', os.name: 'Windows 11', os.arch: 'amd64', os.version: '10.0', java.version: '21.0.11'
Driver info: driver.version: ChromeDriver
remote stacktrace: Backtrace:
	GetHandleVerifier [0x00B2A813+48355]
	(No symbol) [0x00ABC4B1]
	(No symbol) [0x009C5358]
	(No symbol) [0x009E61AC]
	(No symbol) [0x009E1EF3]
	(No symbol) [0x009E0579]
	(No symbol) [0x00A10C55]
	(No symbol) [0x00A1093C]
	(No symbol) [0x00A0A536]
	(No symbol) [0x009E82DC]
	(No symbol) [0x009E93DD]
	GetHandleVerifier [0x00D8AABD+2539405]
	GetHandleVerifier [0x00DCA78F+2800735]
	GetHandleVerifier [0x00DC456C+2775612]
	GetHandleVerifier [0x00BB51E0+616112]
	(No symbol) [0x00AC5F8C]
	(No symbol) [0x00AC2328]
	(No symbol) [0x00AC240B]
	(No symbol) [0x00AB4FF7]
	BaseThreadInitThunk [0x76BA5D49+25]
	RtlInitializeExceptionChain [0x77A4E00B+107]
	RtlGetAppContainerNamedObjectPath [0x77A4DF91+561]

	at java.base/jdk.internal.reflect.DirectConstructorHandleAccessor.newInstance(DirectConstructorHandleAccessor.java:62)
	at java.base/java.lang.reflect.Constructor.newInstanceWithCaller(Constructor.java:502)
	at java.base/java.lang.reflect.Constructor.newInstance(Constructor.java:486)
	at org.openqa.selenium.remote.W3CHandshakeResponse.lambda$errorHandler$0(W3CHandshakeResponse.java:62)
	at org.openqa.selenium.remote.HandshakeResponse.lambda$getResponseFunction$0(HandshakeResponse.java:30)
	at org.openqa.selenium.remote.ProtocolHandshake.lambda$createSession$0(ProtocolHandshake.java:126)
	at java.base/java.util.stream.ReferencePipeline$3$1.accept(ReferencePipeline.java:197)
	at java.base/java.util.Spliterators$ArraySpliterator.tryAdvance(Spliterators.java:1034)
	at java.base/java.util.stream.ReferencePipeline.forEachWithCancel(ReferencePipeline.java:129)
	at java.base/java.util.stream.AbstractPipeline.copyIntoWithCancel(AbstractPipeline.java:527)
	at java.base/java.util.stream.AbstractPipeline.copyInto(AbstractPipeline.java:513)
	at java.base/java.util.stream.AbstractPipeline.wrapAndCopyInto(AbstractPipeline.java:499)
	at java.base/java.util.stream.FindOps$FindOp.evaluateSequential(FindOps.java:150)
	at java.base/java.util.stream.AbstractPipeline.evaluate(AbstractPipeline.java:234)
	at java.base/java.util.stream.ReferencePipeline.findFirst(ReferencePipeline.java:647)
	at org.openqa.selenium.remote.ProtocolHandshake.createSession(ProtocolHandshake.java:128)
	at org.openqa.selenium.remote.ProtocolHandshake.createSession(ProtocolHandshake.java:74)
	at org.openqa.selenium.remote.HttpCommandExecutor.execute(HttpCommandExecutor.java:136)
	at org.openqa.selenium.remote.service.DriverCommandExecutor.execute(DriverCommandExecutor.java:83)
	at org.openqa.selenium.remote.RemoteWebDriver.execute(RemoteWebDriver.java:552)
	at org.openqa.selenium.remote.RemoteWebDriver.startSession(RemoteWebDriver.java:213)
	at org.openqa.selenium.remote.RemoteWebDriver.<init>(RemoteWebDriver.java:131)
	at org.openqa.selenium.chrome.ChromeDriver.<init>(ChromeDriver.java:181)
	at org.openqa.selenium.chrome.ChromeDriver.<init>(ChromeDriver.java:168)
	at org.openqa.selenium.chrome.ChromeDriver.<init>(ChromeDriver.java:157)
	at com.ea.SpringBasic.libraries.WebDriverLibrary.getChromeDriver(WebDriverLibrary.java:25)
	at com.ea.SpringBasic.libraries.WebDriverLibrary$$EnhancerBySpringCGLIB$$d4da2824.CGLIB$getChromeDriver$0(<generated>)
	at com.ea.SpringBasic.libraries.WebDriverLibrary$$EnhancerBySpringCGLIB$$d4da2824$$FastClassBySpringCGLIB$$3045b588.invoke(<generated>)
	at org.springframework.cglib.proxy.MethodProxy.invokeSuper(MethodProxy.java:244)
	at org.springframework.context.annotation.ConfigurationClassEnhancer$BeanMethodInterceptor.intercept(ConfigurationClassEnhancer.java:331)
	at com.ea.SpringBasic.libraries.WebDriverLibrary$$EnhancerBySpringCGLIB$$d4da2824.getChromeDriver(<generated>)
	at java.base/jdk.internal.reflect.DirectMethodHandleAccessor.invoke(DirectMethodHandleAccessor.java:103)
	at java.base/java.lang.reflect.Method.invoke(Method.java:580)
	at org.springframework.beans.factory.support.SimpleInstantiationStrategy.instantiate(SimpleInstantiationStrategy.java:154)
	... 58 more
&amp#27;[0m
]]></system-out>
    <system-err><![CDATA[Starting ChromeDriver 114.0.5735.90 (386bc09e8f4f2e025eddae123f36f6263096ae49-refs/branch-heads/5735@{#1052}) on port 57579
Only local connections are allowed.
Please see https://chromedriver.chromium.org/security-considerations for suggestions on keeping ChromeDriver safe.
ChromeDriver was started successfully.
]]></system-err>
  </testcase>
</testsuite>