<?xml version="1.0" encoding="UTF-8"?>
<!-- Generated by org.testng.reporters.JUnitReportReporter -->
<testsuite hostname="Ankita_Lenovo" failures="0" tests="4" name="com.ea.SpringBasic.runner.TestRunner" time="73.760" errors="4" timestamp="2026-07-24T23:49:28 IST" skipped="0">
  <testcase classname="com.ea.SpringBasic.runner.TestRunner" name="runScenario" time="22.002">
    <error message="Could not invoke hook defined at &#039;com.ea.SpringBasic.steps.Hooks.InitializeTest(io.cucumber.java.Scenario)&#039;.
It appears there was a problem with the hook definition." type="io.cucumber.core.exception.CucumberException">
      <![CDATA[io.cucumber.core.exception.CucumberException: Could not invoke hook defined at 'com.ea.SpringBasic.steps.Hooks.InitializeTest(io.cucumber.java.Scenario)'.
It appears there was a problem with the hook definition.
at io.cucumber.core.runner.HookDefinitionMatch.couldNotInvokeHook(HookDefinitionMatch.java:30)
at io.cucumber.core.runner.HookDefinitionMatch.runStep(HookDefinitionMatch.java:23)
at io.cucumber.core.runner.ExecutionMode$1.execute(ExecutionMode.java:10)
at io.cucumber.core.runner.TestStep.executeStep(TestStep.java:92)
at io.cucumber.core.runner.TestStep.run(TestStep.java:64)
at io.cucumber.core.runner.TestCase.run(TestCase.java:98)
at io.cucumber.core.runner.Runner.runPickle(Runner.java:71)
at io.cucumber.testng.TestNGCucumberRunner.lambda$runScenario$0(TestNGCucumberRunner.java:116)
at io.cucumber.core.runtime.CucumberExecutionContext.runTestCase(CucumberExecutionContext.java:117)
at io.cucumber.testng.TestNGCucumberRunner.runScenario(TestNGCucumberRunner.java:113)
at io.cucumber.testng.AbstractTestNGCucumberTests.runScenario(AbstractTestNGCucumberTests.java:31)
at java.base/jdk.internal.reflect.DirectMethodHandleAccessor.invoke(DirectMethodHandleAccessor.java:103)
at java.base/java.lang.reflect.Method.invoke(Method.java:580)
at org.testng.internal.MethodInvocationHelper.invokeMethod(MethodInvocationHelper.java:133)
at org.testng.internal.TestInvoker.invokeMethod(TestInvoker.java:598)
at org.testng.internal.TestInvoker.invokeTestMethod(TestInvoker.java:173)
at org.testng.internal.TestMethodWithDataProviderMethodWorker.call(TestMethodWithDataProviderMethodWorker.java:77)
at org.testng.internal.TestMethodWithDataProviderMethodWorker.call(TestMethodWithDataProviderMethodWorker.java:15)
at java.base/java.util.concurrent.FutureTask.run(FutureTask.java:317)
at java.base/java.util.concurrent.Executors$RunnableAdapter.call(Executors.java:572)
at java.base/java.util.concurrent.FutureTask.run(FutureTask.java:317)
at java.base/java.util.concurrent.ThreadPoolExecutor.runWorker(ThreadPoolExecutor.java:1144)
at java.base/java.util.concurrent.ThreadPoolExecutor$Worker.run(ThreadPoolExecutor.java:642)
at java.base/java.lang.Thread.run(Thread.java:1583)
Caused by: io.cucumber.core.backend.CucumberBackendException: Error creating bean with name 'com.ea.SpringBasic.steps.Hooks': Unsatisfied dependency expressed through field 'webDriver'; nested exception is org.springframework.beans.factory.BeanCreationException: Error creating bean with name 'getChromeDriver' defined in class path resource [com/ea/SpringBasic/libraries/WebDriverLibrary.class]: Bean instantiation via factory method failed; nested exception is org.springframework.beans.BeanInstantiationException: Failed to instantiate [org.openqa.selenium.WebDriver]: Factory method 'getChromeDriver' threw exception; nested exception is org.openqa.selenium.SessionNotCreatedException: session not created: This version of ChromeDriver only supports Chrome version 114
Current browser version is 150.0.7871.125 with binary path C:\Program Files\Google\Chrome\Application\chrome.exe
Build info: version: '3.141.59', revision: 'e82be7d358', time: '2018-11-14T08:17:03'
System info: host: 'ANKITA_LENOVO', ip: '192.168.1.12', os.name: 'Windows 11', os.arch: 'amd64', os.version: '10.0', java.version: '21.0.11'
Driver info: driver.version: ChromeDriver
remote stacktrace: Backtrace:
GetHandleVerifier [0x00B2A813+48355]
(No symbol) [0x00ABC4B1]
(No symbol) [0x009C5358]
(No symbol) [0x009E61AC]
(No symbol) [0x009E1EF3]
(No symbol) [0x009E0579]
(No symbol) [0x00A10C55]
(No symbol) [0x00A1093C]
(No symbol) [0x00A0A536]
(No symbol) [0x009E82DC]
(No symbol) [0x009E93DD]
GetHandleVerifier [0x00D8AABD+2539405]
GetHandleVerifier [0x00DCA78F+2800735]
GetHandleVerifier [0x00DC456C+2775612]
GetHandleVerifier [0x00BB51E0+616112]
(No symbol) [0x00AC5F8C]
(No symbol) [0x00AC2328]
(No symbol) [0x00AC240B]
(No symbol) [0x00AB4FF7]
BaseThreadInitThunk [0x76BA5D49+25]
RtlInitializeExceptionChain [0x77A4E00B+107]
RtlGetAppContainerNamedObjectPath [0x77A4DF91+561]

at io.cucumber.spring.SpringFactory.getInstance(SpringFactory.java:165)
at io.cucumber.java.AbstractGlueDefinition.invokeMethod(AbstractGlueDefinition.java:47)
at io.cucumber.java.JavaHookDefinition.execute(JavaHookDefinition.java:59)
at io.cucumber.core.runner.CoreHookDefinition.execute(CoreHookDefinition.java:46)
at io.cucumber.core.runner.HookDefinitionMatch.runStep(HookDefinitionMatch.java:21)
... 22 more
Caused by: org.springframework.beans.factory.UnsatisfiedDependencyException: Error creating bean with name 'com.ea.SpringBasic.steps.Hooks': Unsatisfied dependency expressed through field 'webDriver'; nested exception is org.springframework.beans.factory.BeanCreationException: Error creating bean with name 'getChromeDriver' defined in class path resource [com/ea/SpringBasic/libraries/WebDriverLibrary.class]: Bean instantiation via factory method failed; nested exception is org.springframework.beans.BeanInstantiationException: Failed to instantiate [org.openqa.selenium.WebDriver]: Factory method 'getChromeDriver' threw exception; nested exception is org.openqa.selenium.SessionNotCreatedException: session not created: This version of ChromeDriver only supports Chrome version 114
Current browser version is 150.0.7871.125 with binary path C:\Program Files\Google\Chrome\Application\chrome.exe
Build info: version: '3.141.59', revision: 'e82be7d358', time: '2018-11-14T08:17:03'
System info: host: 'ANKITA_LENOVO', ip: '192.168.1.12', os.name: 'Windows 11', os.arch: 'amd64', os.version: '10.0', java.version: '21.0.11'
Driver info: driver.version: ChromeDriver
remote stacktrace: Backtrace:
GetHandleVerifier [0x00B2A813+48355]
(No symbol) [0x00ABC4B1]
(No symbol) [0x009C5358]
(No symbol) [0x009E61AC]
(No symbol) [0x009E1EF3]
(No symbol) [0x009E0579]
(No symbol) [0x00A10C55]
(No symbol) [0x00A1093C]
(No symbol) [0x00A0A536]
(No symbol) [0x009E82DC]
(No symbol) [0x009E93DD]
GetHandleVerifier [0x00D8AABD+2539405]
GetHandleVerifier [0x00DCA78F+2800735]
GetHandleVerifier [0x00DC456C+2775612]
GetHandleVerifier [0x00BB51E0+616112]
(No symbol) [0x00AC5F8C]
(No symbol) [0x00AC2328]
(No symbol) [0x00AC240B]
(No symbol) [0x00AB4FF7]
BaseThreadInitThunk [0x76BA5D49+25]
RtlInitializeExceptionChain [0x77A4E00B+107]
RtlGetAppContainerNamedObjectPath [0x77A4DF91+561]

at org.springframework.beans.factory.annotation.AutowiredAnnotationBeanPostProcessor$AutowiredFieldElement.resolveFieldValue(AutowiredAnnotationBeanPostProcessor.java:660)
at org.springframework.beans.factory.annotation.AutowiredAnnotationBeanPostProcessor$AutowiredFieldElement.inject(AutowiredAnnotationBeanPostProcessor.java:640)
at org.springframework.beans.factory.annotation.InjectionMetadata.inject(InjectionMetadata.java:119)
at org.springframework.beans.factory.annotation.AutowiredAnnotationBeanPostProcessor.postProcessProperties(AutowiredAnnotationBeanPostProcessor.java:399)
at org.springframework.beans.factory.support.AbstractAutowireCapableBeanFactory.populateBean(AbstractAutowireCapableBeanFactory.java:1413)
at org.springframework.beans.factory.support.AbstractAutowireCapableBeanFactory.doCreateBean(AbstractAutowireCapableBeanFactory.java:601)
at org.springframework.beans.factory.support.AbstractAutowireCapableBeanFactory.createBean(AbstractAutowireCapableBeanFactory.java:524)
at org.springframework.beans.factory.support.AbstractBeanFactory.lambda$doGetBean$1(AbstractBeanFactory.java:374)
at io.cucumber.spring.CucumberScenarioScope.get(CucumberScenarioScope.java:13)
at org.springframework.beans.factory.support.AbstractBeanFactory.doGetBean(AbstractBeanFactory.java:371)
at org.springframework.beans.factory.support.AbstractBeanFactory.getBean(AbstractBeanFactory.java:233)
at org.springframework.beans.factory.support.DefaultListableBeanFactory.resolveNamedBean(DefaultListableBeanFactory.java:1273)
at org.springframework.beans.factory.support.DefaultListableBeanFactory.resolveNamedBean(DefaultListableBeanFactory.java:1234)
at org.springframework.beans.factory.support.DefaultListableBeanFactory.resolveBean(DefaultListableBeanFactory.java:494)
at org.springframework.beans.factory.support.DefaultListableBeanFactory.getBean(DefaultListableBeanFactory.java:349)
at org.springframework.beans.factory.support.DefaultListableBeanFactory.getBean(DefaultListableBeanFactory.java:342)
at org.springframework.context.support.AbstractApplicationContext.getBean(AbstractApplicationContext.java:1171)
at io.cucumber.spring.TestContextAdaptor.getInstance(TestContextAdaptor.java:103)
at io.cucumber.spring.SpringFactory.getInstance(SpringFactory.java:163)
... 26 more
Caused by: org.springframework.beans.factory.BeanCreationException: Error creating bean with name 'getChromeDriver' defined in class path resource [com/ea/SpringBasic/libraries/WebDriverLibrary.class]: Bean instantiation via factory method failed; nested exception is org.springframework.beans.BeanInstantiationException: Failed to instantiate [org.openqa.selenium.WebDriver]: Factory method 'getChromeDriver' threw exception; nested exception is org.openqa.selenium.SessionNotCreatedException: session not created: This version of ChromeDriver only supports Chrome version 114
Current browser version is 150.0.7871.125 with binary path C:\Program Files\Google\Chrome\Application\chrome.exe
Build info: version: '3.141.59', revision: 'e82be7d358', time: '2018-11-14T08:17:03'
System info: host: 'ANKITA_LENOVO', ip: '192.168.1.12', os.name: 'Windows 11', os.arch: 'amd64', os.version: '10.0', java.version: '21.0.11'
Driver info: driver.version: ChromeDriver
remote stacktrace: Backtrace:
GetHandleVerifier [0x00B2A813+48355]
(No symbol) [0x00ABC4B1]
(No symbol) [0x009C5358]
(No symbol) [0x009E61AC]
(No symbol) [0x009E1EF3]
(No symbol) [0x009E0579]
(No symbol) [0x00A10C55]
(No symbol) [0x00A1093C]
(No symbol) [0x00A0A536]
(No symbol) [0x009E82DC]
(No symbol) [0x009E93DD]
GetHandleVerifier [0x00D8AABD+2539405]
GetHandleVerifier [0x00DCA78F+2800735]
GetHandleVerifier [0x00DC456C+2775612]
GetHandleVerifier [0x00BB51E0+616112]
(No symbol) [0x00AC5F8C]
(No symbol) [0x00AC2328]
(No symbol) [0x00AC240B]
(No symbol) [0x00AB4FF7]
BaseThreadInitThunk [0x76BA5D49+25]
RtlInitializeExceptionChain [0x77A4E00B+107]
RtlGetAppContainerNamedObjectPath [0x77A4DF91+561]

at org.springframework.beans.factory.support.ConstructorResolver.instantiate(ConstructorResolver.java:658)
at org.springframework.beans.factory.support.ConstructorResolver.instantiateUsingFactoryMethod(ConstructorResolver.java:638)
at org.springframework.beans.factory.support.AbstractAutowireCapableBeanFactory.instantiateUsingFactoryMethod(AbstractAutowireCapableBeanFactory.java:1334)
at org.springframework.beans.factory.support.AbstractAutowireCapableBeanFactory.createBeanInstance(AbstractAutowireCapableBeanFactory.java:1177)
at org.springframework.beans.factory.support.AbstractAutowireCapableBeanFactory.doCreateBean(AbstractAutowireCapableBeanFactory.java:564)
at org.springframework.beans.factory.support.AbstractAutowireCapableBeanFactory.createBean(AbstractAutowireCapableBeanFactory.java:524)
at org.springframework.beans.factory.support.AbstractBeanFactory.lambda$doGetBean$1(AbstractBeanFactory.java:374)
at org.springframework.boot.test.autoconfigure.web.servlet.WebDriverScope.get(WebDriverScope.java:58)
at org.springframework.beans.factory.support.AbstractBeanFactory.doGetBean(AbstractBeanFactory.java:371)
at org.springframework.beans.factory.support.AbstractBeanFactory.getBean(AbstractBeanFactory.java:208)
at org.springframework.beans.factory.config.DependencyDescriptor.resolveCandidate(DependencyDescriptor.java:276)
at org.springframework.beans.factory.support.DefaultListableBeanFactory.doResolveDependency(DefaultListableBeanFactory.java:1380)
at org.springframework.beans.factory.support.DefaultListableBeanFactory.resolveDependency(DefaultListableBeanFactory.java:1300)
at org.springframework.beans.factory.annotation.AutowiredAnnotationBeanPostProcessor$AutowiredFieldElement.resolveFieldValue(AutowiredAnnotationBeanPostProcessor.java:657)
... 44 more
Caused by: org.springframework.beans.BeanInstantiationException: Failed to instantiate [org.openqa.selenium.WebDriver]: Factory method 'getChromeDriver' threw exception; nested exception is org.openqa.selenium.SessionNotCreatedException: session not created: This version of ChromeDriver only supports Chrome version 114
Current browser version is 150.0.7871.125 with binary path C:\Program Files\Google\Chrome\Application\chrome.exe
Build info: version: '3.141.59', revision: 'e82be7d358', time: '2018-11-14T08:17:03'
System info: host: 'ANKITA_LENOVO', ip: '192.168.1.12', os.name: 'Windows 11', os.arch: 'amd64', os.version: '10.0', java.version: '21.0.11'
Driver info: driver.version: ChromeDriver
remote stacktrace: Backtrace:
GetHandleVerifier [0x00B2A813+48355]
(No symbol) [0x00ABC4B1]
(No symbol) [0x009C5358]
(No symbol) [0x009E61AC]
(No symbol) [0x009E1EF3]
(No symbol) [0x009E0579]
(No symbol) [0x00A10C55]
(No symbol) [0x00A1093C]
(No symbol) [0x00A0A536]
(No symbol) [0x009E82DC]
(No symbol) [0x009E93DD]
GetHandleVerifier [0x00D8AABD+2539405]
GetHandleVerifier [0x00DCA78F+2800735]
GetHandleVerifier [0x00DC456C+2775612]
GetHandleVerifier [0x00BB51E0+616112]
(No symbol) [0x00AC5F8C]
(No symbol) [0x00AC2328]
(No symbol) [0x00AC240B]
(No symbol) [0x00AB4FF7]
BaseThreadInitThunk [0x76BA5D49+25]
RtlInitializeExceptionChain [0x77A4E00B+107]
RtlGetAppContainerNamedObjectPath [0x77A4DF91+561]

at org.springframework.beans.factory.support.SimpleInstantiationStrategy.instantiate(SimpleInstantiationStrategy.java:185)
at org.springframework.beans.factory.support.ConstructorResolver.instantiate(ConstructorResolver.java:653)
... 57 more
Caused by: org.openqa.selenium.SessionNotCreatedException: session not created: This version of ChromeDriver only supports Chrome version 114
Current browser version is 150.0.7871.125 with binary path C:\Program Files\Google\Chrome\Application\chrome.exe
Build info: version: '3.141.59', revision: 'e82be7d358', time: '2018-11-14T08:17:03'
System info: host: 'ANKITA_LENOVO', ip: '192.168.1.12', os.name: 'Windows 11', os.arch: 'amd64', os.version: '10.0', java.version: '21.0.11'
Driver info: driver.version: ChromeDriver
remote stacktrace: Backtrace:
GetHandleVerifier [0x00B2A813+48355]
(No symbol) [0x00ABC4B1]
(No symbol) [0x009C5358]
(No symbol) [0x009E61AC]
(No symbol) [0x009E1EF3]
(No symbol) [0x009E0579]
(No symbol) [0x00A10C55]
(No symbol) [0x00A1093C]
(No symbol) [0x00A0A536]
(No symbol) [0x009E82DC]
(No symbol) [0x009E93DD]
GetHandleVerifier [0x00D8AABD+2539405]
GetHandleVerifier [0x00DCA78F+2800735]
GetHandleVerifier [0x00DC456C+2775612]
GetHandleVerifier [0x00BB51E0+616112]
(No symbol) [0x00AC5F8C]
(No symbol) [0x00AC2328]
(No symbol) [0x00AC240B]
(No symbol) [0x00AB4FF7]
BaseThreadInitThunk [0x76BA5D49+25]
RtlInitializeExceptionChain [0x77A4E00B+107]
RtlGetAppContainerNamedObjectPath [0x77A4DF91+561]

at java.base/jdk.internal.reflect.DirectConstructorHandleAccessor.newInstance(DirectConstructorHandleAccessor.java:62)
at java.base/java.lang.reflect.Constructor.newInstanceWithCaller(Constructor.java:502)
at java.base/java.lang.reflect.Constructor.newInstance(Constructor.java:486)
at org.openqa.selenium.remote.W3CHandshakeResponse.lambda$errorHandler$0(W3CHandshakeResponse.java:62)
at org.openqa.selenium.remote.HandshakeResponse.lambda$getResponseFunction$0(HandshakeResponse.java:30)
at org.openqa.selenium.remote.ProtocolHandshake.lambda$createSession$0(ProtocolHandshake.java:126)
at java.base/java.util.stream.ReferencePipeline$3$1.accept(ReferencePipeline.java:197)
at java.base/java.util.Spliterators$ArraySpliterator.tryAdvance(Spliterators.java:1034)
at java.base/java.util.stream.ReferencePipeline.forEachWithCancel(ReferencePipeline.java:129)
at java.base/java.util.stream.AbstractPipeline.copyIntoWithCancel(AbstractPipeline.java:527)
at java.base/java.util.stream.AbstractPipeline.copyInto(AbstractPipeline.java:513)
at java.base/java.util.stream.AbstractPipeline.wrapAndCopyInto(AbstractPipeline.java:499)
at java.base/java.util.stream.FindOps$FindOp.evaluateSequential(FindOps.java:150)
at java.base/java.util.stream.AbstractPipeline.evaluate(AbstractPipeline.java:234)
at java.base/java.util.stream.ReferencePipeline.findFirst(ReferencePipeline.java:647)
at org.openqa.selenium.remote.ProtocolHandshake.createSession(ProtocolHandshake.java:128)
at org.openqa.selenium.remote.ProtocolHandshake.createSession(ProtocolHandshake.java:74)
at org.openqa.selenium.remote.HttpCommandExecutor.execute(HttpCommandExecutor.java:136)
at org.openqa.selenium.remote.service.DriverCommandExecutor.execute(DriverCommandExecutor.java:83)
at org.openqa.selenium.remote.RemoteWebDriver.execute(RemoteWebDriver.java:552)
at org.openqa.selenium.remote.RemoteWebDriver.startSession(RemoteWebDriver.java:213)
at org.openqa.selenium.remote.RemoteWebDriver.<init>(RemoteWebDriver.java:131)
at org.openqa.selenium.chrome.ChromeDriver.<init>(ChromeDriver.java:181)
at org.openqa.selenium.chrome.ChromeDriver.<init>(ChromeDriver.java:168)
at org.openqa.selenium.chrome.ChromeDriver.<init>(ChromeDriver.java:157)
at com.ea.SpringBasic.libraries.WebDriverLibrary.getChromeDriver(WebDriverLibrary.java:25)
at com.ea.SpringBasic.libraries.WebDriverLibrary$$EnhancerBySpringCGLIB$$d4da2824.CGLIB$getChromeDriver$0(<generated>)
at com.ea.SpringBasic.libraries.WebDriverLibrary$$EnhancerBySpringCGLIB$$d4da2824$$FastClassBySpringCGLIB$$3045b588.invoke(<generated>)
at org.springframework.cglib.proxy.MethodProxy.invokeSuper(MethodProxy.java:244)
at org.springframework.context.annotation.ConfigurationClassEnhancer$BeanMethodInterceptor.intercept(ConfigurationClassEnhancer.java:331)
at com.ea.SpringBasic.libraries.WebDriverLibrary$$EnhancerBySpringCGLIB$$d4da2824.getChromeDriver(<generated>)
at java.base/jdk.internal.reflect.DirectMethodHandleAccessor.invoke(DirectMethodHandleAccessor.java:103)
at java.base/java.lang.reflect.Method.invoke(Method.java:580)
at org.springframework.beans.factory.support.SimpleInstantiationStrategy.instantiate(SimpleInstantiationStrategy.java:154)
... 58 more
]]>
    </error>
  </testcase> <!-- runScenario -->
  <system-out/>
  <testcase classname="com.ea.SpringBasic.runner.TestRunner" name="runScenario" time="17.414">
    <error message="Could not invoke hook defined at &#039;com.ea.SpringBasic.steps.Hooks.InitializeTest(io.cucumber.java.Scenario)&#039;.
It appears there was a problem with the hook definition." type="io.cucumber.core.exception.CucumberException">
      <![CDATA[io.cucumber.core.exception.CucumberException: Could not invoke hook defined at 'com.ea.SpringBasic.steps.Hooks.InitializeTest(io.cucumber.java.Scenario)'.
It appears there was a problem with the hook definition.
at io.cucumber.core.runner.HookDefinitionMatch.couldNotInvokeHook(HookDefinitionMatch.java:30)
at io.cucumber.core.runner.HookDefinitionMatch.runStep(HookDefinitionMatch.java:23)
at io.cucumber.core.runner.ExecutionMode$1.execute(ExecutionMode.java:10)
at io.cucumber.core.runner.TestStep.executeStep(TestStep.java:92)
at io.cucumber.core.runner.TestStep.run(TestStep.java:64)
at io.cucumber.core.runner.TestCase.run(TestCase.java:98)
at io.cucumber.core.runner.Runner.runPickle(Runner.java:71)
at io.cucumber.testng.TestNGCucumberRunner.lambda$runScenario$0(TestNGCucumberRunner.java:116)
at io.cucumber.core.runtime.CucumberExecutionContext.runTestCase(CucumberExecutionContext.java:117)
at io.cucumber.testng.TestNGCucumberRunner.runScenario(TestNGCucumberRunner.java:113)
at io.cucumber.testng.AbstractTestNGCucumberTests.runScenario(AbstractTestNGCucumberTests.java:31)
at java.base/jdk.internal.reflect.DirectMethodHandleAccessor.invoke(DirectMethodHandleAccessor.java:103)
at java.base/java.lang.reflect.Method.invoke(Method.java:580)
at org.testng.internal.MethodInvocationHelper.invokeMethod(MethodInvocationHelper.java:133)
at org.testng.internal.TestInvoker.invokeMethod(TestInvoker.java:598)
at org.testng.internal.TestInvoker.invokeTestMethod(TestInvoker.java:173)
at org.testng.internal.TestMethodWithDataProviderMethodWorker.call(TestMethodWithDataProviderMethodWorker.java:77)
at org.testng.internal.TestMethodWithDataProviderMethodWorker.call(TestMethodWithDataProviderMethodWorker.java:15)
at java.base/java.util.concurrent.FutureTask.run(FutureTask.java:317)
at java.base/java.util.concurrent.Executors$RunnableAdapter.call(Executors.java:572)
at java.base/java.util.concurrent.FutureTask.run(FutureTask.java:317)
at java.base/java.util.concurrent.ThreadPoolExecutor.runWorker(ThreadPoolExecutor.java:1144)
at java.base/java.util.concurrent.ThreadPoolExecutor$Worker.run(ThreadPoolExecutor.java:642)
at java.base/java.lang.Thread.run(Thread.java:1583)
Caused by: io.cucumber.core.backend.CucumberBackendException: Error creating bean with name 'com.ea.SpringBasic.steps.Hooks': Unsatisfied dependency expressed through field 'webDriver'; nested exception is org.springframework.beans.factory.BeanCreationException: Error creating bean with name 'getChromeDriver' defined in class path resource [com/ea/SpringBasic/libraries/WebDriverLibrary.class]: Bean instantiation via factory method failed; nested exception is org.springframework.beans.BeanInstantiationException: Failed to instantiate [org.openqa.selenium.WebDriver]: Factory method 'getChromeDriver' threw exception; nested exception is org.openqa.selenium.SessionNotCreatedException: session not created: This version of ChromeDriver only supports Chrome version 114
Current browser version is 150.0.7871.125 with binary path C:\Program Files\Google\Chrome\Application\chrome.exe
Build info: version: '3.141.59', revision: 'e82be7d358', time: '2018-11-14T08:17:03'
System info: host: 'ANKITA_LENOVO', ip: '192.168.1.12', os.name: 'Windows 11', os.arch: 'amd64', os.version: '10.0', java.version: '21.0.11'
Driver info: driver.version: ChromeDriver
remote stacktrace: Backtrace:
GetHandleVerifier [0x00B2A813+48355]
(No symbol) [0x00ABC4B1]
(No symbol) [0x009C5358]
(No symbol) [0x009E61AC]
(No symbol) [0x009E1EF3]
(No symbol) [0x009E0579]
(No symbol) [0x00A10C55]
(No symbol) [0x00A1093C]
(No symbol) [0x00A0A536]
(No symbol) [0x009E82DC]
(No symbol) [0x009E93DD]
GetHandleVerifier [0x00D8AABD+2539405]
GetHandleVerifier [0x00DCA78F+2800735]
GetHandleVerifier [0x00DC456C+2775612]
GetHandleVerifier [0x00BB51E0+616112]
(No symbol) [0x00AC5F8C]
(No symbol) [0x00AC2328]
(No symbol) [0x00AC240B]
(No symbol) [0x00AB4FF7]
BaseThreadInitThunk [0x76BA5D49+25]
RtlInitializeExceptionChain [0x77A4E00B+107]
RtlGetAppContainerNamedObjectPath [0x77A4DF91+561]

at io.cucumber.spring.SpringFactory.getInstance(SpringFactory.java:165)
at io.cucumber.java.AbstractGlueDefinition.invokeMethod(AbstractGlueDefinition.java:47)
at io.cucumber.java.JavaHookDefinition.execute(JavaHookDefinition.java:59)
at io.cucumber.core.runner.CoreHookDefinition.execute(CoreHookDefinition.java:46)
at io.cucumber.core.runner.HookDefinitionMatch.runStep(HookDefinitionMatch.java:21)
... 22 more
Caused by: org.springframework.beans.factory.UnsatisfiedDependencyException: Error creating bean with name 'com.ea.SpringBasic.steps.Hooks': Unsatisfied dependency expressed through field 'webDriver'; nested exception is org.springframework.beans.factory.BeanCreationException: Error creating bean with name 'getChromeDriver' defined in class path resource [com/ea/SpringBasic/libraries/WebDriverLibrary.class]: Bean instantiation via factory method failed; nested exception is org.springframework.beans.BeanInstantiationException: Failed to instantiate [org.openqa.selenium.WebDriver]: Factory method 'getChromeDriver' threw exception; nested exception is org.openqa.selenium.SessionNotCreatedException: session not created: This version of ChromeDriver only supports Chrome version 114
Current browser version is 150.0.7871.125 with binary path C:\Program Files\Google\Chrome\Application\chrome.exe
Build info: version: '3.141.59', revision: 'e82be7d358', time: '2018-11-14T08:17:03'
System info: host: 'ANKITA_LENOVO', ip: '192.168.1.12', os.name: 'Windows 11', os.arch: 'amd64', os.version: '10.0', java.version: '21.0.11'
Driver info: driver.version: ChromeDriver
remote stacktrace: Backtrace:
GetHandleVerifier [0x00B2A813+48355]
(No symbol) [0x00ABC4B1]
(No symbol) [0x009C5358]
(No symbol) [0x009E61AC]
(No symbol) [0x009E1EF3]
(No symbol) [0x009E0579]
(No symbol) [0x00A10C55]
(No symbol) [0x00A1093C]
(No symbol) [0x00A0A536]
(No symbol) [0x009E82DC]
(No symbol) [0x009E93DD]
GetHandleVerifier [0x00D8AABD+2539405]
GetHandleVerifier [0x00DCA78F+2800735]
GetHandleVerifier [0x00DC456C+2775612]
GetHandleVerifier [0x00BB51E0+616112]
(No symbol) [0x00AC5F8C]
(No symbol) [0x00AC2328]
(No symbol) [0x00AC240B]
(No symbol) [0x00AB4FF7]
BaseThreadInitThunk [0x76BA5D49+25]
RtlInitializeExceptionChain [0x77A4E00B+107]
RtlGetAppContainerNamedObjectPath [0x77A4DF91+561]

at org.springframework.beans.factory.annotation.AutowiredAnnotationBeanPostProcessor$AutowiredFieldElement.resolveFieldValue(AutowiredAnnotationBeanPostProcessor.java:660)
at org.springframework.beans.factory.annotation.AutowiredAnnotationBeanPostProcessor$AutowiredFieldElement.inject(AutowiredAnnotationBeanPostProcessor.java:640)
at org.springframework.beans.factory.annotation.InjectionMetadata.inject(InjectionMetadata.java:119)
at org.springframework.beans.factory.annotation.AutowiredAnnotationBeanPostProcessor.postProcessProperties(AutowiredAnnotationBeanPostProcessor.java:399)
at org.springframework.beans.factory.support.AbstractAutowireCapableBeanFactory.populateBean(AbstractAutowireCapableBeanFactory.java:1413)
at org.springframework.beans.factory.support.AbstractAutowireCapableBeanFactory.doCreateBean(AbstractAutowireCapableBeanFactory.java:601)
at org.springframework.beans.factory.support.AbstractAutowireCapableBeanFactory.createBean(AbstractAutowireCapableBeanFactory.java:524)
at org.springframework.beans.factory.support.AbstractBeanFactory.lambda$doGetBean$1(AbstractBeanFactory.java:374)
at io.cucumber.spring.CucumberScenarioScope.get(CucumberScenarioScope.java:13)
at org.springframework.beans.factory.support.AbstractBeanFactory.doGetBean(AbstractBeanFactory.java:371)
at org.springframework.beans.factory.support.AbstractBeanFactory.getBean(AbstractBeanFactory.java:233)
at org.springframework.beans.factory.support.DefaultListableBeanFactory.resolveNamedBean(DefaultListableBeanFactory.java:1273)
at org.springframework.beans.factory.support.DefaultListableBeanFactory.resolveNamedBean(DefaultListableBeanFactory.java:1234)
at org.springframework.beans.factory.support.DefaultListableBeanFactory.resolveBean(DefaultListableBeanFactory.java:494)
at org.springframework.beans.factory.support.DefaultListableBeanFactory.getBean(DefaultListableBeanFactory.java:349)
at org.springframework.beans.factory.support.DefaultListableBeanFactory.getBean(DefaultListableBeanFactory.java:342)
at org.springframework.context.support.AbstractApplicationContext.getBean(AbstractApplicationContext.java:1171)
at io.cucumber.spring.TestContextAdaptor.getInstance(TestContextAdaptor.java:103)
at io.cucumber.spring.SpringFactory.getInstance(SpringFactory.java:163)
... 26 more
Caused by: org.springframework.beans.factory.BeanCreationException: Error creating bean with name 'getChromeDriver' defined in class path resource [com/ea/SpringBasic/libraries/WebDriverLibrary.class]: Bean instantiation via factory method failed; nested exception is org.springframework.beans.BeanInstantiationException: Failed to instantiate [org.openqa.selenium.WebDriver]: Factory method 'getChromeDriver' threw exception; nested exception is org.openqa.selenium.SessionNotCreatedException: session not created: This version of ChromeDriver only supports Chrome version 114
Current browser version is 150.0.7871.125 with binary path C:\Program Files\Google\Chrome\Application\chrome.exe
Build info: version: '3.141.59', revision: 'e82be7d358', time: '2018-11-14T08:17:03'
System info: host: 'ANKITA_LENOVO', ip: '192.168.1.12', os.name: 'Windows 11', os.arch: 'amd64', os.version: '10.0', java.version: '21.0.11'
Driver info: driver.version: ChromeDriver
remote stacktrace: Backtrace:
GetHandleVerifier [0x00B2A813+48355]
(No symbol) [0x00ABC4B1]
(No symbol) [0x009C5358]
(No symbol) [0x009E61AC]
(No symbol) [0x009E1EF3]
(No symbol) [0x009E0579]
(No symbol) [0x00A10C55]
(No symbol) [0x00A1093C]
(No symbol) [0x00A0A536]
(No symbol) [0x009E82DC]
(No symbol) [0x009E93DD]
GetHandleVerifier [0x00D8AABD+2539405]
GetHandleVerifier [0x00DCA78F+2800735]
GetHandleVerifier [0x00DC456C+2775612]
GetHandleVerifier [0x00BB51E0+616112]
(No symbol) [0x00AC5F8C]
(No symbol) [0x00AC2328]
(No symbol) [0x00AC240B]
(No symbol) [0x00AB4FF7]
BaseThreadInitThunk [0x76BA5D49+25]
RtlInitializeExceptionChain [0x77A4E00B+107]
RtlGetAppContainerNamedObjectPath [0x77A4DF91+561]

at org.springframework.beans.factory.support.ConstructorResolver.instantiate(ConstructorResolver.java:658)
at org.springframework.beans.factory.support.ConstructorResolver.instantiateUsingFactoryMethod(ConstructorResolver.java:638)
at org.springframework.beans.factory.support.AbstractAutowireCapableBeanFactory.instantiateUsingFactoryMethod(AbstractAutowireCapableBeanFactory.java:1334)
at org.springframework.beans.factory.support.AbstractAutowireCapableBeanFactory.createBeanInstance(AbstractAutowireCapableBeanFactory.java:1177)
at org.springframework.beans.factory.support.AbstractAutowireCapableBeanFactory.doCreateBean(AbstractAutowireCapableBeanFactory.java:564)
at org.springframework.beans.factory.support.AbstractAutowireCapableBeanFactory.createBean(AbstractAutowireCapableBeanFactory.java:524)
at org.springframework.beans.factory.support.AbstractBeanFactory.lambda$doGetBean$1(AbstractBeanFactory.java:374)
at org.springframework.boot.test.autoconfigure.web.servlet.WebDriverScope.get(WebDriverScope.java:58)
at org.springframework.beans.factory.support.AbstractBeanFactory.doGetBean(AbstractBeanFactory.java:371)
at org.springframework.beans.factory.support.AbstractBeanFactory.getBean(AbstractBeanFactory.java:208)
at org.springframework.beans.factory.config.DependencyDescriptor.resolveCandidate(DependencyDescriptor.java:276)
at org.springframework.beans.factory.support.DefaultListableBeanFactory.doResolveDependency(DefaultListableBeanFactory.java:1380)
at org.springframework.beans.factory.support.DefaultListableBeanFactory.resolveDependency(DefaultListableBeanFactory.java:1300)
at org.springframework.beans.factory.annotation.AutowiredAnnotationBeanPostProcessor$AutowiredFieldElement.resolveFieldValue(AutowiredAnnotationBeanPostProcessor.java:657)
... 44 more
Caused by: org.springframework.beans.BeanInstantiationException: Failed to instantiate [org.openqa.selenium.WebDriver]: Factory method 'getChromeDriver' threw exception; nested exception is org.openqa.selenium.SessionNotCreatedException: session not created: This version of ChromeDriver only supports Chrome version 114
Current browser version is 150.0.7871.125 with binary path C:\Program Files\Google\Chrome\Application\chrome.exe
Build info: version: '3.141.59', revision: 'e82be7d358', time: '2018-11-14T08:17:03'
System info: host: 'ANKITA_LENOVO', ip: '192.168.1.12', os.name: 'Windows 11', os.arch: 'amd64', os.version: '10.0', java.version: '21.0.11'
Driver info: driver.version: ChromeDriver
remote stacktrace: Backtrace:
GetHandleVerifier [0x00B2A813+48355]
(No symbol) [0x00ABC4B1]
(No symbol) [0x009C5358]
(No symbol) [0x009E61AC]
(No symbol) [0x009E1EF3]
(No symbol) [0x009E0579]
(No symbol) [0x00A10C55]
(No symbol) [0x00A1093C]
(No symbol) [0x00A0A536]
(No symbol) [0x009E82DC]
(No symbol) [0x009E93DD]
GetHandleVerifier [0x00D8AABD+2539405]
GetHandleVerifier [0x00DCA78F+2800735]
GetHandleVerifier [0x00DC456C+2775612]
GetHandleVerifier [0x00BB51E0+616112]
(No symbol) [0x00AC5F8C]
(No symbol) [0x00AC2328]
(No symbol) [0x00AC240B]
(No symbol) [0x00AB4FF7]
BaseThreadInitThunk [0x76BA5D49+25]
RtlInitializeExceptionChain [0x77A4E00B+107]
RtlGetAppContainerNamedObjectPath [0x77A4DF91+561]

at org.springframework.beans.factory.support.SimpleInstantiationStrategy.instantiate(SimpleInstantiationStrategy.java:185)
at org.springframework.beans.factory.support.ConstructorResolver.instantiate(ConstructorResolver.java:653)
... 57 more
Caused by: org.openqa.selenium.SessionNotCreatedException: session not created: This version of ChromeDriver only supports Chrome version 114
Current browser version is 150.0.7871.125 with binary path C:\Program Files\Google\Chrome\Application\chrome.exe
Build info: version: '3.141.59', revision: 'e82be7d358', time: '2018-11-14T08:17:03'
System info: host: 'ANKITA_LENOVO', ip: '192.168.1.12', os.name: 'Windows 11', os.arch: 'amd64', os.version: '10.0', java.version: '21.0.11'
Driver info: driver.version: ChromeDriver
remote stacktrace: Backtrace:
GetHandleVerifier [0x00B2A813+48355]
(No symbol) [0x00ABC4B1]
(No symbol) [0x009C5358]
(No symbol) [0x009E61AC]
(No symbol) [0x009E1EF3]
(No symbol) [0x009E0579]
(No symbol) [0x00A10C55]
(No symbol) [0x00A1093C]
(No symbol) [0x00A0A536]
(No symbol) [0x009E82DC]
(No symbol) [0x009E93DD]
GetHandleVerifier [0x00D8AABD+2539405]
GetHandleVerifier [0x00DCA78F+2800735]
GetHandleVerifier [0x00DC456C+2775612]
GetHandleVerifier [0x00BB51E0+616112]
(No symbol) [0x00AC5F8C]
(No symbol) [0x00AC2328]
(No symbol) [0x00AC240B]
(No symbol) [0x00AB4FF7]
BaseThreadInitThunk [0x76BA5D49+25]
RtlInitializeExceptionChain [0x77A4E00B+107]
RtlGetAppContainerNamedObjectPath [0x77A4DF91+561]

at java.base/jdk.internal.reflect.DirectConstructorHandleAccessor.newInstance(DirectConstructorHandleAccessor.java:62)
at java.base/java.lang.reflect.Constructor.newInstanceWithCaller(Constructor.java:502)
at java.base/java.lang.reflect.Constructor.newInstance(Constructor.java:486)
at org.openqa.selenium.remote.W3CHandshakeResponse.lambda$errorHandler$0(W3CHandshakeResponse.java:62)
at org.openqa.selenium.remote.HandshakeResponse.lambda$getResponseFunction$0(HandshakeResponse.java:30)
at org.openqa.selenium.remote.ProtocolHandshake.lambda$createSession$0(ProtocolHandshake.java:126)
at java.base/java.util.stream.ReferencePipeline$3$1.accept(ReferencePipeline.java:197)
at java.base/java.util.Spliterators$ArraySpliterator.tryAdvance(Spliterators.java:1034)
at java.base/java.util.stream.ReferencePipeline.forEachWithCancel(ReferencePipeline.java:129)
at java.base/java.util.stream.AbstractPipeline.copyIntoWithCancel(AbstractPipeline.java:527)
at java.base/java.util.stream.AbstractPipeline.copyInto(AbstractPipeline.java:513)
at java.base/java.util.stream.AbstractPipeline.wrapAndCopyInto(AbstractPipeline.java:499)
at java.base/java.util.stream.FindOps$FindOp.evaluateSequential(FindOps.java:150)
at java.base/java.util.stream.AbstractPipeline.evaluate(AbstractPipeline.java:234)
at java.base/java.util.stream.ReferencePipeline.findFirst(ReferencePipeline.java:647)
at org.openqa.selenium.remote.ProtocolHandshake.createSession(ProtocolHandshake.java:128)
at org.openqa.selenium.remote.ProtocolHandshake.createSession(ProtocolHandshake.java:74)
at org.openqa.selenium.remote.HttpCommandExecutor.execute(HttpCommandExecutor.java:136)
at org.openqa.selenium.remote.service.DriverCommandExecutor.execute(DriverCommandExecutor.java:83)
at org.openqa.selenium.remote.RemoteWebDriver.execute(RemoteWebDriver.java:552)
at org.openqa.selenium.remote.RemoteWebDriver.startSession(RemoteWebDriver.java:213)
at org.openqa.selenium.remote.RemoteWebDriver.<init>(RemoteWebDriver.java:131)
at org.openqa.selenium.chrome.ChromeDriver.<init>(ChromeDriver.java:181)
at org.openqa.selenium.chrome.ChromeDriver.<init>(ChromeDriver.java:168)
at org.openqa.selenium.chrome.ChromeDriver.<init>(ChromeDriver.java:157)
at com.ea.SpringBasic.libraries.WebDriverLibrary.getChromeDriver(WebDriverLibrary.java:25)
at com.ea.SpringBasic.libraries.WebDriverLibrary$$EnhancerBySpringCGLIB$$d4da2824.CGLIB$getChromeDriver$0(<generated>)
at com.ea.SpringBasic.libraries.WebDriverLibrary$$EnhancerBySpringCGLIB$$d4da2824$$FastClassBySpringCGLIB$$3045b588.invoke(<generated>)
at org.springframework.cglib.proxy.MethodProxy.invokeSuper(MethodProxy.java:244)
at org.springframework.context.annotation.ConfigurationClassEnhancer$BeanMethodInterceptor.intercept(ConfigurationClassEnhancer.java:331)
at com.ea.SpringBasic.libraries.WebDriverLibrary$$EnhancerBySpringCGLIB$$d4da2824.getChromeDriver(<generated>)
at java.base/jdk.internal.reflect.DirectMethodHandleAccessor.invoke(DirectMethodHandleAccessor.java:103)
at java.base/java.lang.reflect.Method.invoke(Method.java:580)
at org.springframework.beans.factory.support.SimpleInstantiationStrategy.instantiate(SimpleInstantiationStrategy.java:154)
... 58 more
]]>
    </error>
  </testcase> <!-- runScenario -->
  <system-out/>
  <testcase classname="com.ea.SpringBasic.runner.TestRunner" name="runScenario" time="15.294">
    <error message="Could not invoke hook defined at &#039;com.ea.SpringBasic.steps.Hooks.InitializeTest(io.cucumber.java.Scenario)&#039;.
It appears there was a problem with the hook definition." type="io.cucumber.core.exception.CucumberException">
      <![CDATA[io.cucumber.core.exception.CucumberException: Could not invoke hook defined at 'com.ea.SpringBasic.steps.Hooks.InitializeTest(io.cucumber.java.Scenario)'.
It appears there was a problem with the hook definition.
at io.cucumber.core.runner.HookDefinitionMatch.couldNotInvokeHook(HookDefinitionMatch.java:30)
at io.cucumber.core.runner.HookDefinitionMatch.runStep(HookDefinitionMatch.java:23)
at io.cucumber.core.runner.ExecutionMode$1.execute(ExecutionMode.java:10)
at io.cucumber.core.runner.TestStep.executeStep(TestStep.java:92)
at io.cucumber.core.runner.TestStep.run(TestStep.java:64)
at io.cucumber.core.runner.TestCase.run(TestCase.java:98)
at io.cucumber.core.runner.Runner.runPickle(Runner.java:71)
at io.cucumber.testng.TestNGCucumberRunner.lambda$runScenario$0(TestNGCucumberRunner.java:116)
at io.cucumber.core.runtime.CucumberExecutionContext.runTestCase(CucumberExecutionContext.java:117)
at io.cucumber.testng.TestNGCucumberRunner.runScenario(TestNGCucumberRunner.java:113)
at io.cucumber.testng.AbstractTestNGCucumberTests.runScenario(AbstractTestNGCucumberTests.java:31)
at java.base/jdk.internal.reflect.DirectMethodHandleAccessor.invoke(DirectMethodHandleAccessor.java:103)
at java.base/java.lang.reflect.Method.invoke(Method.java:580)
at org.testng.internal.MethodInvocationHelper.invokeMethod(MethodInvocationHelper.java:133)
at org.testng.internal.TestInvoker.invokeMethod(TestInvoker.java:598)
at org.testng.internal.TestInvoker.invokeTestMethod(TestInvoker.java:173)
at org.testng.internal.TestMethodWithDataProviderMethodWorker.call(TestMethodWithDataProviderMethodWorker.java:77)
at org.testng.internal.TestMethodWithDataProviderMethodWorker.call(TestMethodWithDataProviderMethodWorker.java:15)
at java.base/java.util.concurrent.FutureTask.run(FutureTask.java:317)
at java.base/java.util.concurrent.Executors$RunnableAdapter.call(Executors.java:572)
at java.base/java.util.concurrent.FutureTask.run(FutureTask.java:317)
at java.base/java.util.concurrent.ThreadPoolExecutor.runWorker(ThreadPoolExecutor.java:1144)
at java.base/java.util.concurrent.ThreadPoolExecutor$Worker.run(ThreadPoolExecutor.java:642)
at java.base/java.lang.Thread.run(Thread.java:1583)
Caused by: io.cucumber.core.backend.CucumberBackendException: Error creating bean with name 'com.ea.SpringBasic.steps.Hooks': Unsatisfied dependency expressed through field 'webDriver'; nested exception is org.springframework.beans.factory.BeanCreationException: Error creating bean with name 'getChromeDriver' defined in class path resource [com/ea/SpringBasic/libraries/WebDriverLibrary.class]: Bean instantiation via factory method failed; nested exception is org.springframework.beans.BeanInstantiationException: Failed to instantiate [org.openqa.selenium.WebDriver]: Factory method 'getChromeDriver' threw exception; nested exception is org.openqa.selenium.SessionNotCreatedException: session not created: This version of ChromeDriver only supports Chrome version 114
Current browser version is 150.0.7871.125 with binary path C:\Program Files\Google\Chrome\Application\chrome.exe
Build info: version: '3.141.59', revision: 'e82be7d358', time: '2018-11-14T08:17:03'
System info: host: 'ANKITA_LENOVO', ip: '192.168.1.12', os.name: 'Windows 11', os.arch: 'amd64', os.version: '10.0', java.version: '21.0.11'
Driver info: driver.version: ChromeDriver
remote stacktrace: Backtrace:
GetHandleVerifier [0x00B2A813+48355]
(No symbol) [0x00ABC4B1]
(No symbol) [0x009C5358]
(No symbol) [0x009E61AC]
(No symbol) [0x009E1EF3]
(No symbol) [0x009E0579]
(No symbol) [0x00A10C55]
(No symbol) [0x00A1093C]
(No symbol) [0x00A0A536]
(No symbol) [0x009E82DC]
(No symbol) [0x009E93DD]
GetHandleVerifier [0x00D8AABD+2539405]
GetHandleVerifier [0x00DCA78F+2800735]
GetHandleVerifier [0x00DC456C+2775612]
GetHandleVerifier [0x00BB51E0+616112]
(No symbol) [0x00AC5F8C]
(No symbol) [0x00AC2328]
(No symbol) [0x00AC240B]
(No symbol) [0x00AB4FF7]
BaseThreadInitThunk [0x76BA5D49+25]
RtlInitializeExceptionChain [0x77A4E00B+107]
RtlGetAppContainerNamedObjectPath [0x77A4DF91+561]

at io.cucumber.spring.SpringFactory.getInstance(SpringFactory.java:165)
at io.cucumber.java.AbstractGlueDefinition.invokeMethod(AbstractGlueDefinition.java:47)
at io.cucumber.java.JavaHookDefinition.execute(JavaHookDefinition.java:59)
at io.cucumber.core.runner.CoreHookDefinition.execute(CoreHookDefinition.java:46)
at io.cucumber.core.runner.HookDefinitionMatch.runStep(HookDefinitionMatch.java:21)
... 22 more
Caused by: org.springframework.beans.factory.UnsatisfiedDependencyException: Error creating bean with name 'com.ea.SpringBasic.steps.Hooks': Unsatisfied dependency expressed through field 'webDriver'; nested exception is org.springframework.beans.factory.BeanCreationException: Error creating bean with name 'getChromeDriver' defined in class path resource [com/ea/SpringBasic/libraries/WebDriverLibrary.class]: Bean instantiation via factory method failed; nested exception is org.springframework.beans.BeanInstantiationException: Failed to instantiate [org.openqa.selenium.WebDriver]: Factory method 'getChromeDriver' threw exception; nested exception is org.openqa.selenium.SessionNotCreatedException: session not created: This version of ChromeDriver only supports Chrome version 114
Current browser version is 150.0.7871.125 with binary path C:\Program Files\Google\Chrome\Application\chrome.exe
Build info: version: '3.141.59', revision: 'e82be7d358', time: '2018-11-14T08:17:03'
System info: host: 'ANKITA_LENOVO', ip: '192.168.1.12', os.name: 'Windows 11', os.arch: 'amd64', os.version: '10.0', java.version: '21.0.11'
Driver info: driver.version: ChromeDriver
remote stacktrace: Backtrace:
GetHandleVerifier [0x00B2A813+48355]
(No symbol) [0x00ABC4B1]
(No symbol) [0x009C5358]
(No symbol) [0x009E61AC]
(No symbol) [0x009E1EF3]
(No symbol) [0x009E0579]
(No symbol) [0x00A10C55]
(No symbol) [0x00A1093C]
(No symbol) [0x00A0A536]
(No symbol) [0x009E82DC]
(No symbol) [0x009E93DD]
GetHandleVerifier [0x00D8AABD+2539405]
GetHandleVerifier [0x00DCA78F+2800735]
GetHandleVerifier [0x00DC456C+2775612]
GetHandleVerifier [0x00BB51E0+616112]
(No symbol) [0x00AC5F8C]
(No symbol) [0x00AC2328]
(No symbol) [0x00AC240B]
(No symbol) [0x00AB4FF7]
BaseThreadInitThunk [0x76BA5D49+25]
RtlInitializeExceptionChain [0x77A4E00B+107]
RtlGetAppContainerNamedObjectPath [0x77A4DF91+561]

at org.springframework.beans.factory.annotation.AutowiredAnnotationBeanPostProcessor$AutowiredFieldElement.resolveFieldValue(AutowiredAnnotationBeanPostProcessor.java:660)
at org.springframework.beans.factory.annotation.AutowiredAnnotationBeanPostProcessor$AutowiredFieldElement.inject(AutowiredAnnotationBeanPostProcessor.java:640)
at org.springframework.beans.factory.annotation.InjectionMetadata.inject(InjectionMetadata.java:119)
at org.springframework.beans.factory.annotation.AutowiredAnnotationBeanPostProcessor.postProcessProperties(AutowiredAnnotationBeanPostProcessor.java:399)
at org.springframework.beans.factory.support.AbstractAutowireCapableBeanFactory.populateBean(AbstractAutowireCapableBeanFactory.java:1413)
at org.springframework.beans.factory.support.AbstractAutowireCapableBeanFactory.doCreateBean(AbstractAutowireCapableBeanFactory.java:601)
at org.springframework.beans.factory.support.AbstractAutowireCapableBeanFactory.createBean(AbstractAutowireCapableBeanFactory.java:524)
at org.springframework.beans.factory.support.AbstractBeanFactory.lambda$doGetBean$1(AbstractBeanFactory.java:374)
at io.cucumber.spring.CucumberScenarioScope.get(CucumberScenarioScope.java:13)
at org.springframework.beans.factory.support.AbstractBeanFactory.doGetBean(AbstractBeanFactory.java:371)
at org.springframework.beans.factory.support.AbstractBeanFactory.getBean(AbstractBeanFactory.java:233)
at org.springframework.beans.factory.support.DefaultListableBeanFactory.resolveNamedBean(DefaultListableBeanFactory.java:1273)
at org.springframework.beans.factory.support.DefaultListableBeanFactory.resolveNamedBean(DefaultListableBeanFactory.java:1234)
at org.springframework.beans.factory.support.DefaultListableBeanFactory.resolveBean(DefaultListableBeanFactory.java:494)
at org.springframework.beans.factory.support.DefaultListableBeanFactory.getBean(DefaultListableBeanFactory.java:349)
at org.springframework.beans.factory.support.DefaultListableBeanFactory.getBean(DefaultListableBeanFactory.java:342)
at org.springframework.context.support.AbstractApplicationContext.getBean(AbstractApplicationContext.java:1171)
at io.cucumber.spring.TestContextAdaptor.getInstance(TestContextAdaptor.java:103)
at io.cucumber.spring.SpringFactory.getInstance(SpringFactory.java:163)
... 26 more
Caused by: org.springframework.beans.factory.BeanCreationException: Error creating bean with name 'getChromeDriver' defined in class path resource [com/ea/SpringBasic/libraries/WebDriverLibrary.class]: Bean instantiation via factory method failed; nested exception is org.springframework.beans.BeanInstantiationException: Failed to instantiate [org.openqa.selenium.WebDriver]: Factory method 'getChromeDriver' threw exception; nested exception is org.openqa.selenium.SessionNotCreatedException: session not created: This version of ChromeDriver only supports Chrome version 114
Current browser version is 150.0.7871.125 with binary path C:\Program Files\Google\Chrome\Application\chrome.exe
Build info: version: '3.141.59', revision: 'e82be7d358', time: '2018-11-14T08:17:03'
System info: host: 'ANKITA_LENOVO', ip: '192.168.1.12', os.name: 'Windows 11', os.arch: 'amd64', os.version: '10.0', java.version: '21.0.11'
Driver info: driver.version: ChromeDriver
remote stacktrace: Backtrace:
GetHandleVerifier [0x00B2A813+48355]
(No symbol) [0x00ABC4B1]
(No symbol) [0x009C5358]
(No symbol) [0x009E61AC]
(No symbol) [0x009E1EF3]
(No symbol) [0x009E0579]
(No symbol) [0x00A10C55]
(No symbol) [0x00A1093C]
(No symbol) [0x00A0A536]
(No symbol) [0x009E82DC]
(No symbol) [0x009E93DD]
GetHandleVerifier [0x00D8AABD+2539405]
GetHandleVerifier [0x00DCA78F+2800735]
GetHandleVerifier [0x00DC456C+2775612]
GetHandleVerifier [0x00BB51E0+616112]
(No symbol) [0x00AC5F8C]
(No symbol) [0x00AC2328]
(No symbol) [0x00AC240B]
(No symbol) [0x00AB4FF7]
BaseThreadInitThunk [0x76BA5D49+25]
RtlInitializeExceptionChain [0x77A4E00B+107]
RtlGetAppContainerNamedObjectPath [0x77A4DF91+561]

at org.springframework.beans.factory.support.ConstructorResolver.instantiate(ConstructorResolver.java:658)
at org.springframework.beans.factory.support.ConstructorResolver.instantiateUsingFactoryMethod(ConstructorResolver.java:638)
at org.springframework.beans.factory.support.AbstractAutowireCapableBeanFactory.instantiateUsingFactoryMethod(AbstractAutowireCapableBeanFactory.java:1334)
at org.springframework.beans.factory.support.AbstractAutowireCapableBeanFactory.createBeanInstance(AbstractAutowireCapableBeanFactory.java:1177)
at org.springframework.beans.factory.support.AbstractAutowireCapableBeanFactory.doCreateBean(AbstractAutowireCapableBeanFactory.java:564)
at org.springframework.beans.factory.support.AbstractAutowireCapableBeanFactory.createBean(AbstractAutowireCapableBeanFactory.java:524)
at org.springframework.beans.factory.support.AbstractBeanFactory.lambda$doGetBean$1(AbstractBeanFactory.java:374)
at org.springframework.boot.test.autoconfigure.web.servlet.WebDriverScope.get(WebDriverScope.java:58)
at org.springframework.beans.factory.support.AbstractBeanFactory.doGetBean(AbstractBeanFactory.java:371)
at org.springframework.beans.factory.support.AbstractBeanFactory.getBean(AbstractBeanFactory.java:208)
at org.springframework.beans.factory.config.DependencyDescriptor.resolveCandidate(DependencyDescriptor.java:276)
at org.springframework.beans.factory.support.DefaultListableBeanFactory.doResolveDependency(DefaultListableBeanFactory.java:1380)
at org.springframework.beans.factory.support.DefaultListableBeanFactory.resolveDependency(DefaultListableBeanFactory.java:1300)
at org.springframework.beans.factory.annotation.AutowiredAnnotationBeanPostProcessor$AutowiredFieldElement.resolveFieldValue(AutowiredAnnotationBeanPostProcessor.java:657)
... 44 more
Caused by: org.springframework.beans.BeanInstantiationException: Failed to instantiate [org.openqa.selenium.WebDriver]: Factory method 'getChromeDriver' threw exception; nested exception is org.openqa.selenium.SessionNotCreatedException: session not created: This version of ChromeDriver only supports Chrome version 114
Current browser version is 150.0.7871.125 with binary path C:\Program Files\Google\Chrome\Application\chrome.exe
Build info: version: '3.141.59', revision: 'e82be7d358', time: '2018-11-14T08:17:03'
System info: host: 'ANKITA_LENOVO', ip: '192.168.1.12', os.name: 'Windows 11', os.arch: 'amd64', os.version: '10.0', java.version: '21.0.11'
Driver info: driver.version: ChromeDriver
remote stacktrace: Backtrace:
GetHandleVerifier [0x00B2A813+48355]
(No symbol) [0x00ABC4B1]
(No symbol) [0x009C5358]
(No symbol) [0x009E61AC]
(No symbol) [0x009E1EF3]
(No symbol) [0x009E0579]
(No symbol) [0x00A10C55]
(No symbol) [0x00A1093C]
(No symbol) [0x00A0A536]
(No symbol) [0x009E82DC]
(No symbol) [0x009E93DD]
GetHandleVerifier [0x00D8AABD+2539405]
GetHandleVerifier [0x00DCA78F+2800735]
GetHandleVerifier [0x00DC456C+2775612]
GetHandleVerifier [0x00BB51E0+616112]
(No symbol) [0x00AC5F8C]
(No symbol) [0x00AC2328]
(No symbol) [0x00AC240B]
(No symbol) [0x00AB4FF7]
BaseThreadInitThunk [0x76BA5D49+25]
RtlInitializeExceptionChain [0x77A4E00B+107]
RtlGetAppContainerNamedObjectPath [0x77A4DF91+561]

at org.springframework.beans.factory.support.SimpleInstantiationStrategy.instantiate(SimpleInstantiationStrategy.java:185)
at org.springframework.beans.factory.support.ConstructorResolver.instantiate(ConstructorResolver.java:653)
... 57 more
Caused by: org.openqa.selenium.SessionNotCreatedException: session not created: This version of ChromeDriver only supports Chrome version 114
Current browser version is 150.0.7871.125 with binary path C:\Program Files\Google\Chrome\Application\chrome.exe
Build info: version: '3.141.59', revision: 'e82be7d358', time: '2018-11-14T08:17:03'
System info: host: 'ANKITA_LENOVO', ip: '192.168.1.12', os.name: 'Windows 11', os.arch: 'amd64', os.version: '10.0', java.version: '21.0.11'
Driver info: driver.version: ChromeDriver
remote stacktrace: Backtrace:
GetHandleVerifier [0x00B2A813+48355]
(No symbol) [0x00ABC4B1]
(No symbol) [0x009C5358]
(No symbol) [0x009E61AC]
(No symbol) [0x009E1EF3]
(No symbol) [0x009E0579]
(No symbol) [0x00A10C55]
(No symbol) [0x00A1093C]
(No symbol) [0x00A0A536]
(No symbol) [0x009E82DC]
(No symbol) [0x009E93DD]
GetHandleVerifier [0x00D8AABD+2539405]
GetHandleVerifier [0x00DCA78F+2800735]
GetHandleVerifier [0x00DC456C+2775612]
GetHandleVerifier [0x00BB51E0+616112]
(No symbol) [0x00AC5F8C]
(No symbol) [0x00AC2328]
(No symbol) [0x00AC240B]
(No symbol) [0x00AB4FF7]
BaseThreadInitThunk [0x76BA5D49+25]
RtlInitializeExceptionChain [0x77A4E00B+107]
RtlGetAppContainerNamedObjectPath [0x77A4DF91+561]

at java.base/jdk.internal.reflect.DirectConstructorHandleAccessor.newInstance(DirectConstructorHandleAccessor.java:62)
at java.base/java.lang.reflect.Constructor.newInstanceWithCaller(Constructor.java:502)
at java.base/java.lang.reflect.Constructor.newInstance(Constructor.java:486)
at org.openqa.selenium.remote.W3CHandshakeResponse.lambda$errorHandler$0(W3CHandshakeResponse.java:62)
at org.openqa.selenium.remote.HandshakeResponse.lambda$getResponseFunction$0(HandshakeResponse.java:30)
at org.openqa.selenium.remote.ProtocolHandshake.lambda$createSession$0(ProtocolHandshake.java:126)
at java.base/java.util.stream.ReferencePipeline$3$1.accept(ReferencePipeline.java:197)
at java.base/java.util.Spliterators$ArraySpliterator.tryAdvance(Spliterators.java:1034)
at java.base/java.util.stream.ReferencePipeline.forEachWithCancel(ReferencePipeline.java:129)
at java.base/java.util.stream.AbstractPipeline.copyIntoWithCancel(AbstractPipeline.java:527)
at java.base/java.util.stream.AbstractPipeline.copyInto(AbstractPipeline.java:513)
at java.base/java.util.stream.AbstractPipeline.wrapAndCopyInto(AbstractPipeline.java:499)
at java.base/java.util.stream.FindOps$FindOp.evaluateSequential(FindOps.java:150)
at java.base/java.util.stream.AbstractPipeline.evaluate(AbstractPipeline.java:234)
at java.base/java.util.stream.ReferencePipeline.findFirst(ReferencePipeline.java:647)
at org.openqa.selenium.remote.ProtocolHandshake.createSession(ProtocolHandshake.java:128)
at org.openqa.selenium.remote.ProtocolHandshake.createSession(ProtocolHandshake.java:74)
at org.openqa.selenium.remote.HttpCommandExecutor.execute(HttpCommandExecutor.java:136)
at org.openqa.selenium.remote.service.DriverCommandExecutor.execute(DriverCommandExecutor.java:83)
at org.openqa.selenium.remote.RemoteWebDriver.execute(RemoteWebDriver.java:552)
at org.openqa.selenium.remote.RemoteWebDriver.startSession(RemoteWebDriver.java:213)
at org.openqa.selenium.remote.RemoteWebDriver.<init>(RemoteWebDriver.java:131)
at org.openqa.selenium.chrome.ChromeDriver.<init>(ChromeDriver.java:181)
at org.openqa.selenium.chrome.ChromeDriver.<init>(ChromeDriver.java:168)
at org.openqa.selenium.chrome.ChromeDriver.<init>(ChromeDriver.java:157)
at com.ea.SpringBasic.libraries.WebDriverLibrary.getChromeDriver(WebDriverLibrary.java:25)
at com.ea.SpringBasic.libraries.WebDriverLibrary$$EnhancerBySpringCGLIB$$d4da2824.CGLIB$getChromeDriver$0(<generated>)
at com.ea.SpringBasic.libraries.WebDriverLibrary$$EnhancerBySpringCGLIB$$d4da2824$$FastClassBySpringCGLIB$$3045b588.invoke(<generated>)
at org.springframework.cglib.proxy.MethodProxy.invokeSuper(MethodProxy.java:244)
at org.springframework.context.annotation.ConfigurationClassEnhancer$BeanMethodInterceptor.intercept(ConfigurationClassEnhancer.java:331)
at com.ea.SpringBasic.libraries.WebDriverLibrary$$EnhancerBySpringCGLIB$$d4da2824.getChromeDriver(<generated>)
at java.base/jdk.internal.reflect.DirectMethodHandleAccessor.invoke(DirectMethodHandleAccessor.java:103)
at java.base/java.lang.reflect.Method.invoke(Method.java:580)
at org.springframework.beans.factory.support.SimpleInstantiationStrategy.instantiate(SimpleInstantiationStrategy.java:154)
... 58 more
]]>
    </error>
  </testcase> <!-- runScenario -->
  <system-out/>
  <testcase classname="com.ea.SpringBasic.runner.TestRunner" name="runScenario" time="19.050">
    <error message="Could not invoke hook defined at &#039;com.ea.SpringBasic.steps.Hooks.InitializeTest(io.cucumber.java.Scenario)&#039;.
It appears there was a problem with the hook definition." type="io.cucumber.core.exception.CucumberException">
      <![CDATA[io.cucumber.core.exception.CucumberException: Could not invoke hook defined at 'com.ea.SpringBasic.steps.Hooks.InitializeTest(io.cucumber.java.Scenario)'.
It appears there was a problem with the hook definition.
at io.cucumber.core.runner.HookDefinitionMatch.couldNotInvokeHook(HookDefinitionMatch.java:30)
at io.cucumber.core.runner.HookDefinitionMatch.runStep(HookDefinitionMatch.java:23)
at io.cucumber.core.runner.ExecutionMode$1.execute(ExecutionMode.java:10)
at io.cucumber.core.runner.TestStep.executeStep(TestStep.java:92)
at io.cucumber.core.runner.TestStep.run(TestStep.java:64)
at io.cucumber.core.runner.TestCase.run(TestCase.java:98)
at io.cucumber.core.runner.Runner.runPickle(Runner.java:71)
at io.cucumber.testng.TestNGCucumberRunner.lambda$runScenario$0(TestNGCucumberRunner.java:116)
at io.cucumber.core.runtime.CucumberExecutionContext.runTestCase(CucumberExecutionContext.java:117)
at io.cucumber.testng.TestNGCucumberRunner.runScenario(TestNGCucumberRunner.java:113)
at io.cucumber.testng.AbstractTestNGCucumberTests.runScenario(AbstractTestNGCucumberTests.java:31)
at java.base/jdk.internal.reflect.DirectMethodHandleAccessor.invoke(DirectMethodHandleAccessor.java:103)
at java.base/java.lang.reflect.Method.invoke(Method.java:580)
at org.testng.internal.MethodInvocationHelper.invokeMethod(MethodInvocationHelper.java:133)
at org.testng.internal.TestInvoker.invokeMethod(TestInvoker.java:598)
at org.testng.internal.TestInvoker.invokeTestMethod(TestInvoker.java:173)
at org.testng.internal.TestMethodWithDataProviderMethodWorker.call(TestMethodWithDataProviderMethodWorker.java:77)
at org.testng.internal.TestMethodWithDataProviderMethodWorker.call(TestMethodWithDataProviderMethodWorker.java:15)
at java.base/java.util.concurrent.FutureTask.run(FutureTask.java:317)
at java.base/java.util.concurrent.Executors$RunnableAdapter.call(Executors.java:572)
at java.base/java.util.concurrent.FutureTask.run(FutureTask.java:317)
at java.base/java.util.concurrent.ThreadPoolExecutor.runWorker(ThreadPoolExecutor.java:1144)
at java.base/java.util.concurrent.ThreadPoolExecutor$Worker.run(ThreadPoolExecutor.java:642)
at java.base/java.lang.Thread.run(Thread.java:1583)
Caused by: io.cucumber.core.backend.CucumberBackendException: Error creating bean with name 'com.ea.SpringBasic.steps.Hooks': Unsatisfied dependency expressed through field 'webDriver'; nested exception is org.springframework.beans.factory.BeanCreationException: Error creating bean with name 'getChromeDriver' defined in class path resource [com/ea/SpringBasic/libraries/WebDriverLibrary.class]: Bean instantiation via factory method failed; nested exception is org.springframework.beans.BeanInstantiationException: Failed to instantiate [org.openqa.selenium.WebDriver]: Factory method 'getChromeDriver' threw exception; nested exception is org.openqa.selenium.SessionNotCreatedException: session not created: This version of ChromeDriver only supports Chrome version 114
Current browser version is 150.0.7871.125 with binary path C:\Program Files\Google\Chrome\Application\chrome.exe
Build info: version: '3.141.59', revision: 'e82be7d358', time: '2018-11-14T08:17:03'
System info: host: 'ANKITA_LENOVO', ip: '192.168.1.12', os.name: 'Windows 11', os.arch: 'amd64', os.version: '10.0', java.version: '21.0.11'
Driver info: driver.version: ChromeDriver
remote stacktrace: Backtrace:
GetHandleVerifier [0x00B2A813+48355]
(No symbol) [0x00ABC4B1]
(No symbol) [0x009C5358]
(No symbol) [0x009E61AC]
(No symbol) [0x009E1EF3]
(No symbol) [0x009E0579]
(No symbol) [0x00A10C55]
(No symbol) [0x00A1093C]
(No symbol) [0x00A0A536]
(No symbol) [0x009E82DC]
(No symbol) [0x009E93DD]
GetHandleVerifier [0x00D8AABD+2539405]
GetHandleVerifier [0x00DCA78F+2800735]
GetHandleVerifier [0x00DC456C+2775612]
GetHandleVerifier [0x00BB51E0+616112]
(No symbol) [0x00AC5F8C]
(No symbol) [0x00AC2328]
(No symbol) [0x00AC240B]
(No symbol) [0x00AB4FF7]
BaseThreadInitThunk [0x76BA5D49+25]
RtlInitializeExceptionChain [0x77A4E00B+107]
RtlGetAppContainerNamedObjectPath [0x77A4DF91+561]

at io.cucumber.spring.SpringFactory.getInstance(SpringFactory.java:165)
at io.cucumber.java.AbstractGlueDefinition.invokeMethod(AbstractGlueDefinition.java:47)
at io.cucumber.java.JavaHookDefinition.execute(JavaHookDefinition.java:59)
at io.cucumber.core.runner.CoreHookDefinition.execute(CoreHookDefinition.java:46)
at io.cucumber.core.runner.HookDefinitionMatch.runStep(HookDefinitionMatch.java:21)
... 22 more
Caused by: org.springframework.beans.factory.UnsatisfiedDependencyException: Error creating bean with name 'com.ea.SpringBasic.steps.Hooks': Unsatisfied dependency expressed through field 'webDriver'; nested exception is org.springframework.beans.factory.BeanCreationException: Error creating bean with name 'getChromeDriver' defined in class path resource [com/ea/SpringBasic/libraries/WebDriverLibrary.class]: Bean instantiation via factory method failed; nested exception is org.springframework.beans.BeanInstantiationException: Failed to instantiate [org.openqa.selenium.WebDriver]: Factory method 'getChromeDriver' threw exception; nested exception is org.openqa.selenium.SessionNotCreatedException: session not created: This version of ChromeDriver only supports Chrome version 114
Current browser version is 150.0.7871.125 with binary path C:\Program Files\Google\Chrome\Application\chrome.exe
Build info: version: '3.141.59', revision: 'e82be7d358', time: '2018-11-14T08:17:03'
System info: host: 'ANKITA_LENOVO', ip: '192.168.1.12', os.name: 'Windows 11', os.arch: 'amd64', os.version: '10.0', java.version: '21.0.11'
Driver info: driver.version: ChromeDriver
remote stacktrace: Backtrace:
GetHandleVerifier [0x00B2A813+48355]
(No symbol) [0x00ABC4B1]
(No symbol) [0x009C5358]
(No symbol) [0x009E61AC]
(No symbol) [0x009E1EF3]
(No symbol) [0x009E0579]
(No symbol) [0x00A10C55]
(No symbol) [0x00A1093C]
(No symbol) [0x00A0A536]
(No symbol) [0x009E82DC]
(No symbol) [0x009E93DD]
GetHandleVerifier [0x00D8AABD+2539405]
GetHandleVerifier [0x00DCA78F+2800735]
GetHandleVerifier [0x00DC456C+2775612]
GetHandleVerifier [0x00BB51E0+616112]
(No symbol) [0x00AC5F8C]
(No symbol) [0x00AC2328]
(No symbol) [0x00AC240B]
(No symbol) [0x00AB4FF7]
BaseThreadInitThunk [0x76BA5D49+25]
RtlInitializeExceptionChain [0x77A4E00B+107]
RtlGetAppContainerNamedObjectPath [0x77A4DF91+561]

at org.springframework.beans.factory.annotation.AutowiredAnnotationBeanPostProcessor$AutowiredFieldElement.resolveFieldValue(AutowiredAnnotationBeanPostProcessor.java:660)
at org.springframework.beans.factory.annotation.AutowiredAnnotationBeanPostProcessor$AutowiredFieldElement.inject(AutowiredAnnotationBeanPostProcessor.java:640)
at org.springframework.beans.factory.annotation.InjectionMetadata.inject(InjectionMetadata.java:119)
at org.springframework.beans.factory.annotation.AutowiredAnnotationBeanPostProcessor.postProcessProperties(AutowiredAnnotationBeanPostProcessor.java:399)
at org.springframework.beans.factory.support.AbstractAutowireCapableBeanFactory.populateBean(AbstractAutowireCapableBeanFactory.java:1413)
at org.springframework.beans.factory.support.AbstractAutowireCapableBeanFactory.doCreateBean(AbstractAutowireCapableBeanFactory.java:601)
at org.springframework.beans.factory.support.AbstractAutowireCapableBeanFactory.createBean(AbstractAutowireCapableBeanFactory.java:524)
at org.springframework.beans.factory.support.AbstractBeanFactory.lambda$doGetBean$1(AbstractBeanFactory.java:374)
at io.cucumber.spring.CucumberScenarioScope.get(CucumberScenarioScope.java:13)
at org.springframework.beans.factory.support.AbstractBeanFactory.doGetBean(AbstractBeanFactory.java:371)
at org.springframework.beans.factory.support.AbstractBeanFactory.getBean(AbstractBeanFactory.java:233)
at org.springframework.beans.factory.support.DefaultListableBeanFactory.resolveNamedBean(DefaultListableBeanFactory.java:1273)
at org.springframework.beans.factory.support.DefaultListableBeanFactory.resolveNamedBean(DefaultListableBeanFactory.java:1234)
at org.springframework.beans.factory.support.DefaultListableBeanFactory.resolveBean(DefaultListableBeanFactory.java:494)
at org.springframework.beans.factory.support.DefaultListableBeanFactory.getBean(DefaultListableBeanFactory.java:349)
at org.springframework.beans.factory.support.DefaultListableBeanFactory.getBean(DefaultListableBeanFactory.java:342)
at org.springframework.context.support.AbstractApplicationContext.getBean(AbstractApplicationContext.java:1171)
at io.cucumber.spring.TestContextAdaptor.getInstance(TestContextAdaptor.java:103)
at io.cucumber.spring.SpringFactory.getInstance(SpringFactory.java:163)
... 26 more
Caused by: org.springframework.beans.factory.BeanCreationException: Error creating bean with name 'getChromeDriver' defined in class path resource [com/ea/SpringBasic/libraries/WebDriverLibrary.class]: Bean instantiation via factory method failed; nested exception is org.springframework.beans.BeanInstantiationException: Failed to instantiate [org.openqa.selenium.WebDriver]: Factory method 'getChromeDriver' threw exception; nested exception is org.openqa.selenium.SessionNotCreatedException: session not created: This version of ChromeDriver only supports Chrome version 114
Current browser version is 150.0.7871.125 with binary path C:\Program Files\Google\Chrome\Application\chrome.exe
Build info: version: '3.141.59', revision: 'e82be7d358', time: '2018-11-14T08:17:03'
System info: host: 'ANKITA_LENOVO', ip: '192.168.1.12', os.name: 'Windows 11', os.arch: 'amd64', os.version: '10.0', java.version: '21.0.11'
Driver info: driver.version: ChromeDriver
remote stacktrace: Backtrace:
GetHandleVerifier [0x00B2A813+48355]
(No symbol) [0x00ABC4B1]
(No symbol) [0x009C5358]
(No symbol) [0x009E61AC]
(No symbol) [0x009E1EF3]
(No symbol) [0x009E0579]
(No symbol) [0x00A10C55]
(No symbol) [0x00A1093C]
(No symbol) [0x00A0A536]
(No symbol) [0x009E82DC]
(No symbol) [0x009E93DD]
GetHandleVerifier [0x00D8AABD+2539405]
GetHandleVerifier [0x00DCA78F+2800735]
GetHandleVerifier [0x00DC456C+2775612]
GetHandleVerifier [0x00BB51E0+616112]
(No symbol) [0x00AC5F8C]
(No symbol) [0x00AC2328]
(No symbol) [0x00AC240B]
(No symbol) [0x00AB4FF7]
BaseThreadInitThunk [0x76BA5D49+25]
RtlInitializeExceptionChain [0x77A4E00B+107]
RtlGetAppContainerNamedObjectPath [0x77A4DF91+561]

at org.springframework.beans.factory.support.ConstructorResolver.instantiate(ConstructorResolver.java:658)
at org.springframework.beans.factory.support.ConstructorResolver.instantiateUsingFactoryMethod(ConstructorResolver.java:486)
at org.springframework.beans.factory.support.AbstractAutowireCapableBeanFactory.instantiateUsingFactoryMethod(AbstractAutowireCapableBeanFactory.java:1334)
at org.springframework.beans.factory.support.AbstractAutowireCapableBeanFactory.createBeanInstance(AbstractAutowireCapableBeanFactory.java:1177)
at org.springframework.beans.factory.support.AbstractAutowireCapableBeanFactory.doCreateBean(AbstractAutowireCapableBeanFactory.java:564)
at org.springframework.beans.factory.support.AbstractAutowireCapableBeanFactory.createBean(AbstractAutowireCapableBeanFactory.java:524)
at org.springframework.beans.factory.support.AbstractBeanFactory.lambda$doGetBean$1(AbstractBeanFactory.java:374)
at org.springframework.boot.test.autoconfigure.web.servlet.WebDriverScope.get(WebDriverScope.java:58)
at org.springframework.beans.factory.support.AbstractBeanFactory.doGetBean(AbstractBeanFactory.java:371)
at org.springframework.beans.factory.support.AbstractBeanFactory.getBean(AbstractBeanFactory.java:208)
at org.springframework.beans.factory.config.DependencyDescriptor.resolveCandidate(DependencyDescriptor.java:276)
at org.springframework.beans.factory.support.DefaultListableBeanFactory.doResolveDependency(DefaultListableBeanFactory.java:1380)
at org.springframework.beans.factory.support.DefaultListableBeanFactory.resolveDependency(DefaultListableBeanFactory.java:1300)
at org.springframework.beans.factory.annotation.AutowiredAnnotationBeanPostProcessor$AutowiredFieldElement.resolveFieldValue(AutowiredAnnotationBeanPostProcessor.java:657)
... 44 more
Caused by: org.springframework.beans.BeanInstantiationException: Failed to instantiate [org.openqa.selenium.WebDriver]: Factory method 'getChromeDriver' threw exception; nested exception is org.openqa.selenium.SessionNotCreatedException: session not created: This version of ChromeDriver only supports Chrome version 114
Current browser version is 150.0.7871.125 with binary path C:\Program Files\Google\Chrome\Application\chrome.exe
Build info: version: '3.141.59', revision: 'e82be7d358', time: '2018-11-14T08:17:03'
System info: host: 'ANKITA_LENOVO', ip: '192.168.1.12', os.name: 'Windows 11', os.arch: 'amd64', os.version: '10.0', java.version: '21.0.11'
Driver info: driver.version: ChromeDriver
remote stacktrace: Backtrace:
GetHandleVerifier [0x00B2A813+48355]
(No symbol) [0x00ABC4B1]
(No symbol) [0x009C5358]
(No symbol) [0x009E61AC]
(No symbol) [0x009E1EF3]
(No symbol) [0x009E0579]
(No symbol) [0x00A10C55]
(No symbol) [0x00A1093C]
(No symbol) [0x00A0A536]
(No symbol) [0x009E82DC]
(No symbol) [0x009E93DD]
GetHandleVerifier [0x00D8AABD+2539405]
GetHandleVerifier [0x00DCA78F+2800735]
GetHandleVerifier [0x00DC456C+2775612]
GetHandleVerifier [0x00BB51E0+616112]
(No symbol) [0x00AC5F8C]
(No symbol) [0x00AC2328]
(No symbol) [0x00AC240B]
(No symbol) [0x00AB4FF7]
BaseThreadInitThunk [0x76BA5D49+25]
RtlInitializeExceptionChain [0x77A4E00B+107]
RtlGetAppContainerNamedObjectPath [0x77A4DF91+561]

at org.springframework.beans.factory.support.SimpleInstantiationStrategy.instantiate(SimpleInstantiationStrategy.java:185)
at org.springframework.beans.factory.support.ConstructorResolver.instantiate(ConstructorResolver.java:653)
... 57 more
Caused by: org.openqa.selenium.SessionNotCreatedException: session not created: This version of ChromeDriver only supports Chrome version 114
Current browser version is 150.0.7871.125 with binary path C:\Program Files\Google\Chrome\Application\chrome.exe
Build info: version: '3.141.59', revision: 'e82be7d358', time: '2018-11-14T08:17:03'
System info: host: 'ANKITA_LENOVO', ip: '192.168.1.12', os.name: 'Windows 11', os.arch: 'amd64', os.version: '10.0', java.version: '21.0.11'
Driver info: driver.version: ChromeDriver
remote stacktrace: Backtrace:
GetHandleVerifier [0x00B2A813+48355]
(No symbol) [0x00ABC4B1]
(No symbol) [0x009C5358]
(No symbol) [0x009E61AC]
(No symbol) [0x009E1EF3]
(No symbol) [0x009E0579]
(No symbol) [0x00A10C55]
(No symbol) [0x00A1093C]
(No symbol) [0x00A0A536]
(No symbol) [0x009E82DC]
(No symbol) [0x009E93DD]
GetHandleVerifier [0x00D8AABD+2539405]
GetHandleVerifier [0x00DCA78F+2800735]
GetHandleVerifier [0x00DC456C+2775612]
GetHandleVerifier [0x00BB51E0+616112]
(No symbol) [0x00AC5F8C]
(No symbol) [0x00AC2328]
(No symbol) [0x00AC240B]
(No symbol) [0x00AB4FF7]
BaseThreadInitThunk [0x76BA5D49+25]
RtlInitializeExceptionChain [0x77A4E00B+107]
RtlGetAppContainerNamedObjectPath [0x77A4DF91+561]

at java.base/jdk.internal.reflect.DirectConstructorHandleAccessor.newInstance(DirectConstructorHandleAccessor.java:62)
at java.base/java.lang.reflect.Constructor.newInstanceWithCaller(Constructor.java:502)
at java.base/java.lang.reflect.Constructor.newInstance(Constructor.java:486)
at org.openqa.selenium.remote.W3CHandshakeResponse.lambda$errorHandler$0(W3CHandshakeResponse.java:62)
at org.openqa.selenium.remote.HandshakeResponse.lambda$getResponseFunction$0(HandshakeResponse.java:30)
at org.openqa.selenium.remote.ProtocolHandshake.lambda$createSession$0(ProtocolHandshake.java:126)
at java.base/java.util.stream.ReferencePipeline$3$1.accept(ReferencePipeline.java:197)
at java.base/java.util.Spliterators$ArraySpliterator.tryAdvance(Spliterators.java:1034)
at java.base/java.util.stream.ReferencePipeline.forEachWithCancel(ReferencePipeline.java:129)
at java.base/java.util.stream.AbstractPipeline.copyIntoWithCancel(AbstractPipeline.java:527)
at java.base/java.util.stream.AbstractPipeline.copyInto(AbstractPipeline.java:513)
at java.base/java.util.stream.AbstractPipeline.wrapAndCopyInto(AbstractPipeline.java:499)
at java.base/java.util.stream.FindOps$FindOp.evaluateSequential(FindOps.java:150)
at java.base/java.util.stream.AbstractPipeline.evaluate(AbstractPipeline.java:234)
at java.base/java.util.stream.ReferencePipeline.findFirst(ReferencePipeline.java:647)
at org.openqa.selenium.remote.ProtocolHandshake.createSession(ProtocolHandshake.java:128)
at org.openqa.selenium.remote.ProtocolHandshake.createSession(ProtocolHandshake.java:74)
at org.openqa.selenium.remote.HttpCommandExecutor.execute(HttpCommandExecutor.java:136)
at org.openqa.selenium.remote.service.DriverCommandExecutor.execute(DriverCommandExecutor.java:83)
at org.openqa.selenium.remote.RemoteWebDriver.execute(RemoteWebDriver.java:552)
at org.openqa.selenium.remote.RemoteWebDriver.startSession(RemoteWebDriver.java:213)
at org.openqa.selenium.remote.RemoteWebDriver.<init>(RemoteWebDriver.java:131)
at org.openqa.selenium.chrome.ChromeDriver.<init>(ChromeDriver.java:181)
at org.openqa.selenium.chrome.ChromeDriver.<init>(ChromeDriver.java:168)
at org.openqa.selenium.chrome.ChromeDriver.<init>(ChromeDriver.java:157)
at com.ea.SpringBasic.libraries.WebDriverLibrary.getChromeDriver(WebDriverLibrary.java:25)
at com.ea.SpringBasic.libraries.WebDriverLibrary$$EnhancerBySpringCGLIB$$d4da2824.CGLIB$getChromeDriver$0(<generated>)
at com.ea.SpringBasic.libraries.WebDriverLibrary$$EnhancerBySpringCGLIB$$d4da2824$$FastClassBySpringCGLIB$$3045b588.invoke(<generated>)
at org.springframework.cglib.proxy.MethodProxy.invokeSuper(MethodProxy.java:244)
at org.springframework.context.annotation.ConfigurationClassEnhancer$BeanMethodInterceptor.intercept(ConfigurationClassEnhancer.java:331)
at com.ea.SpringBasic.libraries.WebDriverLibrary$$EnhancerBySpringCGLIB$$d4da2824.getChromeDriver(<generated>)
at java.base/jdk.internal.reflect.DirectMethodHandleAccessor.invoke(DirectMethodHandleAccessor.java:103)
at java.base/java.lang.reflect.Method.invoke(Method.java:580)
at org.springframework.beans.factory.support.SimpleInstantiationStrategy.instantiate(SimpleInstantiationStrategy.java:154)
... 58 more
]]>
    </error>
  </testcase> <!-- runScenario -->
  <system-out/>
</testsuite> <!-- com.ea.SpringBasic.runner.TestRunner -->
